bhhchK0R7GruSUtTtrnSCnnS0qFOCTtD1zfBfaTCGEWyZJMNZzA2hNOc5uPAjCdD4hEbhxCM3ZEwdQe6KDzQqjRN4cnfEPiAWLA66ALWAiPEfnc4NRjqQzDK6eQdwEZ3MCxhbEh4DdCjAPu5cONh2AzZNMJZyWEGCTafBfz1DtTCOFq0SnnCSnrtTtUSurG7R0Khchhb
DJa4NVa8Y4I4Vyn7KZ1MhaqWhqnSQlwuvvrDLQBeNjbdcnBLh3xo1iECxRvj6m4scNUn8vrL8Rpa7PLFmDTGKxjdk8mhkizMVOYUUYOVMzikhm8kdjxKGTDmFLP7apR8Lrv8nUNcs4m6jvRxCEi1ox3hLBncdbjNeBQLDrvvuwlQSnqhWqahM1ZK7nyV4I4Y8aVN4aJD
KAC2PC08o9KQSr2K18UYk3eSVPjej8HS9kooLimYHWk0jGgDF14pWaCnPLQXJxLiCYvnBChjzqEcWJE3ecL1coirYYJDQuKsNb9pp9bNsKuQDJYYrioc1Lce3EJWcEqzjhCBnvYCiLxJXQLPnCaWp41FDgGj0kWHYmiLook9SH8jejPVSe3kYU81K2rSQK9o80CP2CAK
GX3W26NFCjJEUFgCNw2gA7VuJjCJIrmoIIEEGskJ2SnPxsrFjMKjlB4TJ74sPjayrE3XwGbrYNcQ9sVj9brlCo7mM263e6TvcQnyynQcvT6e362Mm7oClrb9jVs9QcNYrbGwX3EryajPs47JT4BljKMjFrsxPnS2JksGEEIIomrIJCjJuV7Ag2wNCgFUEJjCFN62W3XG
ZY9gvw7dOvG6Eruqt4qINDbI0DPCDao4XMdNCAQRVwOziDj19ydM4evxHfYkeih3UkjXJYj8PXyx0bSzZUGVX1MaAgjEnqadzjZDDZjzdaqnEjgAaM1XVGUZzSb0xyXP8jYJXjkU3hiekYfHxve4Mdy91jDizOwVRQACNdMX4oaDCPD0IbDNIq4tqurE6GvOd7wvg9YZ
CCRzZJu12nuQTKiPwhq5quKbtMz5g38I8QBX0vsvdHGxrNGIUVfFKPF6391C2YKzJmQEcezEK933NdedYjjDyOBUN2wJUAd8mTdnndTm8dAUJw2NUBOyDjjYdedN339KEzecEQmJzKY2C1936FPKFfVUIGNrxGHdvsv0XBQ8I83g5zMtbKuq5qhwPiKTQun21uJZzRCC
4Rc3o6kqcMjLVMDenyRio15p720r6ijz0kUii8XKLBvcnXfzPxc7R7MpZHbWqjQkTFs1EJfqlzrxRwrcntb9sMOLUpDEytOLYAH66HAYLOtyEDpULOMs9btncrwRxrzlqfJE1sFTkQjqWbHZpM7R7cxPzfXncvBLKX8iiUk0zji6r027p51oiRyneDMVLjMcqk6o3cR4
MnUh6nYT80AR2AEHoq46TAViocAoI8YVln3I0u4Yp5lk4PsL9oISo814A0ljyD9Er0nlOjE7FOid8zN6hwQvVmSwg789B6eSyq5HH5qySe6B987gwSmVvQwh6Nz8diOF7EjOln0rE9Dyjl0A418oSIo9LsP4kl5pY4u0I3nlVY8IoAcoiVAT64qoHEA2RA08TYn6hUnM
ZCgpTFyq3TNbYBdgeTMdSUsE0mwjLdYfE7TxeMi9bvbZWda0VM6Ibpm01dEgf4Kj28baLI8m78FucFpWrMaS1mNwos3SPh3Kg5JQQJ5gK3hPS3sowNm1SaMrWpFcuF87m8ILab82jK4fgEd10mpbI6MV0adWZbvb9iMexT7EfYdLjwm0EsUSdMTegdBYbNT3qyFTpgCZ
hfMhycpLViYz1eDpud6lV96VZAmrinePrPWkRhVIooCJsFXhIwr8UpTopAAxNDH7s7IfE7NSMp28Uuf7kW39FQnTrMl8qR5cqFhUUhFqc5Rq8lMrTnQF93Wk7fuU82pMSN7EfI7s7HDNxAApoTpU8rwIhXFsJCooIVhRkWPrPenirmAZV69Vl6dupDe1zYiVLpcyhMfh
KVwgmMiqERNEXRu4BcH7v9cCr4CkhHDQ40WjG7ZLQhpiYdF1FmzZK023X6F9FIQCChljgFUWLe7fhd9LpzgZuCVLA2LgE2HhdRQiiQRdhH2EgL2ALVCuZgzpL9dhf7eLWUFgjlhCCQIF9F6X320KZzmF1FdYiphQLZ7GjW04QDHhkC4rCc9v7HcB4uRXENREqiMmgwVK
K8a0ARlNTR4bdclUfQb9iFfLW7lSs3A41Ax0rCIgufhwgrLlBnJJSOvjMa27431W2tsNVZSJ7YAEJLplYYvlHlTtLORIkN8gArSvvSrAg8NkIROLtTlHlvYYlpLJEAY7JSZVNst2W13472aMjvOSJJnBlLrgwhfugICr0xA14A3sSl7WLfFi9bQfUlcdb4RTNlRA0a8K
Tn7dpbmV7cwR6L1paL0k1dxgF86yU8wjlTL0TXqsZhDWs6gsIb4eeuKIsHBhGWpRKZm6r4PLdsCvQIhzIe5MxhvJNVQUM9gxZrvLLvrZxg9MUQVNJvhxM5eIzhIQvCsdLP4r6mZKRpWGhBHsIKuee4bIsg6sWDhZsqXT0LTljw8Uy68Fgxd1k0Lap1L6Rwc7Vmbpd7nT
tdQcNugwFCPbVu9UlTicXjlyodcaXdRKGCMtVsk3U03ko29yOh0hqf86ib59dpjJRU4HHge2bAgo1ghkmcr2hqZoqxMtgV6xLz9tt9zLx6VgtMxqoZqh2rcmkhg1ogAb2egHH4URJjpd95bi68fqh0hOy92ok30U3ksVtMCGKRdXacdoyljXciTlU9uVbPCFwguNcQdt
aO0vZFOkcKopfQyocGdZDyWs0EABskvRYpGsUu5V9KFf08s4FvwiNN0IrZkDE9v5N3PDrnzQWaUs6HoC4fKKtfsf73HD25bIYQmKKmQYIb52DH37fsftKKf4CoH6sUaWQznrDP3N5v9EDkZrI0NNiwvF4s80fFK9V5uUsGpYRvksBAE0sWyDZdGcoyQfpoKckOFZv0Oa
OoGr14Xn4hg3FfWwUv3Ui6NL3jY06ToLdU65RUlO3qKCvcXJwT97RmjOvdJsVX7Xn1V8QBNmQyNFZGPP0ooM0X0pZfcq3Ajj37immi73jjA3qcfZp0X0Moo0PPGZFNyQmNBQ8V1nX7XVsJdvOjmR79TwJXcvCKq3OlUR56UdLoT60Yj3LN6iU3vUwWfF3gh4nX41rGoO
amLkRyAHKrpfkl7ughESV635ATYTCjeBvOLGhmOR75WHIU3N3AaR54p6QIQsRTuhdANkn23LzSsBhOODoOvLLeI2nyO7MDEqeSzrrzSeqEDM7Oyn2IeLLvOoDOOhBsSzL32nkNAdhuTRsQIQ6p45RaA3N3UIHW57ROmhGLOvBejCTYTA536VSEhgu7lkfprKHAyRkLma
v3GIOHO5wsKFHWRL8NXX2Ve90teMNuZCqbk7IY07LgEs3v6ZCUs8lV7FJBrwvLYfmDCU46Siex09nyzOnLNycL5KmpccZZgG7j1ZZ1j7GgZZccpmK5LcyNLnOzyn90xeiS64UCDmfYLvwrBJF7Vl8sUCZ6v3sEgL70YI7kbqCZuNMet09eV2XXN8LRWHFKsw5OHOIG3v
xZ8ctuPiPJ4eXUNlV3KchWQ2sr55294tz2uNPEUaNRdggrq3M27TRopDaMb1L7NFYdsjGiItYLy83JZiEX4wGlZhW1Bdypisrz2xx2zrsipydB1WhZlGw4XEiZJ38yLYtIiGjsdYFN7L1bMaDpoRT72M3qrggdRNaUEPNu2zt49255rs2QWhcK3VlNUXe4JPiPutc8Zx
VgwgNgmJ6QbZZJL6QwAkNAT4sxluvTeLZ0rIA6r7pRXI2dFLzgVHFJeyBomwdqC3KTekrVHai8IdcoO2tedyNgqOu2FwLitv2xammax2vtiLwF2uOqgNydet2OocdI8iaHVrkeTK3CqdwmoByeJFHVgzLFd2IXRp7r6AIr0ZLeTvulxs4TANkAwQ6LJZZbQ6JmgNgwgV
GmUgUWiCgDUJFNxL5G9zlwFTk1OcZ1paHDf21N5AqskVaCb5iAWTV2hAWVcqqrQWUVSpdpqsc0Ib3I8fIVY8r9aIvbyfrJ3F8ovCCvo8F3JrfybvIa9r8YVIf8I3bI0csqpdpSVUWQrqqcVWAh2VTWAi5bCaVksqA5N12fDHap1ZcO1kTFwlz9G5LxNFJUDgCiWUgUmG
QmDqOh9T8DTGvdCuAMrIkphFwXx8prOA6sPLYOAWsu7hwb2WMN8V3G3S6SrnEAnBs5NLlnc6cAfXAApnoNeKt94rso7VoLxbiFLTTLFibxLoV7osr49tKeNonpAAXfAc6cnlLN5sBnAEnrS6S3G3V8NMW2bwh7usWAOYLPs6AOrp8xXwFhpkIrMAuCdvGTD8T9hOqDmQ
NQuNvMnV11Ej7o26lNpYmFGW3H9CssuAeinzT1OOvtWSbtPlB9EMeleARCdEvWEy7QrSmAcbSYTTMe7nDCZHM7I9AKdUbHNaX9SEES9XaNHbUdKA9I7MHZCDn7eMTTYSbcAmSrQ7yEWvEdCRAeleME9BlPtbSWtvOO1TznieAussC9H3WGFmYpNl62o7jE11VnMvNuQN
09iK88dYoLfkSDINAxsfGeNA5j7e7NNYmUdLTGfcsjlFMTsNlERRH8reiOiF4V9JKCv8jza0DLaq8r5jVo26nmCU2J0y9YBk1ViEEiV1kBY9y0J2UCmn62oVj5r8qaLD0azj8vCKJ9V4FiOier8HRRElNsTMFljscfGTLdUmYNN7e7j5ANeGfsxANIDSkfLoYd88Ki90
38dGOplgct9wnoJkmNju7yXgdiwEUvuruXWDGCIIUHaBVJLBwTVvMo0pWrTmgH40aS5gVfNkMNmcWWDMKzBxH3g8MYkSBgNAYkFooFkYANgBSkYM8g3HxBzKMDWWcmNMkNfVg5Sa04HgmTrWp0oMvVTwBLJVBaHUIICGDWXuruvUEwidgXy7ujNmkJonw9tcglpOGd83
TX4bE7W0cEF1g4ddcbO2lC3qp2IZcxjVPfWtDOnfssAypD0qDklNMH71ehuf661NCrAg9olRbKlpnf8QpK81s3WveK0bjUpLgOQFFQOgLpUjb0KevW3s18KpQ8fnplKbRlo9gArCN166fuhe17HMNlkDq0DpyAssfnODtWfPVjxcZI2pq3Cl2Obcdd4g1FEc0W7Eb4XT
2X3GCLuHkFxUeRHAi4Dtwf2ltGrCxW9tp20QhoYrTQFWcnXKj059aYKta3vwsTJBPEsVRLGf2m45YUiBPEbp4Lc2hxsYL301amqRRqma103LYsxh2cL4pbEPBiUY54m2fGLRVsEPBJTswv3atKYa950jKXncWFQTrYohQ02pt9WxCrGtl2fwtD4iAHReUxFkHuLCG3X2
RofMSs2OWvvLLUAKpKI1yfZd78p0eRjVancS86cVTWbamcJ2LswfWQivpWptjyIigK2eH4Z2T22a6E2IxsNOdvDsMSfUlM6qwyU77Uywq6MlUfSMsDvdONsxI2E6a22T2Z4He2KgiIyjtpWpviQWfwsL2JcmabWTVc68ScnaVjRe0p87dZfy1IKpKAULLvvWO2sSMfoR
GzA1N1RONeIp6I0npYtcsgdlg2IX4rgdkh5XCPgPSp9QWY5FSQhEVjO3fXtBIYDs9bKcPqQdaqtVjQ33BCaxLptPGhrpATcavmBEEBmvacTAprhGPtpLxaCB33QjVtqadQqPcKb9sDYIBtXf3OjVEhQSF5YWQ9pSPgPCX5hkdgr4XI2gldgsctYpn0I6pIeNOR1N1AzG
DdpMV24xPrvTnAP8EwRL3sHopfN3R7aVBpcWK8O0PeO5E61jTNuq937OAmlsKkHLZJdeiQ6XUnuykPB74Vo4rMLQXwCcbKNZtP5225PtZNKbcCwXQLMr4oV47BPkyunUX6QiedJZLHkKslmAO739quNTj16E5OeP0O8KWcpBVa7R3NfpoHs3LRwE8PAnTvrPx42VMpdD
2TviIOsYpqUF6RVJ5hcTIeTtrNHBlDcgWXo8gAWvPMZN8qx3wyp94esnQYo32qcSIqrNPIDav6MUnDqe3AdyDugtNuOJEQ3mbN0QQ0Nbm3QEJOuNtguDydA3eqDnUM6vaDIPNrqIScq23oYQnse49pyw3xq8NZMPvWAg8oXWgcDlBHNrtTeITch5JVR6FUqpYsOIivT2
CeJVygWeLkg1E9PGsS2Jywop5fK3m4ooaWEx602IfbeIATotHk3AalO3qzy3vgKu6om0jHDnIHVI0E3CNycNdqKSkCp9iZSfI8aQQa8IfSZi9pCkSKqdNcyNC3E0IVHInDHj0mo6uKgv3yzq3OlaA3kHtoTAIebfI206xEWaoo4m3Kf5powyJ2SsGP9E1gkLeWgyVJeC
C5oktWfWsheKiRNy2aC6pbgJTkrSkByM8GVr4ZHPBLzj5GcYhDVwE3aYGqlPrD2qkRBhMjVnvOwRVXl30cRa5QXDcDsshOdqaDXMMXDaqdOhssDcDXQ5aRc03lXVRwOvnVjMhBRkq2DrPlqGYa3EwVDhYcG5jzLBPHZ4rVG8MyBkSrkTJgbp6Ca2yNRiKehsWfWtko5C
ly8eEEiWQ2RAawD1GC4Xi0BPZcbWODzZ4y5A3FxnbjnbaP1FSW4ZR8jlbjdOn4JjUhJrmA7nJLnI2joNAKHRJQ5J0Ayh4BqQjZCuuCZjQqB4hyA0J5QJRHKANoj2InLJn7AmrJhUjJ4nOdjblj8RZ4WSF1PabnjbnxF3A5y4ZzDOWbcZPB0iX4CG1DwaAR2QWiEEe8yl
i722hsA0acYsPyPTvQvyRQymHtZ7mSkuqfpXwPRwsKjBDXUXiKqY1iFd28AisK3cOLZF3L4NwfoY4DQeNB4jJClEbLnsvIuEuojPPjouEuIvsnLbElCJj4BNeQD4YofwN4L3FZLOc3KsiA82dFi1YqKiXUXDBjKswRPwXpfqukSm7ZtHmyQRyvQvTPyPsYca0Ash227i
g6PKMiHpYK50HFDJQIK2U5q6RTsA6czeaJNLru2KaYgH7Jrpr3KGy1ElPwKNyfQyN7e9S8JSWO1vyLFJIpqAKvLzmVGf1W4ivahIIhavi4W1fGVmzLvKAqpIJFLyv1OWSJ8S9e7NyQfyNKwPlE1yGK3rprJ7HgYaK2urLNJaezc6AsTR6q5U2KIQJDFH05KYpHiMKP6g
9Ns5hKijVPcXKcZxQ1vBu8VyprcYnZznimJoVrWMBXel07dKYYmMXBFGti8aCYnJFwW1iohIhlucIwLbPWNhYTML1mL4EzGjp4ExxE4pjGzE4Lm1LMTYhNWPbLwIculhIhoi1WwFJnYCa8itGFBXMmYYKd70leXBMWrVoJminzZnYcrpyV8uBv1QxZcKXcPVjiKh5sN9
LASVTT9laAZWNbpcM13XHY4A8FP2kGHvgzLzMkfLl7CY9RZLMwetOBSNhcJqIQgNJrHV2LchKE9jVyUcozv5ZIlAKuQsEw9niHDeeDHin9wEsQuKAlIZ5vzocUyVj9EKhcL2VHrJNgQIqJchNSBOtewMLZR9YC7lLfkMzLzgvHGk2PF8A4YHX31McpbNWZAal9TTVSAL
pk9jCXm4jy3tiYu2fyXGoy3CxoP8KthZ7GCb8N6iGZ0oTpkXhd8V0ZyrHHPs2WLZ6O124Xdds7rFM26t62JxVBI7jyQeP37NlyJhhJylN73PeQyj7IBVxJ26t62MFr7sddX421O6ZLW2sPHHryZ0V8dhXkpTo0ZGi6N8bCG7ZhtK8PoxC3yoGXyf2uYit3yj4mXCj9kp
Mkdk0IwWgkTcTmyuUV4MhB4C8JNWsuh76jjYsapxjDz3OrQdHMPooMQMv7diRkhPTpjFox5x2VTJienOQ558JNK9mNh7Wnnk4VPkkPV4knnW7hNm9KNJ855QOneiJTV2x5xoFjpTPhkRid7vMQMooPMHdQrO3zDjxpasYjj67husWNJ8C4BhM4VUuymTcTkgWwI0kdkM
mbIcTSjXAXi4UhGdQFo8MLvZXaVop920AE2uxfMW4TuR0ZTL8BkLmafD8ZsnzoIZRENjjz9goTWjNkTMK7XW5302VmjPzQJmUxu77uxUmJQzPjmV2035WX7KMTkNjWTog9zjjNERZIoznsZ8DfamLkB8LTZ0RuT4WMfxu2EA029poVaXZvLM8oFQdGhU4iXAXjSTcIbm
TD9HzHve2BOzyfWu8RKK20ELDPb0E7LXbla0Su8NUMHoQ7dqqN1mH8yKpyFSwrlx2kSN8R2u7dcpBfaRRZ6yzvDiniZezg3vqpCOOCpqv3gzeZiniDvzy6ZRRafBpcd7u2R8NSk2xlrwSFypKy8Hm1Nqqd7QoHMUN8uS0albXL7E0bPDLE02KKR8uWfyzOB2evHzH9DT
8D8bEOCINt0HrsAgvIT6dXXiuMXePheNJdNnQqV7ePfUCF1XopwqhNY2zq9IwCwAFENVTdtxSyMv7inLWe37QuYKfyT01J1ANivccviNA1J10TyfKYuQ73eWLni7vMySxtdTVNEFAwCwI9qz2YNhqwpoX1FCUfPe7VqQnNdJNehPeXMuiXXd6TIvgAsrH0tNICOEb8D8
fJu8SyeNDWMRiw8JmmuShVS5SvpnrUUv6ktQdX6FpKwwAvALcT8iksF5huJxI9mFIawKWuqg7h2842k6PjGz0lVb8AyG8emHEcs00scEHme8GyA8bVl0zGjP6k2482h7gquWKwaIFm9IxJuh5Fski8TcLAvAwwKpF6XdQtk6vUUrnpvS5SVhSummJ8wiRMWDNeyS8uJf
aeq11HOTlPbcQ3Yml9N9RwGnPqtRqogpSVKn6yBJIdLz7FFJetiUjpCY8vkpeq8VGICeAEMJGxCe3iNb0VVdEY3dNFrRwPH3yk9zz9ky3HPwRrFNd3YEdVV0bNi3eCxGJMEAeCIGV8qepkv8YCpjUiteJFF7zLdIJBy6nKVSpgoqRtqPnGwR9N9lmY3QcbPlTOH11qea
mCtEfxbMEcGZyk8QFb8LSPBdx60B6tojVBN0YpH7qoxjyvY6WXJkIlm9ihafZNOqp4lIlRg3a4FxS9vkw9t7J85sg3xAkGqzd0cooc0dzqGkAx3gs58J7t9wkv9SxF4a3gRlIl4pqONZfahi9mlIkJXW6Yvyjxoq7HpY0NBVjot6B06xdBPSL8bFQ8kyZGcEMbxfEtCm
