UROhJLeO4ZKy7E6HSZV7VYzDqVibqHUgzemCpqrmJ2ei9cOs2frR8kvo94pqDev5hc9vsPb2LfdKHs5DwNuvxjdVgRGkV3G55ftpptf55G3VkGRgVdjxvuNwD5sHKdfL2bPsv9ch5veDqp49ovk8Rrf2sOc9ie2JmrqpCmezgUHqbiVqDzYV7VZSH6E7yKZ4OeLJhORU
c9IF0S2l59HLY62kyJvpbusrCcJNx40y1e5UWzAUXibrg216FPmFD6wG8Atw3oowsLLjEm53t5NyYjw6ydd3azd8YwuuEdlVNW9RR9WNVldEuuwY8dza3ddy6wjYyN5t35mEjLLswoo3wtA8Gw6DFmPF612grbiXUAzWU5e1y04xNJcCrsubpvJyk26YLH95l2S0FI9c
2oWY1PrfFO4HRYHK2FerZyV3eMjZl16HJTaFdQJHaFoR8V2z28KUxbr0M0UxvR97f7dhpLOor5APs1JnZuBQUSLbMayCQWBUUD3EE3DUUBWQCyaMbLSUQBuZnJ1sPA5roOLphd7f79RvxU0M0rbxUK82z2V8RoFaHJQdFaTJH61lZjMe3VyZreF2KHYRH4OFfrP1YWo2
ktBGSrXN0FiohzCYEdGf2iUsIKHMgl4Q65xqop7iTGw29yTE2zIwB6jkHPWo2S9yPVj7FHGZN3UnTiRPC0heXpnaaeo0VMtgD3EiiE3DgtMV0oeaanpXeh0CPRiTnU3NZGHF7jVPy9S2oWPHkj6BwIz2ETy92wGTi7poqx56Q4lgMHKIsUi2fGdEYCzhoiF0NXrSGBtk
v67z4s96NJQP0C3Wh3SYbiZwurEjRNcim9ciQBG9kwpEzK0bhoYhvt4jFbSwOU8ZuBdEcIeM9sqY3lYCzRIOEgXjglAU99OSaRXCCXRaSO99UAlgjXgEOIRzCYl3Yqs9MeIcEdBuZ8UOwSbFj4tvhYohb0KzEpwk9GBQic9micNRjEruwZibYS3hW3C0PQJN69s4z76v
wzFP5IolX9kjt8MC7ejdXQUjjrJ8hqW6k4nGE2R511FNzrQXvZZNlowTAASGPKeYGraLmriHLNuE8F2u8wcJfy6EXPLHzOab99LLLL99baOzHLPXE6yfJcw8u2F8EuNLHirmLarGYeKPGSAATwolNZZvXQrzNF115R2EGn4k6Wqh8JrjjUQXdje7CM8tjk9XloI5PFzw
Tt2biban2TmsVVXNS2fDGL5vm5ULjb23tx61x4ITPTFfJ6S4YxAaD5UP0k0EKwb7O6zFZBykV8Pa2c4Uy4v2YKLTThx64X4KVvQppQvVK4X46xhTTLKY2v4yU4c2aP8VkyBZFz6O7bwKE0k0PU5DaAxY4S6JfFTPTI4x16xt32bjLU5mv5LGDf2SNXVVsmT2nabib2tT
AZ8jE570UPlmqcpxWH4aF4pUlB6xMAhmZfU6dtyWDDDSFRk2Zh08djSnKQexQlDkQyiTlakNDoaIAkDzq8Ysilas4EjMPMWbE9TPPT9EbWMPMjE4salisY8qzDkAIaoDNkalTiyQkDlQxeQKnSjd80hZ2kRFSDDDWytd6UfZmhAMx6BlUp4Fa4HWxpcqmlPU075Ej8ZA
84Cm5kLHNgxL7ktIKgFopr72I8AiRPhPMI1kSHraMjmks8S5eXKtJJoSHpZy9AjljEV1lH2XPhBCgU9knk4VSLjzZdSyD1en8YHKKHY8ne1DySdZzjLSV4knk9UgCBhPX2Hl1VEjljA9yZpHSoJJtKXe5S8skmjMarHSk1IMPhPRiA8I27rpoFgKItk7LxgNHLk5mC48
1pgSVP47yR7Lgpzv2VYqqKp3xSBd3ORx6XJSHGqAxNL56ESy1miKVwHojiqFxd3uZfGcLWcCfMacrt0L8dWuY6cCgsi4vDqpIWrttrWIpqDv4isgCc6YuWd8L0trcaMfCcWLcGfZu3dxFqijoHwVKim1ySE65LNxAqGHSJX6xRO3dBSx3pKqqYV2vzpgL7Ry74PVSgp1
iHrmEsy2YEh5P1riGk99HK7Ac7DbBkAJRrVwdor3RxzcSKkYUIx2tw1UT8Uvjv71gTQjCCFuZ8vMI8g6H6y0tTPhtf44z0xAOIJrrJIOAx0z44fthPTt0y6H6g8IMv8ZuFCCjQTg17vjvU8TU1wt2xIUYkKSczxR3rodwVrRJAkBbD7cA7KH99kGir1P5hEY2ysEmrHi
OfeN0QwzVtBtm3h9loSqKpJFhkuOTfzdk5PfoF6eX7xDZ6DFMvvwf91lJO04Tt95QoB8t9dL40OWxr5DhRZMquXZDRVwfuTVDvTWWTvDVTufwVRDZXuqMZRhD5rxWO04Ld9t8BoQ59tT40OJl19fwvvMFD6ZDx7Xe6FofP5kdzfTOukhFJpKqSol9h3mtBtVzwQ0NefO
WcrQQIjCfMjVGVG1na98wVekJYN9MeSeFDuwl4yQIbgoWnkDnIBd6FNH70Gl7zoe5czI6ryhs7vIK8LXHn0gsHNQBt18mJdJl3RjjR3lJdJm81tBQNHsg0nHXL8KIv7shyr6Izc5eoz7lG07HNF6dBInDknWogbIQy4lwuDFeSeM9NYJkeVw89an1GVGVjMfCjIQQrcW
JqahFIREuJMCDRUl8fLSAl9jnIuJz7WCNWks83xTgDvIvJTuN9GoJGwWpKAiixKVNUjMQaaVDu9Y5sMlRTy0zPsizRqcJ1WwPACaaCAPwW1JcqRzisPz0yTRlMs5Y9uDVaaQMjUNVKxiiAKpWwGJoG9NuTJvIvDgTx38skWNCW7zJuInj9lASLf8lURDCMJuERIFhaqJ
dVdwu1uHHay0YTuiF4cxneAH1Ww1ywz2n5RcxGI7FcY6UNf0JhrVkR7fiU9bmY3yvnzMTdlyfeWYR3T1dErnwOr6DQ6OJYH7GBl00lBG7HYJO6QD6rOwnrEd1T3RYWefyldTMznvy3Ymb9Uif7RkVrhJ0fNU6YcF7IGxcR5n2zwy1wW1HAenxc4FiuTY0yaHHu1uwdVd
VTIZkclGUGIzxwpFhmjxKXBeaalbKfFaXNZBPEIFKr7BhohO0QGEjhiIgtJPxoPp3jQMnyrXJPzP5b8xQE1zKDCqVlAozP6vYNCGGCNYv6PzoAlVqCDKz1EQx8b5PzPJXrynMQj3pPoxPJtgIihjEGQ0OhohB7rKFIEPBZNXaFfKblaaeBXKxjmhFpwxzIGUGlckZITV
Y09BEPGIxWFojYCmIIfXJBvN3fBqu7MMYlo51TgtLLcTeD9MmEFvg1CB9EsTc7B1kOyED8WpJYCo5c1IGb7m1BM1f7oh5OBG70lccl07GBO5ho7f1MB1m7bGI1c5oCYJpW8DEyOk1B7cTsE9BC1gvFEmM9DeTcLLtgT15olYMM7uqBf3NvBJXfIImCYjoFWxIGPEB90Y
rjXcPfRYDaojj41zOsneWTlJDnAZDd4ULvx2zIU3HDgP9AkotxSJl5TOKtIOwFeCZ05tesPKvU1TVFcI3TsGrFV4Y6KqDOR5jPQmmQPj5RODqK6Y4VFrGsT3IcFVT1UvKPset50ZCeFwOItKOT5lJSxtokA9PgDH3UIz2xvLU4dDZAnDJlTWensOz14jjoaDYRfPcXjr
aWVurKJVLsRafyrlNnDLXTPGFmPu51V3sMQDwzzCmLBQfR1Sa89Wso4X0LMWhcsYOd4E4wgIcHzhZUYYTxqGfM68yKVAniy1lv9hh9vl1yinAVKy86MfGqxTYYUZhzHcIgw4E4dOYschWML0X4osW98aS1RfQBLmCzzwDQMs3V15uPmFGPTXLDnNlryfaRsLVJKruVWa
gAzGbewOVPhhLMMuscvGTqvhNquVJc8PBYvC3mqR3WYhdf2vHr42brcpcwELxe0Y3p0x2KJWbd8eIzzpLwkLim1kc9UzCOR87LwZZwL78ROCzU9ck1miLkwLpzzIe8dbWJK2x0p3Y0exLEwcpcrb24rHv2fdhYW3Rqm3CvYBP8cJVuqNhvqTGvcsuMMLhhPVOwebGzAg
AwUu6OcimzalO6c5OqAn1wTkJWkIBGqc6gv2Uxebqem9bO4q736ztQD3iNejuUks1AopXrqjV3IWkfGIBeBTUfq4SUghjqzEPHSIISHPEzqjhgUS4qfUTBeBIGfkWI3VjqrXpoA1skUujeNi3DQtz637q4Ob9meqbexU2vg6cqGBIkWJkTw1nAqO5c6OlazmicO6uUwA
eQp9zgJ8LraPRTEwfAJYFQCVkgGRYol39Z2X9EwkUw0GJ75N6ghDxIybO7SIM5elxAeVe0byq09ZX4IVdOzzXs0hqMO5KtiBSlXVVXlSBitK5OMqh0sXzzOdVI4XZ90qyb0eVeAxle5MIS7ObyIxDhg6N57JG0wUkwE9X2Z93loYRGgkVCQFYJAfwETRParL8Jgz9pQe
J1sogdCysz77lN7izgwihFFivzhV2mpEhbRnDtgVNeUXQtAKZWRA4XHsQOHL0wQcxdo1WTQfWg5iy6tRuFrq4zCMHkYCbjDXmssCCssmXDjbCYkHMCz4qrFuRt6yi5gWfQTW1odxcQw0LHOQsHX4ARWZKAtQXUeNVgtDnRbhEpm2VhzviFFhiwgzi7Nl77zsyCdgos1J
DG6IdfbBySU6eFz6ihFR9HRIlkT65WDa6AjAgkc63V2A2U5D3Cu0kGDvqwSNNvMlwVL29Mz1dU06kyAF1UAF3dZMzmzhCGrY35T00T53YrGChzmzMZd3FAU1FAyk60Ud1zM92LVwlMvNNSwqvDGk0uC3D5U2A2V36ckgAjA6aDW56TklIRH9RFhi6zFe6USyBbfdI6GD
ZbCdYeEWcEG0WjTX3z0EGp3oMSXeRfDmggp7jSvlx3goFzGBtcgYqcG5U9AgDeskjBHRu45LYdZ74a8pbeIrgoo1MOBQstZ0TcMIIMcT0ZtsQBOM1oogrIebp8a47ZdYL54uRHBjkseDgA9U5GcqYgctBGzFog3xlvSj7pggmDfReXSMo3pGE0z3XTjW0GEcWEeYdCbZ
lmfaru4PMb4aLcqjeUivEO2zXMZa2D5hqchbweQCeoCpptysHaIMpDFHPaHLeEStGYu33E89SBOBTHu3i3iwaN7Pnf2rINeohyKDDKyhoeNIr2fnP7Nawi3i3uHTBOBS98E33uYGtSEeLHaPHFDpMIaHsytppCoeCQewbhcqh5D2aZMXz2OEviUejqcLa4bMP4urafml
IDPJrr6zfYbBBxbPUP5ZmNCYRQbJ1DgegVNXhlQlERnGJov87SXJb0DRlD2GgcKMxXe6CUjhhwMPeCNdugLvAoGLQCrxe1D2tHzVVzHt2D1exrCQLGoAvLgudNCePMwhhjUC6eXxMKcgG2DlRD0bJXS78voJGnRElQlhXNVgegD1JbQRYCNmZ5PUPbxBBbYfz6rrJPDI
EQ2tPpV2mXesp1HIoyDJKBrsMIv3hG1mxVaHEUdQngD2BkDPdHznjK8vtuQz2lgsBf0gZ4WGdzCeeGTGonSwXRmKF4EAiktkpnpjjpnpktkiAE4FKmRXwSnoGTGeeCzdGW4Zg0fBsgl2zQutv8KjnzHdPDkB2DgnQdUEHaVxm1Gh3vIMsrBKJDyoIH1pseXm2VpPt2QE
G99Qi43MGkuVwXNqtZNxpjWgb5CTDYajx8Za2wMCAAXWygilAVdO7zTaVwSZOtDGs7FnTrPuRhlJNtvnIy2hrOgigzBUmf16CblVVlbC61fmUBzgigOrh2yInvtNJlhRuPrTnF7sGDtOZSwVaTz7OdVAligyWXAACMw2aZ8xjaYDTC5bgWjpxNZtqNXwVukGM34iQ99G
ZKecVoOIe1q2VWNF3UKVw8B2Z962KTNE6RGuAu3EPmbGCNl8dVuzUVuPUsKaGyDfJjyK6Ton9oSc37A9uUXJkny9aD8g1CkFmdqjjqdmFkC1g8Da9ynkJXUu9A73cSo9noT6KyjJfDyGaKsUPuVUzuVd8lNCGbmPE3uAuGR6ENTK269Z2B8wVKU3FNWV2q1eIOoVceKZ
6wVMJWjixi4MAgwN8VndTt5W6dCasLUQcl6Ldgtzoqgpv43URJWG3u4YW9YJkOzlYxx15kvLz2ZPyWfJa1q2PnUgLOqv4kbUBxQ88QxBUbk4vqOLgUnP2q1aJfWyPZ2zLvk51xxYlzOkJY9WY4u3GWJRU34vpgqoztgdL6lcQULsaCd6W5tTdnV8NwgAM4ixijWJMVw6
Lw15O5QC4upLZx8pVxJjLDAyIw7M2t8Gj0eXWT1THJ8CB6QWv1AA6ByGWWSSkQZtL5mcRGUzqT3QQNihijGgJ9LbV8SApmS1k741147k1SmpAS8VbL9JgGjihiNQQ3TqzUGRcm5LtZQkSSWWGyB6AA1vWQ6BC8JHT1TWXe0jG8t2M7wIyADLjJxVp8xZLpu4CQ5O51wL
ZkAQCQiUzD5ziWsn6dgOovhp2bQfl9GEIHvLy4bs95miU9uSBZcOPi7KJPPToWyW6ncwkCjkaurUSghu9ICpQA0zpJM6aFT6Rwu44uwR6TFa6MJpz0AQpCI9uhgSUruakjCkwcn6WyWoTPPJK7iPOcZBSu9Uim59sb4yLvHIEG9lfQb2phvoOgd6nsWiz5DzUiQCQAkZ
4gXRxMf4TY420mm1ggKpsHpX3NJRBGk6MCPDpTAdm58HjlcoQm6DTN0p0EA1lKYWMi03207iX6OAiqpY4n4PZWaT2AOGLh6xPXTLLTXPx6hLGOA2TaWZP4n4YpqiAO6Xi70230iMWYKl1AE0p0NTD6mQocljH85mdATpDPCM6kGBRJN3XpHspKgg1mm024YT4fMxRXg4
RSjPBkXRyQOgM8ae6SA8bhJIeBx1uDmGvVvWAnjY5W7kv5OtPorQuZyx0qsOT8ujUJAuWjNuAL8ViMjX10IOuBhosz5FysOo3OdssdO3oOsyF5zsohBuOI01XjMiV8LAuNjWuAJUju8TOsq0xyZuQroPtO5vk7W5YjnAWvVvGmDu1xBeIJhb8AS6ea8MgOQyRXkBPjSR
qgy1eoCrxZLrd1fDCTU1r1TdjB7WeQptWHO2VrmMLX5NsdRTWgpHAeljEJAIZq3qWkmn1xYgpwucyFwPLgWLjCUolvWEfSv35bIyyIb53vSfEWvloUCjLWgLPwFycuwpgYx1nmkWq3qZIAJEjleAHpgWTRdsN5XLMmrV2OHWtpQeW7BjdT1r1UTCDf1drLZxrCoe1ygq
b9IXSJPxA9CgwopXD4CytH6G30d5C3ve051MHlEhKgnAU3yxY0qMCOs6IV1lrqolMJXtv219cHAVdXo2S8IuM0suQn9C4NMJXf6MM6fXJMN4C9nQus0MuI8S2oXdVAHc912vtXJMloqrl1VI6sOCMq0Yxy3UAngKhElHM150ev3C5d03G6HtyC4DXpowgC9AxPJSXI9b
4gZSa65AmKuM5veu9cg3zsePsW2s59ZYFuMErjF5uYjROngnOmjI9nXRETEbt6ZXrg5DPcaDZiuiV0VeH9MhLfXpy3qlZJdmq9O99O9qmdJZlq3ypXfLhM9HeV0ViuiZDacPD5grXZ6tbETERXn9IjmOngnORjYu5FjrEMuFYZ95s2WsPesz3gc9uev5MuKmA56aSZg4
Nd2VxdlRYpzx2aCaXRxuBCoLF03fJ0Fw6AMuDxG3h9Tc9WBWiXKk0YV9TrE4mjtjJa4Nxdk6C5ABtby3YDFt52SqmXNxBAbKA4xXXx4AKbABxNXmqS25tFDY3ybtBA5C6kdxN4aJjtjm4ErT9VY0kKXiWBW9cT9h3GxDuMA6wF0Jf30FLoCBuxRXaCa2xzpYRldxV2dN
JRY0CYQmJtlYohsP8M0BKHJFQCVMhejPVcky1ZEeoO62VpLT1guFN7k6b9KhetwZvbsP1WtIfqe1aOO0UCAcBKABKkjO6aisa0cZZc0asia6OjkKBAKBcACU0OOa1eqfItW1PsbvZwtehK9b6k7NFug1TLpV26OoeEZ1ykcVPjehMVCQFJHKB0M8PshoYltJmQYC0YRJ
uDVfGQfv88kB7mdJMetwmBtlJGleHFU3iKBO2Fe0fo3C08mhc86o9rzIWfM6JbZrL0AGbDAfR3HmZtt3rqKrbDZyHhvrhqdtldYllYdltdqhrvhHyZDbrKqr3ttZmH3RfADbGA0LrZbJ6MfWIzr9o68chm80C3of0eF2OBKi3UFHelGJltBmwteMJdm7Bk88vfQGfVDu
ZpXwwEQkWn0HWmHzG9BMvRufuhqwA15zKvqBYAKqMfWdr74x67DtPXyE7I17exXNMiOgHyVU6nWOLuGjRk2ccUF94a6aXvMf42kDDk24fMvXa6a49FUcc2kRjGuLOWn6UVyHgOiMNXxe71I7EyXPtD76x47rdWfMqKAYBqvKz51AwqhufuRvMB9GzHmWH0nWkQEwwXpZ
AxRnpbXdGBUq6wsR1QN2pNSe0XaVBDkB23Ol4hnDiCTfXFWTWfPFRcILYIc0ll3hhkrdQ8GYbZ7Y8umUy1zK5CvwkWRVCn3JXnMiiMnXJ3nCVRWkwvC5Kz1yUmu8Y7ZbYG8Qdrkhh3ll0cIYLIcRFPfWTWFXfTCiDnh4lO32BkDBVaX0eSNp2NQ1Rsw6qUBGdXbpnRxA
XqiOxgiBs6WxKiAY9vM08Fm0mkjzhfL7vSnmzuNmRee4MfUmzcgyhSSt31MCAxBUlNbfcNrTsuP7yfKsgqKnC4A8XmcXeCnpqntsstnqpnCeXcmX8A4CnKqgsKfy7PusTrNcfbNlUBxACM13tSShygczmUfM4eeRmNuzmnSv7Lfhzjkm0mF80Mv9YAiKxW6sBigxOiqX
SVQhnpa21xiY9FJj3I1KDDCJsjIQ8zPrOby3PxWkp7DNDmWaUrKXUmbGVIXTCiFri8nWwDBFCFtgQlfF4O6r16XqhpfIwJ09IhvaavhI90JwIfphqX61r6O4FflQgtFCFBDwWn8irFiCTXIVGbmUXKrUaWmDND7pkWxP3ybOrPz8QIjsJCDDK1I3jJF9Yix12apnhQVS
xEn3XsnCwSaFPqAnIQuyU3p9WNh7egJ2KVWDiEg8XffhvEu8uiwkffI1sPYwwcrBXIf9mK8DPdlgH8e3HzFL6nhq6AguBxUY90ymmy09YUxBugA6qhn6LFzH3e8HgldPD8Km9fIXBrcwwYPs1Iffkwiu8uEvhffX8gEiDWVK2Jge7hNW9p3UyuQInAqPFaSwCnsX3nEx
xOu0ZzBz45AvdmTPsENslBTcwncqGnU53kxVdYOAwoVY0kjmpV8zxs2o847FjtCf4Z1AsjbJxVcrbk6pA3iXOeFNAeSJWuOTOjuBBujOTOuWJSeANFeOXi3Ap6kbrcVxJbjsA1Z4fCtjF748o2sxz8Vpmjk0YVowAOYdVxk35UnGqcnwcTBlsNEsPTmdvA54zBzZ0uOx
xYr7gwquFKwUffxDiuzrqY5XB423Fz05RM0yCKmhuc4ZGu4Ojw9yq4rRymo8GI1yvvqWA48T92ogqKTyBsrQOcCHOPFuyAnnV5fvvf5VnnAyuFPOHCcOQrsByTKqgo29T84AWqvvy1IG8omyRr4qy9wjO4uGZ4cuhmKCy0MR50zF324BX5YqrzuiDxffUwKFuqwg7rYx
eJyax6pCQhdexuSZVziga499jLvGQkAUSXTKwCnHJPKbE610WCaW99wHLlO2uoqHGDS5G9EppoqSLKMdnnYLMOSxYbSNpDvUhHSMMSHhUvDpNSbYxSOMLYnndMKLSqoppE9G5SDGHqou2OlLHw99WaCW016EbKPJHnCwKTXSUAkQGvLj994agizVZSuxedhQCp6xayJe
w4VemIPxvSedmpp1BguCYBR4xhD7YqfOm2tYDDPYVS4CBl5drQFlSwhJ5Jiv0NfhIx9mZpFqdBsEMPi6aMiSeo4ByFWts1z1RzGMMGzR1z1stWFyB4oeSiMa6iPMEsBdqFpZm9xIhfN0viJ5JhwSlFQrd5lBC4SVYPDDYt2mOfqY7Dhx4RBYCugB1ppmdeSvxPImeV4w
chfo0nPkb8fEgHLqajRGOFacrvUbrSBsYFaStP5uNCXtjeejmvqZZp2LEQLUdnG4shPgVMzDprWYuZBAOQ0jawvEGByko9gbFUg33gUFbg9okyBGEvwaj0QOABZuYWrpDzMVgPhs4GndULQEL2pZZqvmjeejtXCNu5PtSaFYsBSrbUvrcaFOGRjaqLHgEf8bkPn0ofhc
1T9zYA107hRDLedpSrpbi7GdldtE1yBVMbOfBjA8qrB1vEJHvXj6vOabQSfLLGcXHP5iY4gIOieELMLBeT8zd61tP993gAtMqQUJJUQqMtAg399Pt16dz8TeBLMLEeiOIg4Yi5PHXcGLLfSQbaOv6jXvHJEv1Brq8AjBfObMVBy1EtdldG7ibprSpdeLDRh701AYz9T1
