1nTFxZNoOrDrfldxzyoyMokJnLPqEAkaN5FFxttgEVxJB0A1TOua46JkIy0nXeNGbslxF66kTUSuPtqdced8bmiJfcw6FDDGVN5005NVGDDF6wcfJimb8decdqtPuSUTk66FxlsbGNeXn0yIkJ64auOT1A0BJxVEgttxFF5NakAEqPLnJkoMyoyzxdlfrDrOoNZxFTn1
LsBlRnezJnO6EOFeJ0UlfPyXFDSN7y6jk7u3LxvuFEsjsWm3RAhVp8OUCbdAzaJd788jwu71YPELHrIyROpbN5VQ7yrWy1ZwYY8pp8YYwZ1yWry7QV5NbpORyIrHLEPY17uwj887dJazAdbCUO8pVhAR3mWsjsEFuvxL3u7kj6y7NSDFXyPflU0JeFOE6OnJzenRlBsL
5KgMPruAYnri4sVYjgxbxNzsHpKaOZnlFtXufMU7zGFvz3pcCgczu0l3KV3yPJev44kbI78BfEx6bg8dmb2a3g1g1W8lbda48k7ii7k84adbl8W1g1g3a2bmd8gb6xEfB87Ibk44veJPy3VK3l0uzcgCcp3zvFGz7UMfuXtFlnZOaKpHszNxbxgjYVs4irnYAurPMgK5
5JncAkCFJErJAqfFmlbDkMDMLbLv7S523K42u7b5dshDdLjoWJRbvVMBVxWukUpG8lBtkCQnUxqxDygzCxzXMFZd6qwiFgNfqoy00yoqfNgFiwq6dZFMXzxCzgyDxqxUnQCktBl8GpUkuWxVBMVvbRJWojLdDhsd5b7u24K325S7vLbLMDMkDblmFfqAJrEJFCkAcnJ5
ySWqb8nMP26x36XyXaKNu6vLhGsqIGWAzorzn6G3ZftvdLnZKWh9v4k4D5mldCK4Q1W6y4ZScMHexu7CLFbABL3eiHolkzh0U5yNNy5U0hzkloHie3LBAbFLC7uxeHMcSZ4y6W1Q4KCdlm5D4k4v9hWKZnLdvtfZ3G6nzrozAWGIqsGhLv6uNKaXyX63x62PMn8bqWSy
DODsgixnxdSbbELxBvMpqApKsnrVASxdB1vHCNTzPHzQlEIMZu2Jvluhxg3WXTZzOPbq4UjM2d4hHEubzpKo09urFrI5FdWtSWEppEWStWdF5IrFru90oKpzbuEHh4d2MjU4qbPOzZTXW3gxhulvJ2uZMIElQzHPzTNCHv1BdxSAVrnsKpAqpMvBxLEbbSdxnxigsDOD
N1IryqY5e0VtEEnEz8jkHGOK5d4uHmAvhIgaY833ySO5x3bqZKzcqjLMmHcStBH0ko0CmW8fjNCAjePDNkE7tqL8yMRlnzgXhazttzahXgznlRMy8Lqt7EkNDPejACNjf8WmC0ok0HBtScHmMLjqczKZqb3x5OSy338YagIhvAmHu4d5KOGHkj8zEnEEtV0e5YqyrI1N
Yxag0AO6qsLzxjnhTm8a5kMwpf4p8QgWIf4CEL9T5koUT04hH2GeGt0VxXfvikmPpjRTTrhr3vhpQdvx832EOVZGn92uIiDXqvlEElvqXDiIu29nGZVOE238xvdQphv3rhrTTRjpPmkivfXxV0tGeG2Hh40TUok5T9LEC4fIWgQ8p4fpwMk5a8mThnjxzLsq6OA0gaxY
sUdI1ry7hq4dlBQA0WMYSBc1FYKZEocwDe99vW63H07R2pSvGapybqSGk6bOmCFqFeO01MWchuucdGxjGgcGWvnBsNp7puNUy4PttP4yUNup7pNsBnvWGcgGjxGdcuuhcWM10OeFqFCmOb6kGSqbypaGvSp2R70H36Wv99eDwcoEZKYF1cBSYMW0AQBld4qh7yr1IdUs
guPzjR5OkGVpI4G5JipwWNfL2ZDxJWAOmQjucFelmY1TUcQ6JAubnzMitqa3h9ktqshRXl5DExXYZiWdHleTfP3xA1SG06YKqb4jj4bqKY60GS1Ax3PfTelHdWiZYXxED5lXRhsqtk9h3aqtiMznbuAJ6QcUT1YmleFcujQmOAWJxDZ2LfNWwpiJ5G4IpVGkO5RjzPug
lfvWzCqcDxg9XL8sIItKESjvB3qyQr83vtspVCqZYwyrdweKawvEk8YK1kDl2BGqUz9K3Pevh4gjtKTsBIxKGPvBZyMUZTgONFzjjzFNOgTZUMyZBvPGKxIBsTKtjg4hveP3K9zUqGB2lDk1KY8kEvwaKewdrywYZqCVpstv38rQyq3BvjSEKtIIs8LX9gxDcqCzWvfl
qctVJ34v8duUJHPtl9gGBjXbw2PIPWz9ynvBkrWiul55SnQ7LVen71nTW64gTwFLEZnNLeUapS5C9NaLdDXc8fUwcs2VibBM1OzGGzO1MBbiV2scwUf8cXDdLaN9C5SpaUeLNnZELFwTg46WTn17neVL7QnS55luiWrkBvny9zWPIP2wbXjBGg9ltPHJUud8v43JVtcq
pFBBcdbOCLsgDtfII0KZVadWAOrOjWbx2cY7eYmGE6MirrPzm0SCzVy0FKINcJE7L42qViV0GDcWTRP9LDCfzZ87fHlGrPe4MamCCmaM4ePrGlHf78ZzfCDL9PRTWcDG0ViVq24L7EJcNIKF0yVzCS0mzPrriM6EGmYe7Yc2xbWjOrOAWdaVZK0IIftDgsLCObdcBBFp
JXZAqWE3n8oXjOo1JmvlfSlCCtQKLnouEIUvayQnXaEBNS3X8RCdeNFGAWqmD8bHHU5honuGmyhzKDRIutmYBR8ciPnmOoTVDq5QQ5qDVToOmnPic8RBYmtuIRDKzhymGunoh5UHHb8DmqWAGFNedCR8X3SNBEaXnQyavUIEuonLKQtCClSflvmJ1oOjXo8n3EWqAZXJ
ugF1Yl3ckGZ183na3YiwpuKOLUhDzJkoPOJi0fJfLe9J9nI1FQRvf2EPrKtlU6yeMBMGGwKrzK0zWDU4TgsYCwiSB27wyV1FxhL55LhxF1Vyw72BSiwCYsgT4UDWz0KzrKwGGMBMey6UltKrPE2fvRQF1In9J9eLfJf0iJOPokJzDhULOKupwiY3an381ZGkc3lY1Fgu
uMzdp8Qq4301zYUO5nmtIICjVQZpAN1u1UwJSGYPcTl2MaKknV6U895UQXDqf8e9S0igABVCVb7cbimo7jC3IAryyUI4SM2fhelGGlehf2MS4IUyyrAI3Cj7omibc7bVCVBAgi0S9e8fqDXQU598U6VnkKaM2lTcPYGSJwU1u1NApZQVjCIItmn5OUYz1034qQ8pdzMu
s2aexBO0wT7AjOb8fGYMGfOc9xvsW44jy2nq51kTPHUXWUW10QhcUVdtMxFEuBMm5Y2ZugoDoC3EWsaRCgSX2vKInqmBRYNOskjGGjksONYRBmqnIKv2XSgCRasWE3CoDoguZ2Y5mMBuEFxMtdVUchQ01WUWXUHPTk15qn2yj44Wsvx9cOfGMYGf8bOjA7Tw0OBxea2s
ZsCnnpIi21tBbJqKFKKOHyINmD7E00dTmFczTJCqfVQg8BQfL3StT0ca79DXZGMGmN9bxcq2xBbvdRzOnMcbHdaFCD62kJBvxbvoovbxvBJk26DCFadHbcMnOzRdvbBx2qcxb9NmGMGZXD97ac0TtS3LfQB8gQVfqCJTzcFmTd00E7DmNIyHOKKFKqJbBt12iIpnnCsZ
gkZHlOk4jXjUYj53jc6MazVkZmb2bP7HYxoeFybOqjEJRbG1dDHc46lWjMRK2qsUhaYmYY1Jc8sT8Yob3VCYtNq4zdHusYkYyCFRRFCyYkYsuHdz4qNtYCV3boY8Ts8cJ1YYmYahUsq2KRMjWl64cHDd1GbRJEjqObyFeoxYH7Pb2bmZkVzaM6cj35jYUjXj4kOlHZkg
a057nr3ga6CvA2jnlfGnm1AEFy5H7pd5j92VPy3Ov6EUyMBesiR8erDIkBqIPsfzRBObYlqNiUdbCEfUnVSqHwYRXjzI29BnaqoYYoqanB92IzjXRYwHqSVnUfECbdUiNqlYbOBRzfsPIqBkIDre8RiseBMyUE6vO3yPV29j5dp7H5yFEA1mnGflnj2AvC6ag3rn750a
FyyR2zIkIhmF9C6gqgW1jpOJlsD0Rj3xbUJ5prGWyt4xVZ4F9TbIdORoBvIt7fL9zu2iFd97v1UKuRquFR3IaoVcD8vcDAA5u2EZZE2u5AADcv8DcVoaI3RFuqRuKU1v79dFi2uz9Lf7tIvBoROdIbT9F4ZVx4tyWGrp5JUbx3jR0DslJOpj1Wgqg6C9FmhIkIz2RyyF
wtzhMQ0VPBWj9gtg7YzOsOz4Ufzio7PesIL7zFTjhksFQgmo7f5QTwMI2hQjFbmWIWVd4jmdt6jDdurBzOrME7vAEGIJGubPLVSiiSVLPbuGJIGEAv7EMrOzBrudDj6tdmj4dVWIWmbFjQh2IMwTQ5f7omgQFskhjTFz7LIseP7oizfU4zOsOzY7gtg9jWBPV0QMhztw
7lt1tW7iI8bWqo2Ne2SkD2QX4bDsSLRqVELk1jsdiTYxBvgFqXOSTAKPBnCTYTEpxQySZLwc8PzAE8fTWuGkTrzu81IWoNFG68zXXz86GFNoWI18uzrTkGuWTf8EAzP8cwLZSyQxpETYTCnBPKATSOXqFgvBxYTidsj1kLEVqRLSsDb4XQ2DkS2eN2oqWb8Ii7Wt1tl7
qZHathEsmYkaatSqmioiQEw6k52iwtQhMygAaltLD4KCq7R5FAEvf1ToXOVOChUP92p7gdjIaulPR3mw4Qmbl9oCNDrqkg9JboihhiobJ9gkqrDNCo9lbmQ4wm3RPluaIjdg7p29PUhCOVOXoT1fvEAF5R7qCK4DLtlaAgyMhQtwi25k6wEQioimqStaakYmsEhtaHZq
iPOlRvqtlRsUF2iFROZYZPR9W5Wg04ecLSn4H6qsOdHt6PXp6sIydzXYwoarKdtwVbT46EpMhV9eGxtDk13mvTgmBf4miqD5qwZooZwq5Dqim4fBmgTvm31kDtxGe9VhMpE64TbVwtdKraowYXzdyIs6pXP6tHdOsq6H4nSLce40gW5W9RPZYZORFi2FUsRltqvRlOPi
jZB9zgfqyj0uEGjyLv0QrgXcIur9O8ZWY0WRa1CYE3MJcVBMK143cU7KJOJXNepg6FW7BywfUDNwzODEkbbmU7w7mAwZDfABlx8LL8xlBAfDZwAm7w7UmbbkEDOzwNDUfwyB7WF6gpeNXJOJK7Uc341KMBVcJM3EYC1aRW0YWZ8O9ruIcXgrQ0vLyjGEu0jyqfgz9BZj
iqW3OHnpuuf0EDX8r5xmXXrDSgAkRA5zQtV81eoqxtk3VBZH6stVKey6jYh2zeukxKjtNXdFKmBBM2iKn2aX8YvIr2DKaXUXc7KqqK7cXUXaKD2rIvY8Xa2nKi2MBBmKFdXNtjKxkuez2hYj6yeKVts6HZBV3ktxqoe18VtQz5ARkAgSDrXXmx5r8XDE0fuupnHO3Wqi
yjK0qEq7x2Ejh3rW55bvYMbIPrmf597VIJrXocwf6Zoev81S33ivIj6yZk6xI3nqg8Hta7x4ygBoE4bbyiVBrTYK5WcfspvXn5KnnK5nXvpsfcW5KYTrBViybb4EoBgy4x7atH8gqn3Ix6kZy6jIvi33S18veoZ6fwcoXrJIV795fmrPIbMYvb55Wr3hjE2x7qEq0Kjy
UtfL9RyA9czlzSOT2URQOBbb1OK5316QoC2NuuoSVH8P0MDvcuhQVhQqU3orwmBfO6sdsaVIHTXcb0wcp6RFeDVY8DkvqLZ7ILB00BLI7ZLqvkD8YVDeFR6pcw0bcXTHIVasds6OfBmwro3UqQhVQhucvDM0P8HVSouuN2CoQ6135KO1bbBOQRU2TOSzlzc9AyR9LftU
WCSl0ULuLNej9Jnd9gcdpwsZPrD2R5ija1UZpbO1NtDn3rp2wq7fHQ9wBcST9Z3avrZeri982DlyT1uJLROsDnJeP2XoVUnLFHPwwPHFLnUVoX2PeJnDsORLJu1TylD289ireZrva3Z9TScBw9QHf7qw2pr3nDtN1ObpZU1aji5R2DrPZswpdcg9dnJ9jeNLuLU0lSCW
xR5stBljjwx7gVdEfplAoRrWoLVoyC5qtZdh0NpdEHcK4fOctYBCKSzY8PiWrEHf8klYXZ32b7h6dU9voaXXtRRrbYIr6Pw3YBvqqvBY3wP6rIYbrRRtXXaov9Ud6h7b23ZXYlk8fHErWiP8YzSKCBYtcOf4KcHEdpN0hdZtq5CyoVLoWrRoAlpfEdVg7xwjjlBts5Rx
7atI3G6CeNwVJz8ESSRgBvE6MXDYWxhUxZ4SazveGmYqFXUxKg6l1dihZLaqehF0ABoA1dDbO4ruvFm9mjKHmSNF9NwCv15U5LVxxVL5U51vCwN9FNSmHKjm9mFvur4ObDd1AoBA0FheqaLZhid1l6gKxUXFqYmGevzaS4ZxUhxWYDXM6EvBgRSSE8zJVwNeC6G3Ita7
EcKi4GbmBk282BgJxxLf4Kxud6jGb4hf7RmZXNFyWBxRc41zTh7PRVfTSn0tKbxiseCKQiCiJYzKUUEj3dzOy8dLl57V7V5Qza0KK0azQ5V7V75lLd8yOzd3jEUUKzYJiCiQKCesixbKt0nSTfVRP7hTz14cRxBWyFNXZmR7fh4bGj6duxK4fLxxJgB282kBmbG4iKcE
u5wnVrwThuVkHRBXwBLy7IXFophEuNWikNvA9ltFAIOi1Q9QslJPTbucQ3GEj4MskBsIMfOmo6tIOSzb7CPRDfStAyXIVe1AFNjSSjNFA1eVIXyAtSfDRPC7bzSOIt6omOfMIsBksM4jEG3QcubTPJlsQ9Q1iOIAFtl9AvNkiWNuEhpoFXI7yLBwXBRHkVuhTwrVnw5u
MptqPYGaDBvllUqaBScYPJjUaiIUMYmzHAJXypW3PMh2cx2CJ40ZFepglWZWqGrXgZq7JHzZtaVuWQWbnsZSvJXAbsxqyij6Cy1LL1yC6jiyqxsbAXJvSZsnbWQWuVatZzHJ7qZgXrGqWZWlgpeFZ04JC2xc2hMP3WpyXJAHzmYMUIiaUjJPYcSBaqUllvBDaGYPqtpM
8dnRg1vXB6NDJ1bnGngdv55Fk7xWcr2bTiRYeHREfaiOZi3avccL99qJ4IA8Y19meqghxWL4VSKq1HpqIr1iPLQntrlnnKyq26xttx62qyKnnlrtnQLPi1rIqpH1qKSV4LWxhgqem91Y8AI4Jq99Lccva3iZOiafERHeYRiTb2rcWx7kF55vdgnGnb1JDN6BXv1gRnd8
DplwZ0QbkBJ04RljDy4TejAoCQk9H4Ukl9bF0rgeSP9qBKyeCuXG7XUaj79qZt0Ft1KnMQqaaOpAzhE333C0uxz4vYnPmHU8dalPPlad8UHmPnYv4zxu0C333EhzApOaaqQMnK1tF0tZq97jaUX7GXuCeyKBq9PSegr0Fb9lkU4H9kQCoAjeT4yDjlR40JBkbQ0ZwlpD
2OOl6PeftaBOC1CYTaOMm7YTtXWsDgB7vqIt9nxsmyBNTEgIDuvOSNCFgyXI9zhTjqHi470iW1VK81tCPiQdUtI1madLyjaByGJuuJGyBajyLdam1ItUdQiPCt18KV1Wi074iHqjThz9IXygFCNSOvuDIgETNBymsxn9tIqv7BgDsWXtTY7mMOaTYC1COBatfeP6lOO2
D426RG5NZ86BPAwCiQpISZB4zdvALKfoGBMYikgcidCxDyZmIJT3EvX5XN6exCR8d8Wli5mq9oiDhdOPLdlpxDMOQksHLEFOD2YLLY2DOFELHskQOMDxpldLPOdhDio9qm5ilW8d8RCxe6NX5XvE3TJImZyDxCdicgkiYMBGofKLAvdz4BZSIpQiCwAPB68ZN5GR624D
g1Yud20fJJQMvaDXLSiVFpckUQMrJxJPScDV471GhLt4KwuwJ2noloxb8ErI31xp4Zfzy9b8kt1UkPmSKyBwgYwe4iLYCDi96nyvvyn69iDCYLi4ewYgwByKSmPkU1tk8b9yzfZ4px13IrE8bxolon2JwuwK4tLhG174VDcSPJxJrMQUkcpFViSLXDavMQJJf02duY1g
zUwnqLW9WkkOlavDwyb6fZbIC9gOX01RPQ892V6t9IBKHVN8pO4ui43k4BYU4tGLDELa0IsYqTDyJrxY9tMHQjRNlKch5HSBm6AggA6mBSH5hcKlNRjQHMt9YxrJyDTqYsI0aLEDLGt4UYB4k34iu4Op8NVHKBI9t6V298QPR10XOg9CIbZf6bywDvalOkkW9WLqnwUz
BADyUGsoKhJtTDDQjSgBHMIEHYWdeoxfp14EbpsLv38J8Czhu9H3mQBSkxwNgnSuIPzI7ltTHr4FuWMivTfcfFTp5K5CXqxa9qH66Hq9axqXC5K5pTFfcfTviMWuF4rHTtl7IzPIuSngNwxkSBQm3H9uhzC8J83vLspbE41pfxoedWYHEIMHBgSjQDDTtJhKosGUyDAB
TNCkvMqQJlFNVagcFbnfzVfnEAQCpndC0EMpR5a2IEI9EoAKpNOieTuiuFKdsNgmsS2DQ2azbHXEVypFF5MjrBrfG3IYjNF2bAaRRaAb2FNjYI3GfrBrjM5FFpyVEXHbza2QD2SsmgNsdKFuiuTeiONpKAoE9IEI2a5RpME0CdnpCQAEnfVzfnbFcgaVNFlJQqMvkCNT
