ffhOeB3xISA4PYxkTJ2MonJ22kxpFpPJtVxwXuobGN6wGuA073GmIqhDZ8t8oDHbZ9XrSFrZToPzDpubl2mTltXEsKDankBGkyX33XykGBknaDKsEXtlTm2lbupDzPoTZrFSrX9ZbHDo8t8ZDhqImG370AuGw6NGbouXwxVtJPpFpxk22JnoM2JTkxYP4ASIx3BeOhff
IwqxgkZv91b1iuG0LLNwoNdYokChB8eKUuBZ92O6VpY5e8yPJGFxuIQCRsITqM6Ec96A1n7q4woavhOaMuwA3GdOYmdIYbMZ9K0zz0K9ZMbYIdmYOdG3AwuMaOhvaow4q7n1A69cE6MqTIsRCQIuxFGJPy8e5YpV6O29ZBuUKe8BhCkoYdNowNLL0Gui1b19vZkgxqwI
XkTOxSf8ceKv0LsBOBzZDBSDondzH2Q8gFo7xs3ZvGOpsBPAdIZGknjYzmSAieaNIolaaGYvnif8kT8m4YshF2A9HsAPV946Mi6MM6iM649VPAsH9A2FhsY4m8Tk8finvYGaaloINaeiASmzYjnkGZIdAPBspOGvZ3sx7oFg8Q2HzdnoDSBDZzBOBsL0vKec8fSxOTkX
VnGpVJqNSkdZrZTzwQDVWdv99ACe3BHRNnBEVQsj1ueLpWfghI18KQ5KRaNnbu9OcatyPFbkZevI00ocDJao15Xm4gy60yL3x8ThhT8x3Ly06yg4mX51oaJDco00IveZkbFPytacO9ubnNaRK5QK81IhgfWpLeu1jsQVEBnNRHB3eCA99vdWVDQwzTZrZdkSNqJVpGnV
Ur6zhhucvwF7WtytLfqr7nmVzHMy2T3rgZkmA8OUutTKhL8sroeO3peVxQNsEkeKDoVDmfyAXLk7XiQIWTxtd0IzLvmqaQZC7QgkkgQ7CZQaqmvLzI0dtxTWIQiX7kLXAyfmDVoDKekEsNQxVep3Oeors8LhKTtuUO8AmkZgr3T2yMHzVmn7rqfLtytW7Fwvcuhhz6rU
7KnkUlB63kTPbGS2oLheXxdjrFhClrwJ1ETpOVnl9AZbhm4vXeyQ12YMbAomQeVmIj3w7IC7I27PH1fa86PYZJg1jtGzx4gagBweewBgag4xzGtj1gJZYP68af1HP72I7CI7w3jImVeQmoAbMY21QyeXv4mhbZA9lnVOpTE1JwrlChFrjdxXehLo2SGbPTk36BlUknK7
XCstbC11G1YfKs7uxy4l9wC13BA4XEGPgYDg16ccX1gdnDxf1TPzJsUgTUClzjZ9c4F50G7tCewOGNTCbe1KvPqIfSu61N55lCzffzCl55N16uSfIqPvK1ebCTNGOweCt7G05F4c9ZjzlCUTgUsJzPT1fxDndg1Xcc61gDYgPGEX4AB31Cw9l4yxu7sKfY1G11CbtsCX
i2Hot1A3njMeUWjoIeihgHvYxPMxfrVmn50ayZ4geJJYaSGiWNp5vevnTdEXuzfbW8bpz6u6h7VgR3oik5fAA0MT6rmrLqscPTrJJrTPcsqLrmr6TM0AAf5kio3RgV7h6u6zpb8WbfzuXEdTnvev5pNWiGSaYJJeg4Zya05nmVrfxMPxYvHghieIojWUeMjn3A1toH2i
GGXf28VXm8dIeCJ8p63BjNmZbnkU9Sgfy6ju4ami8orcQZaAX3bBJm0KZf8yWe4Pcge6gqGe6XfOsFoJbOkKZFutJtlBXirZOvyTTyvOZriXBltJtuFZKkObJoFsOfX6eGqg6egcP4eWy8fZK0mJBb3XAaZQcro8ima4uj6yfgS9UknbZmNjB36p8JCeId8mXV82fXGG
eZTAzFDMlzqqOzoryuDe1Fbo1rWOlLmogAO8fRmqK4aYwoKocos5tsKOdC6Onj5TILSN475H15bQKl9nyrJmdU0GwxveBRWk4KyzzyK4kWRBevxwG0UdmJryn9lKQb51H574NSLIT5jnO6CdOKst5socoKowYa4KqmRf8OAgomLlOWr1obF1eDuyrozOqqzlMDFzATZe
heSy2z9uTXciPnNyFcIpKhFOEJMz20Zd8n0zhzOZRPCb6pzCqBR1HXklbxf4r79QLZJSTxMfiogg78IN9ZJgrTRsKVp4UOMbIvt44tvIbMOU4pVKsRTrgJZ9NI87ggoifMxTSJZLQ97r4fxblkXH1RBqCzp6bCPRZOzhz0n8dZ02zMJEOFhKpIcFyNnPicXTu9z2ySeh
ABVOH1mgd0F5DmOx5Actp6I7Jjg92Cn1eCjK6UQBOW6sCmjaMls3i0ZReAR8d7ZgACr7xC8Gy3X1IcZumnrUiKhlkXkMVDSwfET33TEfwSDVMkXklhKiUrnmuZcI1X3yG8Cx7rCAgZ7d8RAeRZ0i3slMajmCs6WOBQU6KjCe1nC29gjJ7I6ptcA5xOmD5F0dgm1HOVBA
sd9O21x4umjc47jGguq565tApkgu8CZrEz99TW3jCgl8DUEIIUGhsZHCeMVcoqstjRS6iOhKTrIxFNaOdGUUa2wejMfw3xkFJ4CRRC4JFkx3wfMjew2aUUGdOaNFxIrTKhOi6SRjtsqocVMeCHZshGUIIEUD8lgCj3WT99zErZC8ugkpAt565qugGj74cjmu4x12O9ds
I38zfv9Rvnv3BK26B8gnE4I3GnFDqwoXSnRxdRJX77tAip5JOCVt78OfLuI3LVt6DgugW87v3RUfbrNPSECRCrWnF9Irv4oydD6ZZ6Ddyo4vrI9FnWrCRCESPNrbfUR3v78WgugD6tVL3IuLfO87tVCOJ5piAt77XJRdxRnSXowqDFnG3I4Eng8B62KB3vnvR9vfz83I
1O6nDcnUq5HT8zvQQDwpmhFju5lW1FyvTVcxWPLHnt0MnP46ssn8yRHmpReJX49mRcdJROq7cKko0gmnyZlqlR51EBe25ehOfkyWWykfOhe52eBE15RlqlZynmg0okKc7qORJdcRm94XJeRpmHRy8nss64PnM0tnHLPWxcVTvyF1Wl5ujFhmpwDQQvz8TH5qUncDn6O1
iuZS7iNEuZ4NgnzXJT2kXxi18VAjOwbVKZJjCxNxsJExw5OArlkjdrECHEKwZKLfFvnhM067EdV1Af1sqF0TW9v8d9u6KAcpvOwCCwOvpcAK6u9d8v9WT0Fqs1fA1VdE760MhnvFfLKZwKEHCErdjklrAO5wxEJsxNxCjJZKVbwOjAV81ixXk2TJXzngN4ZuENi7SZui
UbnWWix1Djmie97dT3gtQd5qELftcH3VIJn8Rf0uNg4RF1Tzx0mH4jxBT4TVeqmL0zlL7fbml65PyRIpLUwH5nIRj4inNTzHMetllteMHzTNni4jRIn5HwULpIRyP56lmbf7Llz0LmqeVT4TBxj4Hm0xzT1FR4gNu0fR8nJIV3HctfLEq5dQtg3Td79eimjD1xiWWnbU
mXcjLdaLKjhminWqMOAxX3b1XIlozH3F86NlbNWLw6y6kPOW6pOUmOQDx1RQcovBlDMMQdxGbpEk7sB4CQQN8bqV2Bg6O2709kGppGk9072O6gB2Vqb8NQQC4Bs7kEpbGxdQMMDlBvocQR1xDQOmUOp6WOPk6y6wLWNblN68F3HzolIX1b3XxAOMqWnimhjKLadLjcXm
7VNo1yMNZIpkY3JZM8Vnft4bRw945pK2Exjaqwnk74txy3sF1HsA1pAMg9JCNt7sliS169E33XuUTgZpNMpI1OvAo7d1RAo3HAwFFwAH3oAR1d7oAvO1IpMNpZgTUuX33E961Sils7tNCJ9gMAp1AsH1Fs3yxt47knwqajxE2Kp549wRb4tfnV8MZJ3YkpIZNMy1oNV7
tPNBPu8iVpA5HgETpJwqiIWNRfARQkrEZ7fjReqisrFZxjngtDw0lnI5rjoCtagM5lUoogwax1YpEgUWJLRUX0rkDaLV8sD14xJLLJx41Ds8VLaDkr0XURLJWUgEpY1xawgooUl5MgatCojr5Inl0wDtgnjxZFrsiqeRjf7ZErkQRAfRNWIiqwJpTEgH5ApVi8uPBNPt
sB5oQjioBuKXDwz8S0j4SS6FL2CbKd93E5KUFRDgGn7JdWIwsRsEEqkpmnQVpqRTM2iroKXTyv60ngr8XDD2ToLa04Ukmh5yCfkQQkfCy5hmkU40aLoT2DDX8rgn06vyTXKori2MTRqpVQnmpkqEEsRswIWdJ7nGgDRFUK5E39dKbC2LF6SS4j0S8zwDXKuBoijQo5Bs
BeHxCdeItdaWG3KUiJOe8YqFVji1TXlv3tm8wqGjthb0CLOKv7Otw9XMiAh3xRQuF6s1nzEBaE1CpjnfG1X6zqJcqq5iCO4hLOCYYCOLh4OCi5qqcJqz6X1GfnjpC1EaBEzn1s6FuQRx3hAiMX9wtO7vKOLC0bhtjGqw8mt3vlXT1ijVFqY8eOJiUK3GWadtIedCxHeB
gzIlTlz6x7DRwBLgKow1L76zZfEjG5RLVzVKeqH0OlMEmYKWGbrr9oLztpDYLueCO0mRlTnY7Z6KtIbZJsmiaWCsFgLR0quIka1uu1akIuq0RLgFsCWaimsJZbItK6Z7YnTlRm0OCeuLYDptzLo9rrbGWKYmEMlO0HqeKVzVLR5GjEfZz67L1woKgLBwRD7x6zlTlIzg
INrcL2Vt4p4O0fOQHcWMMih34PG4k1PRjAuT3JizXfHtjwErx07edFA8UG07cJQKKE8hogbGkHYT65EvXcy0izz39T0B6KlIpJq44qJpIlK6B0T93zzi0ycXvE56TYHkGbgoh8EKKQJc70GU8AFde70xrEwjtHfXziJ3TuAjRP1k4GP43hiMMWcHQOf0O4p4tV2LcrNI
qdzy3MwyrlqtEl05eV4Xq5wZj7jSOgcai0xfHo4Xznl5yf032wumukF6jOPWvQV6mNcS17KvLVRe1nAVdTBx8HuhwE7lVTIBcKu66uKcBITVl7EwhuH8xBTdVAn1eRVLvK71ScNm6VQvWPOj6Fkumuw230fy5lnzX4oHfx0iacgOSj7jZw5qX4Ve50lEtqlrywM3yzdq
2aRSdbTMitHmkva3yYkGCO6hq86ISFcpFTBIvUu4I1iRQIOIbYODhMkxmi97NBNsUO0JeoGLkp7ZWnCWFrZM5EDJMDHZeuMYDGcGGcGDYMueZHDMJDE5MZrFWCnWZ7pkLGoeJ0OUsNBN79imxkMhDOYbIOIQRi1I4uUvIBTFpcFSI68qh6OCGkYy3avkmHtiMTbdSRa2
T1YiZVIOST8VsOF05ynkB2G16lu2uIYIdsq4jXL1mKr9zVYVpGAPCGLaQ92FhUnKh6HqVtLc53AxSzMB9Mrbs3bD32iCqunxRUihhiURxnuqCi23Db3sbrM9BMzSxA35cLtVqH6hKnUhF29QaLGCPAGpVYVz9rKm1LXj4qsdIYIu2ul61G2Bkny50FOsV8TSOIVZiY1T
SjFpI3BBjdbUUBHqCkL6rOoG3gyQnayAI5OrzQtCTtxiU8XWieUZSDbOIzaVyxvBvEtovgQjziqphIGon2I97JogCn30FR3ZvOILLIOvZ3RF03nCgoJ79I2noGIhpqizjQgvotEvBvxyVazIObDSZUeiWX8UixtTCtQzrO5IAyanQyg3GoOr6LkCqHBUUbdjBB3IpFjS
YToBE6HMDVZ79y2iHckT7fzpBSeQ3PfvdtViq6UTSorshnZNpECMI11kNaZkO88ssT0CROwf3IWDUqQfUsR6NMh2Mbf2adnrWiTiiTiWrnda2fbM2hMN6RsUfQqUDWI3fwORC0Tss88OkZaNk11IMCEpNZnhsroSTU6qiVtdvfP3QeSBpzf7TkcHi2y97ZVDMH6EBoTY
kMsRevhuGmIY6FgKLBwMGsLjA69HQi5ZUPmXETLl9uD3YkhfL6rrP5zpZzWLctfVdRoHfYtENVBg9Hllf43UzVDTO08QNEgQwty00ytwQgENQ80OTDVzU34fllH9gBVNEtYfHoRdVftcLWzZpz5Prr6LfhkY3Du9lLTEXmPUZ5iQH96AjLsGMwBLKgF6YImGuhveRsMk
l7zcaaBhKmmGHAA4eUm6T3Lxd4nwUieAh4Cg5DniPyNwXOt1eayW4Doaa2vUEyvKVxQtZ60jvIaoxtI0TBrPFaPF0Ez76pjTg0G99G0gTjp67zE0FPaFPrBT0ItxoaIvj06ZtQxVKvyEUv2aaoD4Wyae1tOXwNyPinD5gC4hAeiUwn4dxL3T6mUe4AAHGmmKhBaacz7l
3ECDqqH6gAFzzXhdz6fNOPMa0oakg8ddCFFSUmQ1nvThN1kHXPuhacHzpGEufGwHl31Ajl2vBP4pkgwdUkjTlQo0XRO3yFedB7DJJD7BdeFy3ORX0oQlTjkUdwgkp4PBv2ljA13lHwGfuEGpzHcahuPXHk1NhTvn1QmUSFFCdd8gkao0aMPONf6zdhXzzFAg6HqqDCE3
s1Ys3JjRG6Stk4U78WsWkirROlMFAC2t7vf09NLfL8yV3ntZEGrNND93NmcOO7BmSGhsusw9qpuM4IGboXN30nyjy1WhyytL7Z5ss5Z7LtyyhW1yjyn03NXobGI4Mupq9wsushGSmB7OOcmN39DNNrGEZtn3Vy8LfLN90fv7t2CAFMlORrikWsW87U4ktS6GRjJ3sY1s
TR3DhIaOpa5GNzc0SktnBzgYMRwgpiRDzogbWfOGfmNsgOnXYaEzZKRg2Hmkq7NkMtkEyYk5FWOKg3C71hWvri0nqhXbFfkSxuwPPwuxSkfFbXhqn0irvWh17C3gKOWF5kYyEktMkN7qkmH2gRKZzEaYXnOgsNmfGOfWbgozDRipgwRMYgzBntkS0czNG5apOaIhD3RT
ansx334x80SGRiW0dEkJ2lpBvBYjWiWxvIoQflHDgZjxCArEf2oBh5c28Zfwd1nxd2ihgPKLkSDLtUPXP5yV00RYTVOWq3psXxz77zxXsp3qWOVTYR00Vy5PXPUtLDSkLKPghi2dxn1dwfZ82c5hBo2fErACxjZgDHlfQoIvxWiWjYBvBpl2JkEd0WiRGS08x433xsna
ekqWM3lblCQi1hdUX1jokb6Gpq6hJ2NNf5frZpsEReMmkpBdKkqulOZ07xbitNUxLzjfi3Jz9VgJFhMpr6e4L6wkvwRjEgbpaJuHHuJapbgEjRwvkw6L4e6rpMhFJgV9zJ3ifjzLxUNtibx70ZOluqkKdBpkmMeREspZrf5fNN2Jh6qpG6bkoj1XUdh1iQClbl3MWqke
PbeM1o8OUeaUCDqrX8wyFyZ0gQFISbicblN4ZLKpOKDroucFsy6XqXsWIX80Yh20RJwmuB0el8vysW6fP26aTqW2HVwb3s0o1qzqqzq1o0s3bwVH2WqTa62Pf6Wsyv8le0BumwJR02hY08XIWsXqX6ysFcuorDKOpKLZ4NlbcibSIFQg0ZyFyw8XrqDCUaeUO8o1MebP
Ut3SjvF9tJPpHOCWg661u7xGYFbk9r1ufWHNLmn7w3M5loTqmRLAqdhjHishYM15dckONWmEtYb7iUNuGZUV319edQk35FzAhDPUUPDhAzF53kQde913VUZGuNUi7bYtEmWNOkcd51MYhsiHjhdqALRmqTol5M3w7nmLNHWfu1r9kbFYGx7u166gWCOHpPJt9FvjS3tU
MHQ0B0ztgzEuxU4W3IASyjAsQCvNjYJUa0qBUkT1dyPZMMrjuQ1N039K6UYgnd2N4moRvdnx03QiIdr5SnlMIJXF9qLMsHzoSIbHHbISozHsMLq9FXJIMlnS5rdIiQ30xndvRom4N2dngYU6K930N1QujrMMZPyd1TkUBq0aUJYjNvCQsAjySAI3W4UxuEzgtz0B0QHM
naFkPNSR8qFl1sTfJzDZEPLMI0aq0i1ihBrWpDJntoyOaLSkEVDJgPwNJv8E4ZLd26zKBCXUQqdQ3vZBK7lPnb6Ww40SxGVsDO3EE3ODsVGxS04wW6bnPl7KBZv3QdqQUXCBKz62dLZ4E8vJNwPgJDVEkSLaOyotnJDpWrBhi1i0qa0IMLPEZDzJfTs1lFq8RSNPkFan
1WC94Q7U2HEeRa5LWaQ04hpKncVuob3Jx8itqGimNMpaMLLEm27idnSPoiE3IagA8OSou1ZCiIBuTmX9hvHJdzyQb5nJ5sj1B2jvvj2B1js5Jn5bQyzdJHvh9XmTuBIiCZ1uoSO8AgaI3EioPSndi72mELLMapMNmiGqti8xJ3bouVcnKph40QaWL5aReEH2U7Q49CW1
CW8kYt7EL6mBEUe7NT8kAIHSrcTnkJEMbCwYVU7btJcX8fVLYUVz44Ln8a0IJ8ulBlDWbcWtKYKI7buwUKprH28g0ZNfXCpzoSPooPSozpCXfNZ0g82HrpKUwub7IKYKtWcbWDlBlu8JI0a8nL44zVUYLVf8XcJtb7UVYwCbMEJknTcrSHIAk8TN7eUEBm6LE7tYk8WC
9TwYCcqWpKflgG8tENoAIq0VzxZMggaFYv80XoRGYWR75rRb7ABGP34JtWvz3u7vJ5PclcIDyzCUkuVjuXPDtMMhDBaaw7UA1fBGGBf1AU7waaBDhMMtDPXujVukUCzyDIclcP5Jv7u3zvWtJ43PGBA7bRr57RWYGRoX08vYFaggMZxzV0qIAoNEt8GglfKpWqcCYwT9
Tqlm37owC7zYtAx2NtllV7M3HQj3yndM4OYYmGPNfJhYk6Txq9cG4Odf8lBxxfEuS4M7D4mjhSBqQvhcTiHrxkvwvWNM1sAnONLssLNOnAs1MNWvwvkxrHiTchvQqBShjm4D7M4SuEfxxBl8fdO4Gc9qxT6kYhJfNPGmYYO4Mdny3jQH3M7VlltN2xAtYz7Cwo73mlqT
x0QK3b0Qi4FPfVHpL5eckP45Qkl8v6JnX1Wt1RfCpJstaZcKWfLBvI6GsjFiGou8JLse6whmAz89tbjJFvl17IcQQGYxUMv7yHCVVCHy7vMUxYGQQcI71lvFJjbt98zAmhw6esLJ8uoGiFjsG6IvBLfWKcZatsJpCfR1tW1XnJ6v8lkQ54Pkce5LpHVfPF4iQ0b3KQ0x
JB7db6wbHAG5Kc0tdmfJE29RR6JzAaWJcvMdSDd0dkWNlRbO5gyCbWtSU5LU6D88XKblnegqo35ZO7ilDbNfxBWM9Cb3f815J3jWWj3J518f3bC9MWBxfNbDli7OZ53oqgenlbKX88D6UL5UStWbCyg5ObRlNWkd0dDSdMvcJWaAzJ6RR92EJfmdt0cK5GAHbw6bd7BJ
oHolFHYdPEhPRlHsCTQfUnkuHh7epUe64riBXAfiEmWwx7jYs06Ghh1poYs6ov1kgDl7EqFi258s2hLnbITIqOW8hI3u8x6eZjd66djZe6x8u3Ih8WOqITIbnLh2s852iFqE7lDgk1vo6sYop1hhG60sYj7xwWmEifAXBir46eUpe7hHuknUfQTCsHlRPhEPdYHFloHo
euJDhe1AExX0Oo6659GMHNkQQulU27g9SOdYt6zWvrREapB3OiIvvRGGGr0BPabDpD4cBWXWIJ0HY1dhdL3y6d7DuXFfXGHGjEHKKHEjGHGXfFXuD7d6y3Ldhd1YH0JIWXWBc4DpDbaPB0rGGGRvvIiO3BpaERrvWz6tYdOS9g72UluQQkNHMG9566oO0XxEA1ehDJue
uiABVEqhmxcZdFM9zKHQiHBZEDIVTBwIIWj62zfHqhcTmOsgyYwBbX2E0D1OeRxnIAkEZOmlUN7B2QhUJ4wKUrOPvk8y1vfeVPiPPiPVefv1y8kvPOrUKw4JUhQ2B7NUlmOZEkAInxReO1D0E2XbBwYygsOmTchqHfz26jWIIwBTVIDEZBHiQHKz9MFdZcxmhqEVBAiu
Mj7G0PlGdOAZWNTNAmfTKUHVl9vvBCZnLyTFi8mlNMEeZxr0ewoNKVEUuYJU2eCG2vleuxpCetg7lxXOnG4X2AmqzVEuYhZU3FyQQyF3UZhYuEVzqmA2X4GnOXxl7gteCpxuelv2GCe2UJYuUEVKNowe0rxZeEMNlm8iFTyLnZCBvv9lVHUKTfmANTNWZAOdGlP0G7jM
wbPRxgrkBVe42ka0dS5kn95AzpsJG4854NpuuA7UwCQrLPmODIyQhUrbfdJKajh2WvPKVo8LQO529IldrdSYXeY3hDgGLnBcDrmzzmrDcBnLGgDh3YeXYSdrdlI925OQL8oVKPvW2hjaKJdfbrUhQyIDOmPLrQCwU7AuupN4584GJspzA59nk5Sd0ak24eVBkrgxRPbw
uUIXTAdJnaxKyU9AthVurbsB5C4A7mfSBMlUNn8ZmvfFKDf7KZS31f6YHzyfG7XikC5XO3R2RVA3ZEze8nbYr6rXXK58iugsVdkffkdVsgui85KXXr6rYbn8ezEZ3AVR2R3OX5CkiX7GfyzHY6f13SZK7fDKFfvmZ8nNUlMBSfm7A4C5BsbruVhtA9UyKxanJdATXIUu
3aQr9mLdgqbsq0dom1GVxE7mlrBo0gMVf4HeiThODIBTCfCN9IExnddxtegnksDpoLtVaZfCcFwEJXrJbVAOyCGmGmZQ66alIsBHHBsIla66QZmGmGCyOAVbJrXJEwFcCfZaVtLopDskngetxddnxEI9NCfCTBIDOhTieH4fVMg0oBrlm7ExVG1mod0qsbqgdLm9rQa3
GkNLbrvyD7zz6HsbO7HZxXWuXC6JEFVkqeVqVljzICshkFiXdOr0hIp9LmJqsazceprYzZRC4fIhKQ8MAqHHzVGFcqUupNvs5hlWWlh5svNpuUqcFGVzHHqAM8QKhIf4CRZzYrpeczasqJmL9pIh0rOdXiFkhsCIzjlVqVeqkVFEJ6CXuWXxZH7ObsH6zz7DyvrbLNkG
5Y5CcfmsdYStazmvARxPgl7ubrQh4HiZbF3dJIvMBHaBbmWA8OQeYoyZajc2QkvRORTYzjg1Pg5QRtRQccT1qmUPvVLG9AxorLHLLHLroxA9GLVvPUmq1TccQRtRQ5gP1gjzYTRORvkQ2cjaZyoYeQO8AWmbBaHBMvIJd3FbZiH4hQrbu7lgPxRAvmzatSYdsmfcC5Y5
nhFsDvEwHuyJjSzviJk7uQ6vILhttRiayMS3CxSJMKtV7nKGVUElfBbMnh9AyHArutMwLAAxkTMIbxOWLtBPUB2dj1CbDdsWW9NccN9WWsdDbC1jd2BUPBtLWOxbIMTkxAALwMturAHyA9hnMbBflEUVGKn7VtKMJSxC3SMyaiRtthLIv6Qu7kJivzSjJyuHwEvDsFhn
H8vhlaKN4qeWwfmox7TTpDBhd0pRaIzGGOnQOW8mHcC7gNL6m8s0CTcfNQVMzqSa9APoxpz7q12VJHTVFFqHYsMgDct4sF2RgLa44aLgR2Fs4tcDgMsYHqFFVTHJV21q7zpxoPA9aSqzMVQNfcTC0s8m6LNg7CcHm8WOQnOGGzIaRp0dhBDpTT7xomfwWeq4NKalhv8H
yZkuUA72ttByejRWUWzxJvkpr2u40rWtKBiabG0U04N8g8U0Uos9e2OUxeRsuiFakN8lUZ9OWmM3lBWbPIATfoi2sZNGdtFmBEwvvwEBmFtdGNZs2iofTAIPbWBl3MmWO9ZUl8NkaFiusRexUO2e9soU0U8g8N40U0GbaiBKtWr04u2rpkvJxzWUWRjeyBtt27AUukZy
