ShvB9MVQPZ3KxqJ06hDQxXdLjE3euIVGOKhox59GW1qNLZHIAKzXd3DlaapuiEZVocff7DLv83CJvKRwvKNxgrDgQRzXVuoEvtkTTktvEouVXzRQgDrgxNKvwRKvJC38vLD7ffcoVZEiupaalD3dXzKAIHZLNq1WG95xohKOGVIue3EjLdXxQDh60JqxK3ZPQVM9BvhS
RXu7r889jmvMtHzyaosrcwwkyI1ILUc4mV07Tz45gsKYYDQXQDJSzb6rIXZtN2qZQlxfeuCJgmd9PTxAWctPcrBKk37WWNrizJm44mJzirNWW73kKBrcPtcWAxTP9dmgJCuefxlQZq2NtZXIr6bzSJDQXQDYYKsg54zT70Vm4cULI1IykwwcrsoayzHtMvmj988r7uXR
NGe0ICJ30kt27D4OeHX9fpwRB6KkjiHxNKsWN3sIgfDEIAsLhlLl0B53aIFiQMa6xsTFoGnuLQXtqKaxUKcqmaLlIRTy8Twwgk2tt2kgwwT8yTRIlLamqcKUxaKqtXQLunGoFTsx6aMQiFIa35B0lLlhLsAIEDfgIs3NWsKNxHijkK6BRwpf9XHeO4D72tk03JCI0eGN
ih5y7PjjOA6zCoGBZQjmfclyXB6C3rsEyP5W9h9oG5IjKokF9tQfU44n50OzlB7dQ3YqCy6jvGr9U2fUOwYesUrOP9IZbg5QBwBeeBwBQ5gbZI9POrUseYwOUf2U9rGvj6yCqY3Qd7BlzO05n44UfQt9FkoKjI5Go9h9W5PyEsr3C6BXylcfmjQZBGoCz6AOjjP7y5hi
Le82KjSLSbsz1FmeiqN1HEEnGaizKN6vs4q3feiXfZs986CgNqBvuFcZEkToXREJoTftXNl3h43g08MIOn5DS94wIQFACjkP5PCVVCP5PkjCAFQIw49SD5nOIM80g34h3lNXtfToJERXoTkEZcFuvBqNgC689sZfXief3q4sv6NKziaGnEEH1NqiemF1zsbSLSjK28eL
fGjunSoznjISYa5Do4N2Yv5h9IszDQXIxB6Etl7AtgsnFPPTn6PFsmmsU6myODAgf5KXjiy2nljS0YhiVVMjCY2xxipFLpKPMuhUUhuMPKpLFpixx2YCjMVVihY0Sjln2yijXK5fgADOym6UsmmsFP6nTPPFnsgtA7ltE6BxIXQDzsI9h5vY2N4oD5aYSIjnzoSnujGf
WULld2szzWDKfSbee0CHgOPj8kU8cfEXYqC4LvvFLzpPLQuqKVWQeh0DqOBsTgJMvMIAB7GnWV5DgQSqhkAKq1nBkOS6T3KIitJJJJtiIK3T6SOkBn1qKAkhqSQgD5VWnG7BAIMvMJgTsBOqD0heQWVKquQLPpzLFvvL4CqYXEfc8Uk8jPOgHC0eebSfKDWzzs2dlLUW
pWHEtllf50lG1VWVCx9rk5FFhNNzxxkhNRLB3VFzQrAMGwdJNC1X9A6FoLafCkmq1WQxMWr6HRJoHLWvNSMmsKRavQfW1qGwGXnttnXGwGq1WfQvaRKsmMSNvWLHoJRH6rWMxQW1qmkCfaLoF6A9X1CNJdwGMArQzFV3BLRNhkxxzNNhFF5kr9xCVWV1Gl05flltEHWp
ViTSXIsiPT7XxQv4XcbtmG57jWRZpQHEY0WqCIYs4wKTGbP8dQrOXOnAg7ZuPcyi2PY7yrQUi0iN2XM7J7nbMzARy0gH28PxNjUFFUjNxP82Hg0yRAzMbn7J7MX2Ni0iUQry7YP2iycPuZ7gAnOXOrQd8PbGTKw4sYICqW0YEHQpZRWj75GmtbcX4vQxX7TPisIXSTiV
CKG2y9Vcv7Xf8TttRwr8qxgGw0cuSxiVBORznh0dESHehZwXQhxB94hVxikKasbbBRzOXur3hYAntVgD66e50lsrt43so4tPOm7GG7mOPt4os34trsl05e66DgVtnAYh3ruXOzRBbbsaKkixVh49BxhQXwZheHSEd0hnzROBVixSuc0wGgxq8rwRttT8fX7vcV9y2GKC
PdIiCV0y17wYCSSMgEAcARQ5falr7RRnUzuwpoPKMGEoYwZ720A3mqyrPednwv1KpOc86QkJwNxPERo9mo0y6tkNWm2NcVxQfyOddOyfQxVcN2mWNkt6y0om9oREPxNwJkQ68cOpK1vwndePryqm3A027ZwYoEGMKPopwuzUnRR7rlaf5QRAcAEgMSSCYw71y0VCiIdP
XmagePkV6ICmdZkwDyNqt0sJRCOJRrSk4SPbcYVacXmesV1wNihBCylt2Y5MJpVGCgHf75eavPeig76SgftI581XWxeAHZhkaoo77ooakhZHAexWX185ItfgS67giePvae57fHgCGVpJM5Y2tlyCBhiNw1VsemXcaVYcbPS4kSrRJOCRJs0tqNyDwkZdmCI6VkPegamX
S7AcdIhBgZHkNpHLK8ccdCJ6jS6xc3CT1dU5K38Qwg2DvCpacqcftKd46at84VRWXhtdCstYxo2MQkLS1MxOxzKuZ7TVtfmLLaNooNaLLmftVT7ZuKzxOxM1SLkQM2oxYtsCdthXWRV48ta64dKtfcqcapCvD2gwQ83K5Ud1TC3cx6Sj6JCdcc8KLHpNkHZgBhIdcA7S
ijxOT8DU8JgA7wseaGjaL9rusMjMG1dOE06yyANxKSyjkkMjQUI4TZqGgzsnTv3xPzQIZ6aeqyNzczdROLOdF7jLW2XLRUDbNtIhhItNbDURLX2WLj7FdOLORdzczNyqea6ZIQzPx3vTnszgGqZT4IUQjMkkjySKxNAyy60EOd1GMjMsur9LajGaesw7AgJ8UD8TOxji
ILBAy1Cr5uAICdoamYxiRCYgfZSXCZjlfJm4eNoAcpjDswe6q0gB58HBX0z0TdGzLRvP8EQaSYeEqhCabHB5Gj87dYYV18OHPfwoowfPHO81VYYd78jG5BHbaChqEeYSaQE8PvRLzGdT0z0XBH85Bg0q6ewsDjpcAoNe4mJfljZCXSZfgYCRixYmaodCIAu5rC1yABLI
Go2ArAPxcPyJrVPzvo2NGRjgBPUGhDpMslndK31MmSw4IFw5Tsl1ftAGevmky2WkhenRAH6n1ukd0AANSLiW9I4C6jMwfEblHn3ii3nHlbEfwMj6C4I9WiLSNAA0dku1n6HARnehkW2ykmveGAtf1lsT5wFI4wSmM13KdnlsMpDhGUPBgjRGN2ovzPVrJyPcxPArA2oG
GrAdCvK4mzBuaYlMZDXaYAl4k65OzJ8A18C4umZaG0uFTarNdkM3JXyTVUDO8BPY9rwT7QSeKiJ8h0LjfygOr6dGSFUsGfKgvBzTTzBvgKfGsUFSGd6rOgyfjL0h8JiKeSQ7Twr9YPB8ODUVTyXJ3MkdNraTFu0GaZmu4C81A8JzO56k4lAYaXDZMlYauBzm4KvCdArG
WTcFjOBrpIJ1MXAeLghUSXBVh9kb2VpRjrXRAzCpCmJOekRPpzfCQFyxfcxAWhsbyKRyEuhGAQvE0Gtk9ymQ5eHCG9d6hV68aPxeexPa86Vh6d9GCHe5Qmy9ktG0EvQAGhuEyRKybshWAxcfxyFQCfzpPRkeOJmCpCzARXrjRpV2bk9hVBXSUhgLeAXM1JIprBOjFcTW
wK6KVM00jNVD23zH5eR2oZMGtsxmXxEoddXYOtSWAJ04fUDCXU6hpKMc3EOT1sC5u0VDnj1nRVjWkMYcbWjQbVS6zbRUStSHojL11LjoHStSURbz6SVbQjWbcYMkWjVRn1jnDV0u5Cs1TOE3cMKph6UXCDUf40JAWStOYXddoExXmxstGMZo2Re5Hz32DVNj00MVK6Kw
QOUH7CHAe2XEBobZlP971vlKUZklUMHg34M07t0doRGOAHjKxIjS5t4Snh5CuFHQBtKAhFCuxjDxPMBGulyR6vel3cMQGtbigLHnnHLgibtGQMc3lev6RyluGBMPxDjxuCFhAKtBQHFuC5hnS4t5SjIxKjHAOGRod0t70M43gHMUlkZUKlv179PlZboBEX2eAHC7HUOQ
kcIsF9BrBifLbwJV0us4ADDtDlzpSH94IIoNhq7IyetY06ourbRRDuFha8vtFvpo561EoYMG5A8W5nLNo4AQRfWQdMDIBSw8rRd88dRr8wSBIDMdQWfRQA4oNLn5W8A5GMYoE165opvFtv8ahFuDRRbruo60YteyI7qhNoII49HSpzlDtDDA4su0VJwbLfiBrB9FsIck
HUOpvFs9JKqNxcjQyDvPJK4KHeKRwac7UqoJVbi8KxMCzUtSYiccR8LYcvlyvnxk4gStg2rQt6sMSf8lnbN78zxbPdYEPPOMUC9119CUMOPPEYdPbxz87Nbnl8fSMs6tQr2gtSg4kxnvylvcYL8RcciYStUzCMxK8ibVJoqU7cawRKeHK4KJPvDyQjcxNqKJ9sFvpOUH
qlPo64Bd0np2ZN0Sg1ciuhXEVEzxdTUt9Fc5Bd94qNxJ0R4an9IbGaE2D5ThqizPM1mO7KKNxBxstuSaT0az0DV6ajeqr6A8YLMwwMLY8A6rqeja6VD0za0TaSutsxBxNKK7Om1MPziqhT5D2EaGbI9na4R0JxNq49dB5cF9tUTdxzEVEXhuic1gS0NZ2pn0dB46oPlq
Emisj8QbIKL75YA5w3XmkzbA8Hf0lGIOtrb4qR4X5Iv0bVxxsPe2JE4HmbBwHKfZ3gWLWSdu3yO5pGubvx393YgHYi8bRe2njRYAAYRjn2eRb8iYHgY393xvbuGp5Oy3udSWLWg3ZfKHwBbmH4EJ2ePsxxVb0vI5X4Rq4brtOIGl0fH8AbzkmX3w5AY57LKIbQ8jsimE
3vbTD5CjRe8jA5EyCMQJLR2OMjX7Bye4nerPBTYSWW1wtaowM9AxQ4F6f61hV9dCCuSEilw7cRuvRdm7cnUSj1PnXLuokWrnKDQRRQDKnrWkouLXnP1jSUnc7mdRvuRc7wliESuCCd9Vh16f6F4QxA9Mwoatw1WWSYTBPren4eyB7XjMO2RLJQMCyE5Aj8eRjC5DTbv3
HQPyFgJHsiJ862hXmUqWI9AaPNls65AFnP5RVHYHOdgL7neJCUbKtBKDOUUMRuR7EoQzVkcFmhrKuUuwkuB6vlAEauqRjBqoqAiFFiAqoqBjRquaEAlv6BukwuUuKrhmFckVzQoE7RuRMUUODKBtKbUCJen7LgdOHYHVR5PnFA56slNPaA9IWqUmXh268JisHJgFyPQH
jlwq3AErv10j2x8hXDgLtXUUiCEHlKRtUHDriic4D4G7uFELIlx3CmqJOuRY9dnuKQFRYHo2eUZyz6eBj24miNVxChQbk5uToZGGGGZoTu5kbQhCxVNim42jBe6zyZUe2oHYRFQKund9YRuOJqmC3xlILEFu7G4D4ciirDHUtRKlHECiUUXtLgDXh8x2j01vrEA3qwlj
UCFj27cZBeC6bNfND2pKmqvJEIx8p7ADAgL3eovFsxCsFhbjdpupAjyeRqdbOdEpiQll7arPxSC6ZCg4s0mRdeVvuXwe1Zsek4pIIp4kesZ1ewXuvVedRm0s4gCZ6CSxPra7llQipEdObdqReyjApupdjbhFsCxsFvoe3LgADA7p8xIEJvqmKp2DNfNb6CeBZc72jFCU
axTs0QL3xINru8UyUJNM9QiyClDa1l3ZCpL3bXyxbhjug5N0g0HEKO6n0AmUKIony0JyScqSiyhnvTi0OOaz54gW5Smh2zUtt6lGGl6ttUz2hmS5Wg45zaOO0iTvnhyiSqcSyJ0ynoIKUmA0n6OKEH0g0N5gujhbxyXb3LpCZ3l1aDlCyiQ9MNJUyU8urNIx3LQ0sTxa
lOT2UVBpFOGoNw5nxtkZL1PhTlGHRVd3eVXYlYIQho8vf3d2PmV0hgcZQHbc4e7bYvZEOCuvQtkvqmr9Yh09n2z7e0Ab66BWT00cc00TWB66bA0e7z2n90hY9rmqvktQvuCOEZvYb7e4cbHQZcgh0VmP2d3fv8ohQIYlYXVe3dVRHGlThP1LZktxn5wNoGOFpBVU2TOl
pxNDcCSOTsh1mGiIAFLZFLXDnowIjYfyQR1suoBiBICNoJvOPAiuM9WYNobVGFNwxJjLXKTysvgba0OO2WCHwyaDhBzMghe4QnIiiInQ4ehgMzBhDaywHCW2OO0abgvsyTKXLjJxwNFGVboNYW9MuiAPOvJoNCIBiBous1RQyfYjIwonDXLFZLFAIiGm1hsTOSCcDNxp
S4bBZL35tjGeIDXNpeMjKY7WdrRGxPsKLSLG8idrqJvYNMG3PtE1MdrptDVLSHw80CEZJHK0RbT8M0Z5N9yzCjjwM7C8GX7AZczeezcZA7XG8C7MwjjCzy9N5Z0M8TbR0KHJZEC08wHSLVDtprdM1EtP3GMNYvJqrdi8GLSLKsPxGRrdW7YKjMepNXDIeGjt53LZBb4S
ecYxTnjcsL5YPtApiJ4tBBa9U9kPu5qy8JpRVYtHeQaSE9CMJ7bkaaIv9RFtOUmM638Tus0xD1KH0muDJuMktU8thDhUyscwOBJDDJBOwcsyUhDht8UtkMuJDum0HK1Dx0suT836MmUOtFR9vIaakb7JMC9ESaQeHtYVRpJ8yq5uPk9U9aBBt4JipAtPY5LscjnTxYce
E1V8f6Zqr40FkeY9cLFER15f3ST42WqArG8VEYGUUA07Du4FAdkS5GWyykVuAGusmtIPLofaoA8RU2Wu6AGZG4t9HItiohz00CKFFKC00zhoitIH9t4GZGA6uW2UR8AoafoLPItmsuGAuVkyyWG5SkdAF4uD70AUUGYEV8GrAqW24TS3f51REFLc9YekF04rqZ6f8V1E
EzUdTgb4WS2Y60zWsz9FXUPGWePs5YObRDDgIEd8X6XUyRLlKkPda8IVDyHaQwAcZdiCHkB8iZtal7KwI0yHYc64zE2k23mU9UxGGxU9Um32k2Ez46cYHy0IwK7latZi8BkHCidZcAwQaHyDVI8adPkKlLRyUX6X8dEIgDDRbOY5sPeWGPUXF9zsWz06Y2SW4bgTdUzE
zEgSWg5uPS4kmEDnc9hG1rBW7VvsN3QGAWyw4vLMIHVTmzBnYiuTzUlWlbIy4Y73qxSmn6yVFOJrjl8BtsvMhadsBml5FkzUbLcnncLbUzkF5lmBsdahMvstB8ljrJOFVy6nmSxq37Y4yIblWlUzTuiYnBzmTVHIMLv4wyWAGQ3NsvV7WBr1Gh9cnDEmk4SPu5gWSgEz
AiRqt6iLFd2rr6YwVLCvWXUeiPkzpuXP4kbpIiZnkV82TyrjDt80Lu9SDILt5eCzOCjxJefTYdpM0bV7uuy9jWRMa693CCVreaiooiaerVCC396aMRWj9yuu7Vb0MpdYTfeJxjCOzCe5tLIDS9uL08tDjryT28VknZiIpbk4PXupzkPieUXWvCLVwY6rr2dFLi6tqRiA
662ltriVoX5AlmCPmpDU04OXs4XL3Zazx3fkNM91e52PI58TMBjh8W7rTw3Pq4JhXOrf0r99NZowxmlfNulMmJ59aZpqVYxnIirCCriInxYVqpZa95JmMluNflmxwoZN99r0frOXhJ4qP3wTr7W8hjBMT85IP25e19MNkf3xzaZ3LX4sXO40UDpmPCmlA5XoVirtl266
U25tls08U6eUfd8YRxKRdf40dibRONqdINvTaqsUowkSyill8v5C0Y56b7OPl8RuMHHLWZbgPKXjSDtsYPUSJrPKP7z05KpjsVvJJvVsjpK50z7PKPrJSUPYstDSjXKPgbZWLHHMuR8lPO7b65Y0C5v8lliySkwoUsqaTvNIdqNORbid04fdRKxRY8dfUe6U80slt52U
vObAgjSk4FDnzVVlgaZEyTbDDKUY96kUmkUsTi4PMa3GVsQ1rkAk8AMBlc0JAf9MOu9c42RJ2OpQAAmrKL0IMiKWkFBJkavYuu1qq1uuYvakJBFkWKiMI0LKrmAAQpO2JR24c9uOM9fAJ0clBMA8kAkr1QsVG3aMP4iTsUkmUk69YUKDDbTyEZaglVVznDF4kSjgAbOv
RpFW8DM6eaFB3GbTELADOiULuFv2VZ9iJF8HjLgMlLoHro2wZ1YJCOuwtjskDRsMwqu92zmhfzNwiknBEhkGU95IIPSMbfzWunvqqvnuWzfbMSPII59UGkhEBnkiwNzfhmz29uqwMsRDksjtwuOCJY1Zw2orHoLlMgLjH8FJi9ZV2vFuLUiODALETbG3BFae6MD8WFpR
cxM0gCdpqDSwoyLMVuvfhBFmZ4ahsQOtI0oN5q3MSODBHpo5DDCKeiV8eVfvhTipNv3kfXxyg1ZNkikNKnyOuNMXeRMKfvZRlv4QQ4vlRZvfKMReXMNuOynKNkikNZ1gyxXfk3vNpiThvfVe8VieKCDD5opHBDOSM3q5No0ItOQsha4ZmFBhfvuVMLyowSDqpdCg0Mxc
uITOcBYkLhTX8DmMpEqbr1ghuyRjucxjKKXMlRwwXKNxnZD38T5PpCVdZiMOkDXTnPBYbXOYc4PPxTmviIFWl3ZgDgUnJMBx4dP44Pd4xBMJnUgDgZ3lWFIivmTxPP4cYOXbYBPnTXDkOMiZdVCpP5T83DZnxNKXwwRlMXKKjxcujRyuhg1rbqEpMmD8XThLkYBcOTIu
6V40FLrzXGbbmXlHRrLXhYBS0XO5hLxfbt8G9Q9wxbxdYDkkTVcZoDni23Fdh4hIqgoqVohMp7qHb0rUPtP7W3GRYLT9I1iXBWIXXIWBXi1I9TLYRG3W7PtPUr0bHq7pMhoVqogqIh4hdF32inDoZcVTkkDYdxbxw9Q9G8tbfxLh5OX0SBYhXLrRHlXmbbGXzrLF04V6
pfSMu0Nolc58Q2VNchgN1FvwoNxEVPiET1riU7wbAuaRpv8q2f5xKSnXAf2wUe1I7LQTkGTJ1T0kIz0e8x2jJjBkN6acb1Kag0SppS0gaK1bca6NkBjJj2x8e0zIk0T1JTGkTQL7I1eUw2fAXnSKx5f2q8vpRauAbw7Uir1TEiPVExNowvF1NghcNV2Q85cloN0uMSfp
UYyysG7ovfsYykSWLZRJVpeIV8iRbkavCxoT7mCTrvmk89AJYStpBwWxV9IWIIMl9076hbQyv4CU3d6uURdwIZN6zwvCaBM91l4CC4l19MBaCvwz6NZIwdRUu6d3UC4vyQbh6709lMIIWI9VxWwBptSYJA98kmvrTCm7ToxCvakbRi8VIepVJRZLWSkyYsfvo7GsyyYU
M0BJ3wF7UZTg6JNXxmrObSNBAm5Ki8wuzy5VodTC4iHzQVQiCCVDVefvpB9WbvL0njq0LE6ILFC20se5vZaK5E9ng8DhuoBcxQ3CC3QxcBouhD8gn9E5KaZv5es02CFLI6EL0qjn0LvbW9BpvfeVDVCCiQVQzHi4CTdoV5yzuw8iK5mABNSbOrmxXNJ6gTZU7Fw3JB0M
VSwtojVzfmWEOcKtKY2mkWmqCCE6VzVMnm92uuuZbm6qnjdyC6fMTr4WtAUJ0kvhvTcKIWfjCdzPm2IozM1N6XerYXZSdpZyD3DLLD3DyZpdSZXYreX6N1MzoI2mPzdCjfWIKcTvhvk0JUAtW4rTMf6Cydjnq6mbZuuu29mnMVzV6ECCqmWkm2YKtKcOEWmfzVjotwSV
PDlvthPV5KG54E1dOo2UX56u6g63wNjgrT2e1KYYvawreruRaphWLfKJljFBWOHHdCK6neWDDMUH5jz3xASeE6MqhsR5byee1OcIIcO1eeyb5RshqM6EeSAx3zj5HUMDDWen6KCdHHOWBFjlJKfLWhpaRurerwavYYK1e2TrgjNw36g6u65XU2oOd1E45GK5VPhtvlDP
