k81P2U4sGCMabCvBuljReulrXWbrRso1rIlm4H8DjlDkMXLcCUSFj7WBuxSGkAb2jmhgTGJ3RmG6Er8ggRLppCPeZcJEdK9lwGRJJRGwl9KdEJcZePCppLRgg8rE6GmR3JGTghmj2bAkGSxuBW7jFSUCcLXMkDljD8H4mlIr1osRrbWXrlueRjluBvCbaMCGs4U2P18k
Qy5qz66u2mPOjlPJJvRqk6BTOKdKOasAxpPrnnGizvWDbgml272F44zKG4uv2HUtVFEDRlLLacobhzlCyGiuDb9k4uay1vlrZPTmmTPZrlv1yau4k9bDuiGyClzhbocaLLlRDEFVtUH2vu4GKz44F272lmgbDWvziGnnrPpxAsaOKdKOTB6kqRvJJPljOPm2u66zq5yQ
8WZag0gafIxLPmpQlzN8YFZNrKiA6uZ2Kt0PnbqSjh8YSOK7Hx5b6wNoAVN5JiYU3TfJTu4511VojaLQxiru89d7Vr28yTTUiy7117yiUTTy82rV7d98urixQLajoV1154uTJfT3UYiJ5NVAoNw6b5xH7KOSY8hjSqbnP0tK2Zu6AiKrNZFY8NzlQpmPLxIfag0gaZW8
gPEsCHQRUySlZOUxrlF7SY248l3zUN515bnaI7R5wFHPt4ifHNCzg7vFIR75A3x65f4FdpcyUJIHgQnN7PGEN3jwniTMDmJbrhFttFhrbJmDMTinwj3NEGP7NnQgHIJUycpdF4f56x3A57RIFv7gzCNHfi4tPHFw5R7Ianb515NUz3l842YS7FlrxUOZlSyURQHCsEPg
eEoJFYhaEgSjI6A8RiqSvJ7qfMAGv76zcLeifkhIQ0RzxRxIZi2pszawG9346ZvAfyIKDPttJgmBXeKrMFb77bUFaqB6JV5pogZRRZgop5VJ6BqaFUb77bFMrKeXBmgJttPDKIyfAvZ6439Gwazsp2iZIxRxzR0QIhkfieLcz67vGAMfq7JvSqiR8A6IjSgEahYFJoEe
NqH7UJw8E9hrmzxTG0xRfOttxHhizyOHiwf6a34E2DUh3MZdGRTmai8XPg9I7opGEUEErbimE5tajMDP6x17aZwObVw9DGgi2kLmmLk2igGD9wVbOwZa71x6PDMjat5EmibrEEUEGpo7I9gPX8iamTRGdZM3hUD2E43a6fwiHOyzihHxttOfRx0GTxzmrh9E8wJU7HqN
HA7X9mVxbnZlBfNbiW0UKPmq4ELrrUKXviQUthLUtgAUKnVRDPhn9T43xjoj5XcSaSItYuIMZibeuVVWF3efpbBhjOPGGRZGecY33YceGZRGGPOjhBbpfe3FWVVuebiZMIuYtISaScX5jojx34T9nhPDRVnKUAgtULhtUQivXKUrrLE4qmPKU0WibNfBlZnbxVm9X7AH
I3tZVVCSHe3LMSnX0MiTrcn2PDzNpdeW8wrUnShUWeaEWn2sZdGLFSiuWcCFeF4d3NyIa84xd510KWmF0Rq9fyT3zwb715AxkXakkaXkxA517bwz3Tyf9qR0FmWK015dx48aIyN3d4FeFCcWuiSFLGdZs2nWEaeWUhSnUrw8WedpNzDP2ncrTiM0XnSML3eHSCVVZt3I
TeohicIoL6RDtgeYFI6uPDSXVpc5QhffLslTTuBartCfyg76O2s69FwVvxtF9xKkkv77j950RAalG6iuz0rYAipU9c06yfiDzFbddbFzDify60c9UpiAYr0zui6GlaAR059j77vkkKx9FtxvVwF96s2O67gyfCtraBuTTlsLffhQ5cpVXSDPu6IFYegtDR6LoIcihoeT
BVSFYuRAgsChUbKSkUEEezRzCmHWhTcHjTncI7CNQEufF9ypt3TwVgqysWOykrATFoVNMx273qDBO1QBxeXMjHE18TTIEU4kCRWppWRCk4UEITT81EHjMXexBQ1OBDq372xMNVoFTArkyOWsyqgVwT3tpy9FfuEQNC7IcnTjHcThWHmCzRzeEEUkSKbUhCsgARuYFSVB
sMFcPgqkWRCZJpDqu8OHtxmHuvkGmyp8fUaTZq7rdaKLPO3DNlkAdwhwlq3xImvNAVb1F7LH8WtOfprR02R5rYS4kPTS1Ia08aUeeUa80aI1STPk4SYr5R20RrpfOtW8HL7F1bVANvmIx3qlwhwdAklND3OPLKadr7qZTaUf8pymGkvuHmxtHO8uqDpJZCRWkqgPcFMs
AL5xal2p2NjxaFizXEdhyUBAU38URdssOqjO0e5WRgNrKwkd1mjSBKtwHsKyv5kfMsSiwP7HUmX8dCB5OKqqVEg4VQvmN8q0qCchhcCq0q8NmvQV4gEVqqKO5BCd8XmUH7PwiSsMfk5vyKsHwtKBSjm1dkwKrNgRW5e0OjqOssdRU83UABUyhdEXziFaxjN2p2lax5LA
hFxAZrnsRXHLjDHZkMpP2Ma6cBoaOrMUwDuQUcCHzjsdnY3wgLGCXGAZiOYVagkwJ8G7AJfYSx39PYVwe4Y3CyvKhOagTk47IC2ii2CI74kTgaOhKvyC3Y4ewVYP93xSYfJA7G8JwkgaVYOiZAGXCGLgw3YndsjzHCcUQuDwUMrOaoBc6aM2PpMkZHDjLHXRsnrZAxFh
5JaP6nSd1fdnNAUnTDkK0DI1Tn3bRZ4oe25cjpEEUHRcigO3JYhe2p9p41qNvn3Ziz1rjaU5Hg8qLMLvgsybcxq6SBLHNhcwa6hiih6awchNHLBS6qxcbysgvLMLq8gH5Uajr1ziZ3nvNq14p9p2ehYJ3OgicRHUEEpjc52eo4ZRb3nT1ID0KkDTnUANndf1dSn6PaJ5
yeqZNQr4JzxHXhPYUCKrYm7Kn9B5vTvnWfHFUXB7QXgj9VcuxLfQXC0fb3BwpVDhZkLPcmoSEt2dI4WbI1QA7lF9Hgvw3Y4vDIFEEFIDv4Y3wvgH9Fl7AQ1IbW4Id2tESomcPLkZhDVpwB3bf0CXQfLxucV9jgXQ7BXUFHfWnvTv5B9nK7mYrKCUYPhXHxzJ4rQNZqey
SXxFSzOPQOxM8Xkk4Jrc9i7xet0LY9aLwwrJq9ycoQNMiXWFbHGaOExSXs8rr63iunsFMlG01uHeL6ILgpLTTdHmuF5gdyOxgA3tt3AgxOydg5FumHdTTLpgLI6LeHu10GlMFsnui36rr8sXSxEOaGHbFWXiMNQocy9qJrwwLa9YL0tex7i9crJ4kkX8MxOQPOzSFxXS
doGwUJBSsNXbyMv2tbQY5V1wfs4EOpPr4vhR9iEQU4QMJGj5hYVEprZTdwyrgIdC5jt4qXMEv7R9e15ktsoddIWG9qXfXZGVCZRttRZCVGZXfXq9GWIddostk51e9R7vEMXq4tj5CdIgrywdTZrpEVYh5jGJMQ4UQEi9Rhv4rPpOE4sfw1V5YQbt2vMybXNsSBJUwGod
7XI4kibEEKXVY0zcRAbBxfYRLougAhY88b0iJ1nngEd994AQ3BrTGKfsYyXYArX9StH2NTiTXltxhTHDUzw2D2N5UgwuwNSJAzEooEzAJSNwuwgU5N2D2wzUDHThxtlXTiTN2HtS9XrAYXyYsfKGTrB3QA499dEgnn1Ji0b88YhAguoLRYfxBbARcz0YVXKEEbik4IX7
rGXJmxTKK3rWv60ZMketPdafhodJUb0FHRpSJd6T9OluMfNypRm8TMeZZgePg7uNqEAzH5NgmYzY6HrnY4lnIoiDTlsZJhIzLissssiLzIhJZslTDioInl4YnrH6YzYmgN5HzAEqNu7gPegZZeMT8mRpyNfMulO9T6dJSpRHF0bUJdohfadPtekMZ06vWr3KKTxmJXGr
AYryRJwZ1DtxObA4ieQTwl65Swi1j1AJtQcF0yav1snJTNG1rxphcMEvDnPmHpVZAWa2p9qKR6ufKZb3Qpdt3Hj9TXL2ibVIyvDiiDvyIVbi2LXT9jH3tdpQ3bZKfu6RKq9p2aWAZVpHmPnDvEMchpxr1GNTJns1vay0FcQtJA1j1iwS56lwTQei4AbOxtD1ZwJRyrYA
TRfQgJ1AKwRZzEVcNvUgBqnBFwZ1ZBoNSS6Y4YyGqKbjoVk1KablqonVfHQ8I7L2rJUoCNURXv1FKgBVgCBvQOLwV4u80A0mjO1LL1Ojm0A08u4VwLOQvBCgVBgKF1vXRUNCoUJr2L7I8QHfVnoqlbaK1kVojbKqGyY4Y6SSNoBZ1ZwFBnqBgUvNcVEzZRwKA1JgQfRT
JZ3XYhWxWME0CP9hKOxS0VTizF1Vz9TDzq1RXsJo8ojA8HHIw90ruOYotufNuYqnILaa6In4xv5v6f7tDXEyh6hZsligExSMeRLbbLReMSxEgilsZh6hyEXDt7f6v5vx4nI6aaLInqYuNfutoYOur09wIHH8Ajo8oJsXR1qzDT9zV1FziTV0SxOKh9PC0EMWxWhYX3ZJ
IutHN7SgdahCveJMBDXbB1QoJFOwXsjBh2jvY2030b6pfH1FLTGmpWzX4jOv0WVBS7VmYQHtRFcVN62yQcfAY6yUgGJB7adq6Y3WW3Y6qda7BJGgUy6YAfcQy26NVcFRtHQYmV7SBVW0vOj4XzWpmGTLF1Hfp6b0302Yvj2hBjsXwOFJoQ1BbXDBMJevChadgS7NHtuI
OYN1SlNgE04ibVDW9K4GkERqTJnbsxZBPI4dTkiXffAf1d2ZMybx5Shq2UroLLq3tm7ivgA1ka9fc19pTAhrSncNCs4N6mkrxHyMMyHxrkm6N4sCNcnSrhATp91cf9ak1Agvi7mt3qLLorU2qhS5xbyMZ2d1fAffXikTd4IPBZxsbnJTqREkG4K9WDVbi40EgNlS1NYO
YiyXH60C3kw2qHO6J5a2YNzEWk18Dim2qeuxbpZ5zPYjxHhbeg43Tvbka3JCfU8uXtlYdEv2UNeLukMyQIUf7UP6QyAVM9JfSv5UU5vSfJ9MVAyQ6PU7fUIQyMkuLeNU2vEdYltXu8UfCJ3akbvT34gebhHxjYPz5Zpbxueq2miD81kWEzNY2a5J6OHq2wk3C06HXyiY
RPoaT0U8GMPPBTnwdlG0m4GKgK52isUZcdzU4OTD0ds3wAsyKYSVvzB2f8wmqKgrNahKN1NI69Et8Vmkp9Aezba6avjPbpBNoIX33XIoNBpbPjva6abzeA9pkmV8tE96IN1NKhaNrgKqmw8f2BzvVSYKysAw3sd0DTO4UzdcZUsi25KgKG4m0GldwnTBPPMG8U0TaoPR
fEAEiTe7AnNANrYoqVoG95Go9u4hMyJQ3kVE7Yd9GP8tAWcrmPXLn6ZLswt8p5PLifpF7reeAcXBYYSFjkQWikczbvxpsiZzmJ9kk9JmzZispxvbzckiWQkjFSYYBXcAeer7FpfiLP5p8twsLZ6nLXPmrcWAt8PG9dY7EVk3QJyMh4u9oG59GoVqoYrNANnA7eTiEAEf
eo1fG469OCIXt8A5BZ7VrnIyHBfQBplE7GJeCHDqJLI5Kj0ldyctgJmMLr6mBJQ8pzcsbgcKRlh2tBGvYIj7rvl3GJIitygdRiuSSuiRdgytiIJG3lvr7jIYvGBt2hlRKcgbsczp8QJBm6rLMmJgtcydl0jK5ILJqDHCeJG7ElpBQfBHyInrV7ZB5A8tXICO964Gf1oe
YHCdUNt6gO28mehQhDlFu0MUkVsbqnJITlmjYag9Nb5ZfDKMhVr3q8qzTc0EpfNepZmjYSHhTFAyjlFPbWlqU2kj6enMi1PXu3BMMB3uXP1iMne6jk2UqlWbPFljyAFThHSYjmZpeNfpE0cTzq8q3rVhMKDfZ5bN9gaYjmlTIJnqbsVkUM0uFlDhQhem82Og6tNUdCHY
lXDP22u7xrtpk7EpU2pXtyV34dRfk0AVtdfo7yMVj9Fs7jbsfpJxhaTEDfJMAjdSMHBl9NAinfzKo16tJHKri6VKD8xeiZWTbx7997xbTWZiex8DKV6irKHJt61oKzfniAN9lBHMSdjAMJfDETahxJpfsbj7sF9jVMy7ofdtVA0kfRd43VytXp2UpE7kptrx7u22PDXl
8Hsec5r3ZFgCpxJnMtQLkTtEkGECEEiDlzhmxyHR5otLf5zrPK509P7JVDl0hS5rMD7E2gVXtJEXH7JxigrGvqQLS1GYodK0hi9dd9ih0KdoYG1SLQqvGrgixJ7HXEJtXVg2E7DMr5Sh0lDVJ7P905KPrz5fLto5RHyxmhzlDiEECEGkEtTkLQtMnJxpCgFZ3r5cesH8
v1B8azG7C5hjoN686JQypkgsTbz4b2KvxmuwFZuiW0qEIoCgWt6G4eyQFrMFNxZEDo1jIOq8JBDROgWGyUnuYfg8WREfj9JMMeUvvUeMMJ9jfERW8gfYunUyGWgORDBJ8qOIj1oDEZxNFMrFQye4G6tWgCoIEq0WiuZFwumxvK2b4zbTsgkpyQJ686Nojh5C7Gza8B1v
R8Aswo9SymFEzVbGMNL23Bg1Ez4neiFUgFH2ThOLTTpMkQTV68RZaXuEQrQvYwK93R2pYK0m8kzIZM8WKrRKIGpZxAOQwyqRKmbDDbmKRqywQOAxZpGIKRrKW8MZIzk8m0KYp2R39KwYvQrQEuXaZR86VTQkMpTTLOhT2HFgUFien4zE1gB32LNMGbVzEFmyS9owsA8R
j4u6M7EOWATeKsrY66JZRt1G68RgnvSvsHT8fxN4XcadTq1ROembxHHUgyZsnnI9u27ytlvKNVMbGiSvlavcG6WMvq8C5GcRC9JUUJ9CRcG5C8qvMW6GcvalvSiGbMVNKvlty72u9InnsZygUHHxbmeOR1qTdacX4Nxf8THsvSvngR86G1tRZJ66YrsKeTAWOE7M6u4j
a8xULy2SmQ7mG9RDV7yG51ee5UF49zH9y8tExowe9TpFtciJAbQ61UbyJGuj92HX012rJsVIFEoYGwDgWtdsHeKrJ7zjYBAS43fggf34SABYjz7JrKeHsdtWgDwGYoEFIVsJr210XH29juGJybU16QbAJictFpT9ewoxEt8y9Hz94FU5ee15Gy7VDR9Gm7QmS2yLUx8a
ZOt83mfRPljCO1jRf13CUE3VEpRbtXoNhcmDorV5278KyI36dxbW35nbLaBaWOM8PYB6KwZgvzQoBnLEeM2ajIaUIBTapB6az86ee68za6BpaTBIUaIja2MeELnBoQzvgZwK6BYP8MOWaBaLbn53Wbxd63IyK8725VroDmchNoXtbRpEV3EUC31fRj1OCjlPRfm38tOZ
5VSfV4xbKtqlJOyooks1KSG3A7xhgoEeEwjzta06Ski4yBkhK4cvpHROgjUMxZQ1QYUeXPcl0khtLRzwN2l5e4mjfbU21fWm5mqUUqm5mWf12Ubfjm4e5l2NwzRLthk0lcPXeUYQ1QZxMUjgORHpvc4KhkBy4ikS60atzjwEeEoghx7A3GSK1skooyOJlqtKbx4VfSV5
sAU3hHhYc5g4IeaEpJJq6FKD4xbihVdYVXv3A4vBZ07C68hNHr5FVIit9I0F666TwtpVPexj9UK5SslzdiaYPhLoPhTofrB0frPTTPrf0BrfoThPoLhPYaidzlsS5KU9jxePVptwT666F0I9tiIVF5rHNh86C70ZBv4A3vXVYdVhibx4DKF6qJJpEaeI4g5cYhHh3UAs
FJmMr1QOWiEDmtjLVofhRcdele1vkYJPcw5tQnBhvGKCZSopctwSvYWa3svFlaUnvsAF8cMUIwwCkfRlxi7mAum2hccsbW9vIa1HH1aIv9Wbscch2muAm7ixlRfkCwwIUMc8FAsvnUalFvs3aWYvSwtcpoSZCKGvhBnQt5wcPJYkv1eledcRhfoVLjtmDEiWOQ1rMmJF
mgotNFJJBp2dqfwBS3e7KYzpK8fEE0aQbNDNsMXT3TVLYnNMJRkuKDDvBHYgCYwegYRyfjnb5CMVP0cZmlNVNrLPyeU15K9eDQ2II2QDe9K51UeyPLrNVNlmZc0PVMC5bnjfyRYgewYCgYHBvDDKukRJMNnYLVT3TXMsNDNbQa0EEf8KpzYK7e3SBwfqd2pBJJFNtogm
jJWlWm1Qnu5ycths7VlBkh9vFCXv7bphkGsARNr9coXeb7w8tCA7IaSoBlEAlSGvyYVKghkivBlw9CvSewqMvCZwM6WyQ6nJVeu33ueVJn6QyW6MwZCvMqweSvC9wlBvikhgKVYyvGSlAElBoSaI7ACt8w7beXoc9rNRAsGkhpb7vXCFv9hkBlV7shtcy5unQ1mWlWJj
Ymgr6fP34ttD8SWQoevtZJfQLw4KiSfA7lR1pbxLukpS6GelJz8ECdvnYrXBD5bCHR6xSVDG9Rz5Y4HdwgGXi3FBn6cQZctCTQZggZQTCtcZQc6nBF3iXGgwdH4Y5zR9GDVSx6RHCb5DBXrYnvdCE8zJleG6SpkuLxbp1Rl7AfSiK4wLQfJZtveoQWS8Dtt43Pf6rgmY
lDO9yEbTXvjps7uI5Jy3di7CUlMustB5Wp4pT4CLrKZeINLgXecZm95AKjU34vzSFvByseEeo8HWnt3Ew76c61CHDwEAM5SstulfflutsS5MAEwDHC16c67wE3tnWH8oeEesyBvFSzv43UjKA59mZceXgLNIeZKrLC4Tp4pW5BtsuMlUC7id3yJ5Iu7spjvXTbEy9ODl
pJGnq6zdZ5ZX23VV75ZUbzc7MtRb7xYNAaZP4tSVQmoMjeDGB42Cv5adQrdpj33I1VyXJKn0x3ha9JGaGBB38B7pSB6160dYQ0qzzq0QYd0616BSp7B83BBGaGJ9ah3x0nKJXyV1I33jpdrQda5vC24BGDejMomQVSt4PZaANYx7bRtM7czbUZ57VV32XZ5Zdz6qnGJp
IHA1jK257iLdRyqxfWd8xZvmVudIlhjTNJpVuKttSavexF32490TypANedwpjAdxkrM73bQoaGSwmprINm4h05T8AlNkKPbTBNs55sNBTbPKkNlA8T50h4mNIrpmwSGaoQb37MrkxdAjpwdeNApyT09423FxevaSttKuVpJNTjhlIduVmvZx8dWfxqyRdLi752Kj1AHI
DLMK8CVnT80A0cZyVzXAGBlwB8WPru4ubj78LuMASHaNI0F6t56Z8iPahhOX1LM1TkZA6gaQN87vydSmAQF8Xu8a1NWwydRmnmMllMmnmRdywWN1a8uX8FQAmSdyv78NQag6AZkT1ML1XOhhaPi8Z65t6F0INaHSAMuL87jbu4urPW8BwlBGAXzVyZc0A08TnVC8KMLD
L28JZUd5ho5Wt1piYoDgFY8IllUWWbjc4imV3psC4PzqkIXDW0J3uieatzVkz7mwgxLBg7EDO5SYgl34GgY1o3ZBUPLOoWEtoqvuuvqotEWoOLPUBZ3o1YgG43lgYS5ODE7gBLxgwm7zkVztaeiu3J0WDXIkqzP4Csp3Vmi4cjbWWUllI8YFgDoYip1tW5oh5dUZJ82L
