on9a2Otoqj9W3bJdHgtkeytBa5Cvv3ADkaDfNVs7aRv3t79ZESeilwIlTLaIiAmr9qWNFJmF1BbOabieSmm5dUjWaiAIjMZH3qvCCvq3HZMjIAiaWjUd5mmSeibaObB1FmJFNWq9rmAiIaLTlIwlieSEZ97t3vRa7sVNfDakDA3vvC5aBtyektgHdJb3W9jqotO2a9no
tNCWiRVp0GQ2RSiEyqcQ4N5v3p8YT5xGl06sLTcGZScmfkP7zrpw9Ll0ZkToHlvRfsDPhFWAxYM5C303NksmU6hPHZ5oFRaJfDZllZDfJaRFo5ZHPh6UmskN303C5MYxAWFhPDsfRvlHoTkZ0lL9wprz7PkfmcSZGcTLs60lGx5TY8p3v5N4QcqyEiSR2QG0pVRiWCNt
qL9Ix4lTwGbaYnvwuE7ocLSuL5zPwexhPWPGtZ1kb1Kzj9p4eMkfy6zf1sTRvKXFciLuCg9CBj1JIJgLwqQPokTJ4h0SQSxSZCi22iCZSxSQS0h4JTkoPQqwLgJIJ1jBC9gCuLicFXKvRTs1fz6yfkMe4p9jzK1bk1ZtGPWPhxewPz5LuSLco7EuwvnYabGwTl4xI9Lq
G6KOXtwCzCYKsiY41CYB5msPdfkgmGOSEyb4Mx7GZWqL9kjZMC0jNNYPReV7JEqo3rkijjoCA8o8jwXUYt8gAXws1LQfpBsmS5t11t5SmsBpfQL1swXAg8tYUXwj8o8ACojjikr3oqEJ7VeRPYNNj0CMZjk9LqWZG7xM4byESOGmgkfdPsm5BYC14YisKYCzCwtXOK6G
c6fBleJC490p7BPvWCqdtvSTH7heRCJu9OUKR8mN7H52imQ9OBBBVtv6R2cD5KW2ymglksXjYUeABTaPvbqluGjgBLI9va1OmBZwwZBmO1av9ILBgjGulqbvPaTBAeUYjXsklgmy2WK5Dc2R6vtVBBBO9Qmi25H7Nm8RKUO9uJCReh7HTSvtdqCWvPB7p094CJelBf6c
YZJCmITIubMbqJtY4m4RcbNOBK7VHugBNPdZYWcMxpMiXAAuM5Go7t3a70UGPZh4Kjxd9yOWh27a28uH2ZVYoSzLNNr4IxZsbQuaauQbsZxI4rNNLzSoYVZ2Hu82a72hWOy9dxjK4hZPGU07a3t7oG5MuAAXiMpxMcWYZdPNBguHV7KBONbcR4m4YtJqbMbuITImCJZY
DWq7UqZSeCO5xHLKBWYoIUWaoIa95aIawX6KIW6LymjQTu2uKTdsJzsXCSW9R87IW3t8TQJM5R6qFYeqnhDVaUOchfAzd8BZ2vXOOXv2ZB8dzAfhcOUaVDhnqeYFq6R5MJQT8t3WI78R9WSCXszJsdTKu2uTQjmyL6WIK6XwaIa59aIoaWUIoYWBKLHx5OCeSZqU7qWD
c2cTYsZswJa4nv3dE7kI8dL4ffyz5H99dBs3SLOJUNFCDbEh9oO5r00w8sq3zO04qMXDxhmMTrPWst5rcLNTGHJf0zBtI2qyII3AA3IIyq2ItBz0fJHGTNLcr5tsWPrTMmhxDXMq40Oz3qs8w00r5Oo9hEbDCFNUJOLS3sBd99H5zyff4Ld8Ik7Ed3vn4aJwsZsYTc2c
iNcz4XlqU4RbkfGROLLHN9QJOJrwfREn8hg07RKtN4uXc2KPGvXuuj5DRO0WA9f7FkzD3EWJAlcBgLrMcJbwR7YeMS0mR8JxjD1ff1DjxJ8Rm0SMeY7RwbJcMrLgBclAJWE3DzkF7f9AW0ORD5juuXvGPK2cXu4NtKR70gh8nERfwrJOJQ9NHLLORGfkbR4UqlX4zcNi
k2mOZA0QfXiyogxcL2ti2oA7QXmCMc0x6hGxGbILYqeGw2jBX4JSKJQ2c37O7XF49LtFM3qfMuLCPTEiqnZ1WlWXiuGGMmClWVQddQVWlCmMGGuiXWlW1ZnqiETPCLuMfq3MFtL94FX7O73c2QJKSJ4XBj2wGeqYLIbGxGh6x0cMCmXQ7Ao2it2LcxgoyiXfQ0AZOm2k
bi6vtbEGELWRGsIQIaY3G9isbTJwenHfuFZhF8ojkF2QxDc9D03JYD1YxfP1rx9F4yMBW1lBAgrWJtwmnRUFVq9MVoiGGhlCayeWWeyaClhGGioVM9qVFURnmwtJWrgABl1WBMy4F9xr1PfxY1DYJ30D9cDxQ2Fkjo8FhZFufHnewJTbsi9G3YaIQIsGRWLEGEbtv6ib
pysukJ75bkJR9PiqovF44lCeWfEOI0bWTTm54Jz4SdpRRxCAmh3Jr7NICswlNXcblo5iWwFKyU4KL7kyEFCVep7hBUrontoybKAyyAKbyotnorUBh7peVCFEyk7LK4UyKFwWi5olbcXNlwsCIN7rJ3hmACxRRpdS4zJ45mTTWb0IOEfWeCl44FvoqiP9RJkb57Jkusyp
gCYZ7eg4n6Bt9wwpU6PKP7WCMpexP2yU7Rp4vuycSYusPLbFIQpxpG01V8tf0lZX3JUR8MtQgiDVTe03UkTeqO9GMRlG5F8ZOSlMMlSOZ8F5GlRMG9OqeTkU30eTVDigQtM8RUJ3XZl0ft8V10GpxpQIFbLPsuYScyuv4pR7Uy2PxepMCW7PKP6Upww9tB6n4ge7ZYCg
AcrRsmyxmKSHtXDPeGPbO7CefgM5D7ceAtUs8Mklx3sKtV0x2KXKizNnAzJdXKgY81K4HTI7PZjDpd0lMRwULDcl6KoVVuoTpYQWWQYpTouVVoK6lcDLUwRMl0dpDjZP7ITH4K18YgKXdJzAnNziKXK2x0VtKs3xlkM8sUtAec7D5MgfeC7ObPGePDXtHSKmxymsRrcA
yu6R7ABB1nOnddyFeeDoSYDGHwVAHmnaBlRaKSAG9oSCQLhTplCCEfjl28LdlYdMDTLOhLuGZHikSP8C1Ae8gmkclvfWNhdR2paddap2RdhNWfvlckmg8eA1C8PSkiHZGuLhOLTDMdYldL82ljfECClpThLQCSo9GASKaRlBanmHAVwHGDYSoDeeFyddnOn1BBA7R6uy
tjuZr9nB5O26Sze8DFkYKAhseXnsWpNKyBEJaRk5AG2s98rdE11O2cAaYMsQ390vA99AQJ5rpXdoVUrZqnjloILHv5yR3SG2rf1CC1fr2GS3Ry5vHLIoljnqZrUVodXpr5JQA99Av093QsMYaAc2O11Edr89s2GA5kRaJEByKNpWsnXeshAKYkFD8ezS62O5Bn9rZujt
z4XbiDr1pRZ247uSnYQU5TP74EIho6DhZ3iC8y4nkwjhT4YbwKVT8Gr0lZByxfaRAHt8AQlJGTr0QK2Hur1TXLNCGp17TZptcdsddsdctpZT71pGCNLXT1ruH2KQ0rTGJlQA8tHARafxyBZl0rG8TVKwbY4Thjwkn4y8Ci3ZhD6ohIE47PT5UQYnSu742ZRp1rDibX4z
5Mzr5TCHPJ1BfpyQ41wmvTAqDtsgfuXCbsT5GWevbawfopUlklWa9wpCkBHPVasVrgSX5Wn5VeBesvp4aF384LAhniVdiiXZolrKKrloZXiidVinhAL483Fa4pvseBeV5nW5XSgrVsaVPHBkCpw9aWlklUpofwabveWG5TsbCXufgstDqATvmw14QypfB1JPHCT5rzM5
VayTT76cMAn3uPCESMdlaAVAw1L9dCVYCOnVnLXYmguBVVfIDHSCijd9DO6hqT9ScmiOXbiDg3e1sIeUqVxy9zWDIvJXIjLlvTZMMZTvlLjIXJvIDWz9yxVqUeIs1e3gDibXOimcS9Tqh6OD9djiCSHDIfVVBugmYXLnVnOCYVCd9L1wAVAaldMSECPu3nAMc67TTyaV
BPY6SUP2XfmO5EnW2P9qzwzDCfXV7Ejaud5HWmdoro3NSkEoZd8tzyV26oQ1SZ0G3WNsDQBT94CRggAai9tcyJ4vWNrJImqeD5WggW5DeqmIJrNWv4Jyct9iaAggRC49TBQDsNW3G0ZS1Qo62Vyzt8dZoEkSN3orodmWH5duajE7VXfCDzwzq9P2WnE5OmfX2PUS6YPB
IF1XjbtCTNFvuAbZ1xYRiAdkUZyMQESzJnRSnfucSZwHZwcvo0hw1jBPeY4U5OOh4bZkfOlXic9ByBwg145Wg6hkVd7trnzoNTxRRxTNoznrt7dVkh6gW541gwByB9ciXlOfkZb4hOO5U4YePBj1wh0ovcwZHwZScufnSRnJzSEQMyZUkdAiRYx1ZbAuvFNTCtbjX1FI
JHOTkVXBLpNAK0fBcLnNXhOYZEQqpS5YZmnEBfFNusn8msAn6NZUTJNon885r2vLhCpjHTV1GDZtUZbSi2H4EvkQtInfEDPLg8TMMT8gLPDEfnItQkvE4H2iSbZUtZDG1VTHjpChLv2r588noNJTUZN6nAsm8nsuNFfBEnmZY5SpqQEZYOhXNnLcBf0KANpLBXVkTOHJ
kiYNcLC3MvDH39lRk2gSjkxMzCRxW8KBGdOIOrf1gIcdHNTRIYfRe2745puuN7wucE5PVBl3jN7Q0SdDmhupcRlac8uP4kD6NbNeeNbN6Dk4Pu8calRcpuhmDdS0Q7Nj3lBVP5Ecuw7Nuup5472eRfYIRTNHdcIg1frOIOdGBK8WxRCzMxkjSg2kRl93HDvM3CLcNYik
zaKG71Aq5d3exKgkwgluZ1rD8pR84U9vUj3SE2CC88GwjLa8rltLFFoET9CQUcGjLc3q69R45xSFeREu6y9C5NHrNkcdLHlxkihiihikxlHLdckNrHN5C9y6uEReFSx54R96q3cLjGcUQC9TEoFFLtlr8aLjwG88CC2ES3jUv9U48Rp8Dr1ZulgwkgKxe3d5qA17GKaz
zEdqxjtJNiGFHJdUqTczUeF4p3hxeO54tamkjASVHY3Oc7ersflGjqeyLkPOYmLLmyUvXIl8bHNdfQuWV869ocx0MHJfTUqbMFvffvFMbqUTfJHM0xco968VWuQfdNHb8lIXvUymLLmYOPkLyeqjGlfsre7cO3YHVSAjkmat45Oexh3p4FeUzcTqUdJHFGiNJtjxqdEz
POVE6w1dWbKiWVtpCbyoe4vHAdI2VM3f3sJYie47eGhZ4zj80cn88dg7GN021VaxiIQqLMpPtvKPpTOKU1IT7ORe5L8yc8pkG91ss19Gkp8cy8L5eRO7TI1UKOTpPKvtPpMLqQIixaV120NG7gd88nc08jz4ZhGe74eiYJs3f3MV2IdAHv4eoybCptVWiKbWd1w6EVOP
Jd99MpNa5yUybiwPZ0mgZfIXtR9tmQ9VS6uaNd8l0TD22ZmVTy2n5DgQvEDCvdxjBMioPHyK03hwvsmkkhxHK4X9B2bw7X88fgmTTmgf88X7wb2B9X4KHxhkkmsvwh30KyHPoiMBjxdvCDEvQgD5n2yTVmZ22DT0l8dNau6SV9Qmt9RtXIfZgm0ZPwibyUy5aNpM99dJ
f8ibf8wxkaCrXj1TBZU41L1tJZxOFL3KkEKpCbGnbi8Xr0MsUbppLKCveZDJFatPE69H8fT8nRw7MCQbDAPpkrenLHVqhIALGAsEEsAGLAIhqVHLnerkpPADbQCM7wRn8Tf8H96EPtaFJDZevCKLppbUsM0rX8ibnGbCpKEkK3LFOxZJt1L14UZBT1jXrCakxw8fbi8f
FdsXzQe1cE6BunKgqXQWnc7VCK5c3bhCezz4K6XLCVmWCW3SoMJ2NiQpRnROOXqRQkp2iGGk3RB8i5rvk1qWDBGUpxe5Ptpa462ee264aptP5expUGBDWq1kvr5i8BR3kGGi2pkQRqXOORnRpQiN2JMoS3WCWmVCLX6K4zzeChb3c5KCV7cnWQXqgKnuB6Ec1eQzXsdF
pzwqLuDlbcJDCOpEswoE2oS6EH6MQMe9g0PQoT3OUGsxvb1hxJLSx7P3gNjwznVahFruzMDOsUFhVAOnkzAcXp763GuVSJwZphoiiohpZwJSVuG367pXcAzknOAVhFUsODMzurFhaVnzwjNg3P7xSLJxh1bvxsGUO3ToQP0g9eMQM6HE6So2EowsEpOCDJcblDuLqwzp
RWhG3n443khvJINXgKun9lAIbZXhIbZzWAAso6pKhVAq6NIey4rxhr9hKxotxImpInbWkQbqgbbeNjiFgY5nJ2uuTchKJtYsa0JkkJ0asYtJKhcTuu2Jn5YgFijNebbgqbQkWbnIpmIxtoxKh9rhxr4yeIN6qAVhKp6osAAWzZbIhXZbIAl9nuKgXNIJvhk344n3GhWR
kZQlZTYD16It0V5wJRKLYUUnoHnjQWT1reGLW8OS4xGxnDNVvyBoMw227ifp7yJP2q1tokFKbmBoOpefHFsu3npzvTIuMsDIC61PP16CIDsMuITvzpn3usFHfepOoBmbKFkot1q2PJy7pfi722wMoByvVNDnxGx4SO8WLGer1TWQjnHonUUYLKRJw5V0tI61DYTZlQZk
4MaTlcPoMEejU2nk4NKFr8IZGmhQhn6EY6xfAHsmmvvArdKNPutBS10ziBKoOISigJmGq6S4TH3EJHsz1G1ocVIjxsXF0kobuzGffGzubok0FXsxjIVco1G1zsHJE3HT4S6qGmJgiSIOoKBiz01SBtuPNKdrAvvmmsHAfx6YE6nhQhmGZI8rFKN4kn2UjeEMoPclTaM4
yBm96PjEddAI5OJtwtKILqDU6DJXjppbP0ANKISMLsvjAa2xtF97wcsuE4LNl1N1VniAVZnbMDkNDfEVldtcfgvJcbwn3DHRQqshhsqQRHD3nwbcJvgfctdlVEfDNkDMbnZVAinV1N1lNL4Euscw79Ftx2aAjvsLMSIKNA0PbppjXJD6UDqLIKtwtJO5IAddEjP69mBy
8iWCrefvHZbJNcOtWxvXnDtQkEbzVhevpZXa56veXVNFX2YpsOGar0Q19RUVYXLHrdGOa1Rxr85k0vynEamv05QYofpG4Zoo6T4444T6ooZ4GpfoYQ50vmaEnyv0k58rxR1aOGdrHLXYVUR91Q0raGOspY2XFNVXev65aXZpvehVzbEkQtDnXvxWtOcNJbZHvferCWi8
OuBnRKhHeTLeAA65qWLvgRs99B3T5zeloEyaPAGSurVTRSrCk4xpOjooKKChDFSrJLqzlWLaicuYUf37cSnP328GFANIFbZpnJiyyiJnpZbFINAFG823PnSc73fUYuciaLWlzqLJrSFDhCKKoojOpx4kCrSRTVruSGAPayEolez5T3B99sRgvLWq56AAeLTeHhKRnBuO
mze3ntCB1RuiRGSPsZbN1KPFEp8rT8A9XE2EX6GsPZ0bbnqsHrAd3pia9gqsePs3tnAKlh5ZAx0AflSL2spWBwWb4hsbWe4lR5V33V5Rl4eWbsh4bWwBWps2LSlfA0xAZ5hlKAnt3sPesqg9aip3dArHsqnbb0ZPsG6XE2EX9A8Tr8pEFPK1NbZsPSGRiuR1BCtn3ezm
SVeKQEO1w0WijoJaFJ2L25CaZMQwcNZUd58TbMpxiF8qTjPyRLfMiHnBu5XwkrlnOjAPwOG6ugoIo5cAJgNRNZTBxlWC5BOmlP2bb2PlmOB5CWlxBTZNRNgJAc5oIogu6GOwPAjOnlrkwX5uBnHiMfLRyPjTq8FixpMbT85dUZNcwQMZaC52L2JFaJojiW0w1OEQKeVS
etH8I6Vu3COR1ZDdBkTiN6pfagmSP0UTn4RVziKvkYHFsKiTT32bYkGXQSLaNaT14gqWnZMxst6f5fyRBuR08ytOK7Ox7dSZiCrVVrCiZSd7xO7KOty80RuBRyf5f6tsxMZnWqg41TaNaLSQXGkYb23TTiKsFHYkvKizVR4nTU0PSmgafp6NiTkBdDZ1ROC3uV6I8Hte
5NOqKtMPl6qaqL6j7mt41l166vfAGZ2dIkss6aci6shn5fV2rJxmUSkSioSNjOPQXdDUcE58xEMUjcr0Ljgb2ptd7FPHtaymc1BddB1cmyatHPF7dtp2bgjL0rcjUMEx85EcUDdXQPOjNSoiSkSUmxJr2Vf5nhs6ica6sskId2ZGAfv661l14tm7j6Lqaq6lPMtKqON5
7BWdnmmp4G1FM1A2ODZusbIryTSSvVsTwJwewctsINXUJyQx1kLNkt8dHRU3hiP7RFBHHu0QCRflkUCF7nSIbRKHdadjiRH0xIBaaBIx0HRijdadHKRbISn7FCUklfRCQ0uHHBFR7Pih3URHd8tkNLk1xQyJUXNIstcwewJwTsVvSSTyrIbsuZDO2A1MF1G4pmmndWB7
3P8NTJXjm4HyPpybZAdZCMcUt2M35LyY2XhOb7Xm18fKo6KH5oBa1DTO9AK2mDTH0Zw2yoiunm71kjdHxEhRh1BF0mcHOVokQfgIIgfQkoVOHcm0FB1hRhExHdjk17mnuioy2wZ0HTDm2KA9OTD1aBo5HK6oKf81mX7bOhX2YyL53M2tUcMCZdAZbypPyH4mjXJTN8P3
lScq175pWRiNPq8rghMlMlCPHsET4SuifWYAuvPLHWyWGXIn7uxl9z1gm8ZiROQVfjvZ8FfF372dwEqTyIaXCZ7NzxwKFGBlOWEMMEWOlBGFKwxzN7ZCXaIyTqEwd273FfF8ZvjfVQORiZ8mg1z9lxu7nIXGWyWHLPvuAYWfiuS4TEsHPClMlMhgr8qPNiRWp571qcSl
JrxhN04rLrktrBVKadDwzO49pinFLZbumy3YTXK8JvsZWHFwKineWjCFqqK3KLrVeMpXf0VppIIFqn1ZVi7mrBrCR362iorm1bDbbDb1mroi263RCrBrm7iVZ1nqFIIppV0fXpMeVrLK3KqqFCjWeniKwFHWZsvJ8KXTY3ymubZLFnip94OzwDdaKVBrtkrLr40NhxrJ
ROAcYd3jwOIlWlqNDARBd7IGw6KwugbGUBiNEEV0T8gkkvXMVJOYiw88uIvipvpDwxq11hUogZyPPq2fZJ5CA1AuEU4SllwccG3663GccwllS4UEuA1AC5JZf2qPPyZgoUh11qxwDpvpivIu88wiYOJVMXvkkg8T0VEENiBUGbguwK6wGI7dBRADNqlWlIOwj3dYcAOR
QmSlEd0U7aoi6QjYr44FzPQFgRHMOEzaqMkUpfjNExVCH70X1X6vipZoAb1ofUovBXKQ3S8bKTDsS8JnVHc7V1nW4HFc3tw6KANhhNAK6wt3cFH4Wn1V7cHVnJ8SsDTKb8S3QKXBvoUfo1bAoZpiv6X1X07HCVxENjfpUkMqazEOMHRgFQPzF44rYjQ6ioa7U0dElSmQ
qqke6CeUDRBpUmkujvXyRLcvXRa59YjPJsTHUx2xI5G7IQRshklXVMnn6nl6GtMpGAW0XtSbPz7YJqLPzVHOdU4BBh9I0lXALO2ee2OLAXl0I9hBB4UdOHVzPLqJY7zPbStX0WAGpMtG6ln6nnMVXlkhsRQI7G5Ix2xUHTsJPjY95aRXvcLRyXvjukmUpBRDUeC6ekqq
NErHdJqSubMlI3o4YO7AnhZY81fNVJpenaKqk1D83QkemXbEhaeTg7nfysRN1BRIc4ylx3kSmTxxlx3rxAF79SCWfUF9vxHwTAcLLcATwHxv9FUfWCS97FAxr3xlxxTmSk3xly4cIRB1NRsyfn7gTeahEbXmekQ38D1kqKanepJVNf18YZhnA7OY4o3IlMbuSqJdHrEN
wgoikqlWCvWRtqvXMzJfBO1a4ZZt1KURQCYZSfRVzjhmY3egVMkw2gwY9rL03bMmdGFVKxlDARPzoT8DBjZ5orvocBj5cvIf1oZggZo1fIvc5jBcovro5ZjBD8TozPRADlxKVFGdmMb30Lr9Ywg2wkMVge3YmhjzVRfSZYCQRUK1tZZ4a1OBfJzMXvqtRWvCWlqkiogw
fIgWy8Em6iNhCkUSADTbMrdBYi4iccNhKS5dRbpOj3VKGl5gNrGZCJ20rXdsZPzEcVHSWWc9sxkYcG8qxFKZoFU86xryGl3iAe1xx1eAi3lGyrx68UFoZKFxq8GcYkxs9cWWSHVcEzPZsdXr02JCZGrNg5lGKV3jOpbRd5SKhNcci4iYBdrMbTDASUkChNi6mE8yWgIf
6WMubfwHdh9HQywWovUfHMKRjSSmNKGKBs9CXVkZ6kCNdYfqNzuvGahpRZ28ecJFujiLaSG43jK7BpppjdEPcL7uf0tj44oqgw4ff4wgqo44jt0fu7LcPEdjpppB7Kj34GSaLijuFJce82ZRphaGvuzNqfYdNCk6ZkVXC9sBKGKNmSSjRKMHfUvoWwyQH9hdHwfbuMW6
CbfLldm0s0ev9SWkQLoL7XHZGXb3TfFwGJBQMNL7jOtHbKsRvb4SXDN61NzpS9FyihJvuuT6CGEdrVTgwrzOUHmqvg9HEfbMlJBaaBJlMbfEH9gvqmHUOzrwgTVrdEGC6TuuvJhiyF9SpzN16NDXS4bvRsKbHtOj7LNMQBJGwFfT3bXGZHX7LoLQkWS9ve0s0mdlLfbC
cHZwW1Q7WCtTRu3LefjWnVam4NYVLX6N8yDUSutkwG7IZ1T595umsuxpCQEnic0h073NspyjVWQprfMqCB2uUtdwDiEmk7se4pRppRp4es7kmEiDwdtUu2BCqMfrpQWVjypsN370h0cinEQCpxusmu595T1ZI7GwktuSUDy8N6XLVYN4maVnWjfeL3uRTtCW7Q1WwZHc
Br6sh7qOY7sb08idZPw1qY3nxCz1FZsHLpZRNKaHiRHDQqGkA3FPub5LCVhIpzq1JJMxtM738G8pVEzwb8Fu8dAcXGKiaZCIepAxxApeICZaiKGXcAd8uF8bwzEVp8G837MtxMJJ1qzpIhVCL5buPF3AkGqQDHRiHaKNRZpLHsZF1zCxn3Yq1wPZdi80bs7YOq7hs6rB
bvm0ShbW8j8Mf4fxdQRXvUxqX0iCW1fyPrtDxt0w4zeCviYxXkqM8i6WcfzyA6rPOetGwn6tgbU3jNSBXDOVlLnnQggqEwAtzSYqqYSztAwEqggQnnLlVODXBSNj3Ubgt6nwGteOPr6AyzfcW6i8MqkXxYivCez4w0txDtrPyf1WCi0XqxUvXRQdxf4fM8j8WbhS0mvb
WDgXyBBFuC5xqtd3BpmGU4lK46fPxuPNXUGqwhUkIscYFevhTbMi5ySZvWjmmX0DnASdGINPZOiat5gG7tO2lbUby8MeVHHdhZgNNgZhdHHVeM8ybUbl2Ot7Gg5taiOZPNIGdSAnD0XmmjWvZSy5iMbThveFYcsIkUhwqGUXNPuxPf64Kl4UGmpB3dtqx5CuFBByXgDW
GgVC7xaCxjR8qUQLn3ubKxOp0MXwgoWMTnOseOT1XfYiZkTGFHHq7vaYdyPjgGUZSeLws8RKelS6vgE0NMlmCKEEDUMI0BDMFoDXXDoFMDB0IMUDEEKCmlMN0Egv6SleKR8swLeSZUGgjPydYav7qHHFGTkZiYfX1TOesOnTMWogwXM0pOxKbu3nLQUq8RjxCax7CVgG
vCQauOUZTPiaZTBfyGIMsQGTtTYcwrOLS9LiobCBPJAK4CPUiXb0jip21I6RYm6MLkTYkw1z92E45tRFKSaSZoOvVmipyg1Dpp4YY4ppD1gypimVvOoZSaSKFRt54E29z1wkYTkLM6mYR6I12pij0bXiUPC4KAJPBCboiL9SLOrwcYTtTGQsMIGyfBTZaiPTZUOuaQCv
P3Cl1VVb85Ic4jeKAk4cgriDh7qevS9FObqkWGkUeSVA4Zl5Ei7kzGMAE5EZQd8aepjZUtpzhEZd8FAdM6mhEYGjwkCGncFrqOKggKOqrFcnGCkwjGYEhm6MdAF8dZEhzptUZjpea8dQZE5EAMGzk7iE5lZ4AVSeUkGWkqbOF9Sveq7hDirgc4kAKej4cI58bVV1lC3P
RrPmWiBJpzhdNehS2aiK23TLw5g7Kms54BIuJj5yDf0qicDDbKo3hBi78o2jznFWOnLXwjQZnKlUMOynZgIBHQ8F8zOyhtPvb0NXXN0bvPthyOz8F8QHBIgZnyOMUlKnZQjwXLnOWFnzj2o87iBh3oKbDDciq0fDy5jJuIB45smK7g5wLT32Kia2SheNdhzpJBiWmPrR
6sQI4gum8bFeJgLZEQY78QfSA0T1Il8F7qoZvdGTElXnQDHvubStrXFRRZnzFL9d3N6QqDfTo4A9AITTIhHZaMlQhXlLeKo9XlqHHqlX9oKeLlXhQlMaZHhITTIA9A4oTfDqQ6N3d9LFznZRRFXrtSbuvHDQnXlETGdvZoq7F8lI1T0ASfQ87YQEZLgJeFb8mug4IQs6
U03R10sdOFmwmFvYrG9JQLM3YmtD4ZrQUndpiuSwZ7mhebAuHA5XlktDwhhSByevfGeM1WDUuO3YP2Nx1KOGUCjlJq5kIA8NhD0cc0DhN8AIk5qJljCUGOK1xN2PY3OuUDW1MeGfveyBShhwDtklX5AHuAbehm7ZwSuipdnUQrZ4DtmY3MLQJ9GrYvFmwmFOds01R30U
QfMaBawSc3YWO81OxaDYGH7lv12lG01waivchMTiim9Vl0fDZH2aPYlEtGPYAkqbrgcyRVbYBApM0TpT2kTKC7pwe7PfIAfYghRWWRhgYfAIfP7ewp7CKTk2TpT0MpABYbVRycgrbqkAYPGtElYPa2HZDf0lV9miiTMhcviaw10Gl21vl7HGYDaxO18OWY3cSwaBaMfQ
RQ4RAJLuyaPdS0gqJ2UiLYqL7JRE1janY47ZFkN5j4a1XgmcbAjMzzyWdJ07s0KLwJf1SsY4pYWG7DI9dsl2lESonNLaHWl5aqYSSYqa5lWHaLNnoSEl2lsd9ID7GWYp4YsS1fJwLK0s70JdWyzzMjAbcmgX1a4j5NkFZ74Ynaj1ERJ7LqYLiU2Jqg0SdPayuLJAR4QR
