hcWPpI0tfCcI0CHnF7ZVJyCRjFopA7Qi9iWpPsdUTE5Nhe1LCUClNe4xJlhjJWrj9iyoz1dNaA2gEwQgLsrywnqAywjCNzlncd1221dcnlzNCjwyAqnwyrsLgQwEg2AaNd1zoyi9jrWJjhlJx4eNlCUCL1ehN5ETUdsPpWi9iQ7ApoFjRCyJVZ7FnHC0IcCft0IpPWch
7I58eDCzUIEGY56ho5afGctbmadp17nygKxkNYedcII2FGcTEbXkcKlolN7FlL8rvv1Dp7FqGOlmvnAYNxePdo8n13SFhQx4gRauuaRg4xQhFS31n8odPexNYAnvmlOGqF7pD1vvr8LlF7NlolKckXbETcGF2IIcdeYNkxKgyn71pdambtcGfa5oh65YGEIUzCDe85I7
Hex92L2Ljgqgs7inM9kcAWry1tE8lFNRJEQFQMqYRB7e8hrlG3nHs69MqEL1kynS37ynkIF4kEaiKrtqNaX96XmN2WjgOwXLuPX66XPuLXwOgjW2NmX69XaNqtrKiaEk4FIkny73Snyk1LEqM96sHn3Glrh8e7BRYqMQFQEJRNFl8Et1yrWAck9Mni7sgqgjL2L29xeH
AiGl9u4khIhg8BUV08I9HHM0IukM8EW7L6IKrfUyN26M3RcWQkvYRCTzx5GvB6Sn03WlALdoHBZes3ZeGP5xRqqINx5puq3OLtZmmZtLO3qup5xNIqqRx5PGeZ3seZBHodLAlW30nS6BvG5xzTCRYvkQWcR3M62NyUfrKI6L7WE8MkuI0MHH9I80VUB8ghIhk4u9lGiA
6zg7TjQPDTvSqMfa5MoUk4kzXXglsrJpLqMaz5O6qfPBQUBocOdlmmfDElOV5YgiIRhCpw9A0pbLDCYER3P5Hvamapd3HiEqZmSjjSmZqEiH3dpamavH5P3REYCDLbp0A9wpChRIigY5VOlEDfmmldOcoBUQBPfq6O5zaMqLpJrslgXXzk4kUoM5afMqSvTDPQjT7gz6
hfIWpzF15Esb9LJFOuv8YgeyiZTBSKczPlQ7fvzBzlcYwL6F9sDxyHqabEBuoeo7o72sTUTNAVgVbe0Aw7xOfiNGmO10SIyAhtSZZSthAyIS01OmGNifOx7wA0ebVgVANTUTs27o7oeouBEbaqHyxDs9F6LwYclzBzvf7QlPzcKSBTZiyegY8vuOFJL9bsE51FzpWIfh
gHI2N84rY4hxuV52Dehs7CEhZfnNWGW5o8X24vnVrtofkLbMOH9nkeuDjbr9HH4vGvrek6Y0rHa0saHBHhOQlCutCGSKnpAueQxnnxQeuApnKSGCtuClQOhHBHas0aHr0Y6kervGv4HH9rbjDuekn9HOMbLkfotrVnv42X8o5WGWNnfZhEC7sheD25Vuxh4Yr48N2IHg
Pi9Xh0JhCLojz9t4tG9YyjGiIZlzQyHBaHzhCCNeo1mH0AEohdGaLNHuiRNzkv1j3TQ6w6CEYOmSoPbvRHU6v2S5NaWWvrbsEQq11qQEsbrvWWaN5S2v6UHRvbPoSmOYEC6w6QT3j1vkzNRiuHNLaGdhoEA0Hm1oeNCChzHaBHyQzlZIiGjyY9Gt4t9zjoLChJ0hX9iP
R8hAlYO1ZeNBXKVS4ta4JxSZxE8ITzwFy6gDVT8QWLroWHBT2crEyD9qh5YZWOapMfSdyRSP5E6tL7HGAXlX0JHcHa26O2n0BA5ZZ5AB0n2O62aHcHJ0XlXAGH7Lt6E5PSRydSfMpaOWZY5hq9DyErc2TBHWorLWQ8TVDg6yFwzTI8ExZSxJ4at4SVKXBNeZ1OYlAh8R
qjpugcAfJhEBr512f4CFyAtunOUNmoa2Woq5qPCzVHZievdisEMlfb9sPta1C8WyMhV3WXVM8pTdFWkW2xcaxBRHUQcwPYp4AfzWWzfA4pYPwcQUHRBxacx2WkWFdTp8MVXW3VhMyW8C1atPs9bflMEsidveiZHVzCPq5qoW2aomNUOnutAyFC4f215rBEhJfAcgupjq
Oe38X7DoI0jA4iX5Y8RkbI0zxwZ4prZ6uw2LU9Z4YD6wlUSEtfpunjnf8icNy1LMRHyghtcAVaVAuIFiMU2Z5J93QAkI2UvM4ORddRO4MvU2IkAQ39J5Z2UMiFIuAVaVActhgyHRML1yNci8fnjnupftESUlw6DY4Z9UL2wu6Zrp4Zwxz0IbkR8Y5Xi4Aj0IoD7X83eO
udwtXxib3poqKHNuGjEhSnCiCpFqbHQvKHjD7QDzAQkkYX8acCgUpI3RxcCyktoTZwxXG0RHL4QfTpeURKjBtgslhUdrHrfBH2zooz2HBfrHrdUhlsgtBjKRUepTfQ4LHR0GXxwZTotkyCcxR3IpUgCca8XYkkQAzDQ7DjHKvQHbqFpCiCnShEjGuNHKqop3bixXtwdu
WbqOf8M1HBuEn3HsOpp2nFoFH8Ul0StQSeAXcmSjMHMYDtlsDzoP93VgZlQU5EfqHEiIQ1Q4c6vFRbXuzgEzC084FPQdtUS1Z1DkkD1Z1SUtdQPF480CzEgzuXbRFv6c4Q1QIiEHqfE5UQlZgV39PozDsltDYMHMjSmcXAeSQtS0lU8HFoFn2ppOsH3nEuBH1M8fOqbW
zixrv46YAAfLPxC7CiCjeFxwPrLYfbi6iaO63MV2mZG3RjzTr43uCTLrFwKkxSh8sV3NcsIOmpk5xErIAN5cbiTg96qVqwvcnRPppPRncvwqVq69gTibc5NAIrEx5kpmOIscN3Vs8hSxkKwFrLTCu34rTzjR3GZm2VM36Oai6ibfYLrPwxFejCiC7CxPLfAAY64vrxiz
y7PijN8M7HnLFpMNCRnbCdrzxtgJCvmZt2B2IAIhIURoD71GqiGslWmdKrLmgXGzShu2H5Cpru4vRy3dbcvlYbodsYpyqURe1G8dd8G1eRUqypYsdobYlvcbd3yRv4urpC5H2uhSzGXgmLrKdmWlsGiqG17DoRUIhIAI2B2tZmvCJgtxzrdCbnRCNMpFLnH7M8NjiP7y
BSUvOKHHgKIiASAAADSzRlKg5NBdMfGOW1EgglnLwUSVITVjwjDjtnoP1qtiuYVKuzQZF5f1SWq2kGfBpHJcTXspHfW37mhsFxLkkLxFshm73WfHpsXTcJHpBfGk2qWS1f5FZQzuKVYuitq1PontjDjwjVTIVSUwLnlggE1WOGfMdBN5gKlRzSDAAASAiIKgHHKOvUSB
PEihUdR1HtJo3Ldt7r2CHXAt8RYw6DKNisU3vgw3yAlUMnjk8eng3Mz18SQ4v3J6N6YDEq95QJS4W1GU9S10aUv8hG04cEzPCtShhStCPzEc40Gh8vUa01S9UG1W4SJQ59qEDY6N6J3v4QS81zM3gne8kjnMUlAy3wgv3UsiNKD6wYR8tAXHC2r7tdL3oJtH1RdUhiEP
nCLWYoERG3TycOWmiswGRMqs27RNcDSpg8G9mkrthgmjTdu3vKDGxSztrKbSoTCuRIS5ReQYj4B58wyuA12WNuK97Ksn8ubP5uNppNu5Pbu8nsK79KuNW21Auyw85B4jYQeR5SIRuCToSbKrtzSxGDKv3udTjmghtrkm9G8gpSDcNR72sqMRGwsimWOcyT3GREoYWLCn
LKsGlMtNx699Wv8xVJZi3Fsqg8GurfC6OvD0BVHYuhxK3WBsb3Z3bLMhKs14x6zht5bUtInhOFsl2T54pxXQCfWNxsJOQDUDbVXttXVbDUDQOJsxNWfCQXxp45T2lsFOhnItUb5thz6x41sKhMLb3Z3bsBW3KxhuYHVB0DvO6CfruG8gqsF3iZJVx8vW996xNtMlGsKL
4hKgpft6sAXuITFzaUxeJSokaoscMhqIo1O49c0QCREkgKDf81IIOWRNFeOsl9ZZ0iVzkrJMDOwjyZoxvV9DnQrSUbE996z0GqtQQtqG0z699EbUSrQnD9VvxoZyjwODMJrkzVi0ZZ9lsOeFNRWOII18fDKgkERCQ0c94O1oIqhMcsoakoSJexUazFTIuXAs6tfpgKh4
0Rs6y0f5Q4r6d1IQZY5UkI2JUP6ceOw8bi2YCAwt3Iq9dYQ6soS2VNgk7dMCRCARK2ln3BayjqWmJik1v6xlK6vjbCKRfKepGO2cc2OGpeKfRKCbjv6Klx6v1kiJmWqjyaB3nl2KRACRCMd7kgNV2Sos6QYd9qI3twACY2ib8wOec6PUJ2IkU5YZQI1d6r4Q5f0y6sR0
4ThxvlsQBbQ1Od8DcFCf87bkYbg97bh0unskye1YFMttPsWryzvwXwBqwHPvIVq5Dci1GDtmpH88ZVqRPgjH2JWsrGhZ4wXaY9ZaaZ9YaXw4ZhGrsWJ2HjgPRqVZ88HpmtDG1icD5qVIvPHwqBwXwvzyrWsPttMFY1eyksnu0hb79gbYkb78fCFcD8dO1QbBQslvxhT4
KXdhpianEQ5B2Oo7VfMgTkDYlu63LEBV4D3ML3YqMwQIFag0fRbX3eRhyOCeTeYQHv4SrUC7mTgRSmmW7nO1rbBJPeMdIgtp0qBmmBq0ptgIdMePJBbr1On7WmmSRgTm7CUrS4vHQYeTeCOyhRe3XbRf0gaFIQwMqY3LM3D4VBEL36ulYDkTgMfV7oO2B5QEnaiphdXK
h4CXkYRtMo75v6ekpP9oToadUChKrD2X96qJWB4dP1aEXeOHSOVh5vjSXq4ITYbtVr3mRYOCtOgLRvsfDila4tSUep4WI7J6OgjBBjgO6J7IW4peUSt4aliDfsvRLgOtCOYRm3rVtbYTI4qXSjv5hVOSHOeXEa1Pd4BWJq69X2DrKhCUdaoTo9Ppke6v57oMtRYkXC4h
xq7ouDMQWuPIDtHxkQrBScpHxaPIytgpEE6XhKi77yGclnzv8kWQMGYDGjM92RO9VLX3w9ZTXbVDoOYmzq6FVVj29U1ZHjZ6UrZKKZrU6ZjHZ1U92jVVF6qzmYOoDVbXTZ9w3XLV9OR29MjGDYGMQWk8vznlcGy77iKhX6EEpgtyIPaxHpcSBrQkxHtDIPuWQMDuo7qx
u8JuUmDDgO5vMcldlhBbc1IlvFagaKWTjaI5MlbR05HG9RjkzJk2fRgzxgawqxKyxSVD7xvYT49SOI5IsGDWykQpprgaiqy8DodbbdoD8yqiagrppQkyWDGsI5IOS94TYvx7DVSxyKxqwagxzgRf2kJzkjR9GH50RblM5IajTWKagaFvlI1cbBhldlcMv5OgDDmUuJ8u
ORWQbUYI0JY3FC3OkGBqqxrtwCFkYQTidkXD7RmY2EvAhRPqXqBIiS16uBINs2UuFnWd9C40hsZNej73Z8eBRaaGAItRDIGiw5LUUL5wiGIDRtIAGaaRBe8Z37jeNZsh04C9dWnFuU2sNIBu61SiIBqXqPRhAvE2YmR7DXkdiTQYkFCwtrxqqBGkO3CF3YJ0IYUbQWRO
19Mp1qLpDTxikYKZdWjTIoyIBAV6noVHNDWiSdxWVo79HiZk9C7iqVPRwGPDUflCHdK1fdr2rPZyXtcww98gvOXMuhpjmzLu4wOBBOw4uLzmjphuMXOvg89wwctXyZPr2rdf1KdHClfUDPGwRPVqi7C9kZiH97oVWxdSiWDNHVon6VABIyoITjWdZKYkixTDpLq1pM91
UDgEXZpO7WuKayy6cSyLlxO0gOHjTidiLjMeD2sCSgmS8FrbxjMda04gJEo6MrfX0s16oM9BSLtRrfRin8lnYhsdLBAXSFpoWKlFFlKWopFSXABLdshYnl8niRfrRtLSB9Mo61s0XfrM6oEJg40adMjxbrF8SmgSCs2DeMjLidiTjHOg0OxlLySc6yyaKuW7OpZXEgDU
KgkwZ2H7NPmm0zFcMHnnhEAmTND6YJUeOaZj2ciIQuULn0oYc0Gj9GvtuzroCgrrgKZbMCJ7V9kCYx3ZsceQIyE6rvlS22fbh9bSSb9hbf22Slvr6EyIQecsZ3xYCk9V7JCMbZKgrrgCorzutvG9jG0cYo0nLUuQIic2jZaOeUJY6DNTmAEhnnHMcFz0mmPN7H2ZwkgK
ZthGEo4sUXpkxNkwwPKReUn4Kxu1n4HHpOnt3jgrcv0yDfpYTYKXnWTyOIS3f0dtJqhgynx0drSFWC7k1jcIAVAp9TKEONXX587VV785XXNOEKT9pAVAIcj1k7CWFSrd0xnyghqJtd0f3SIOyTWnXKYTYpfDy0vcrgj3tnOpHH4n1uxK4nUeRKPwwkNxkpXUs4oEGhtZ
ssTu1Pd5raZc8SGLblIrtsUyAzXZJRb3DTP8ER1URvWQH43IIfz3xOTWiLqQ6rmAf39Jnz89PvQwsm8ZrywIGl8NWP8TAluFGSoTToSGFulAT8PWN8lGIwyrZ8mswQvP98znJ93fAmr6QqLiWTOx3zfII34HQWvRU1RE8PTD3bRJZXzAyUstrIlbLGS8cZar5dP1uTss
NS0CeRTqQObIEIpPi6gX2YxHN6nalcmYUh0XXoHj5HQcQbrX6wpzqhB7eo6PqjiEpC2iQCqnkcoZcasaWcyGIzeMic2ykE3ZgXBWWBXgZ3Eky2ciMezIGycWasacZocknqCQi2CpEijqP6oe7Bhqzpw6XrbQcQH5jHoXX0hUYmclan6NHxY2Xg6iPpIEIbOQqTReC0SN
d21w5tyjuGlFbZHLit1Xu6izqIzBmK4OGWFdJ6m5EXDEslQz9mRSjzMzCh1NQW4wNczxaGvD6XIpDzJcg0uOuBIVHDExzAoHCH8BB8HCHoAzxEDHVIBuOu0gcJzDpIX6DvGaxzcNw4WQN1hCzMzjSRm9zQlsEDXE5m6JdFWGO4KmBzIqzi6uX1tiLHZbFlGujyt5w12d
rSLbskDQgXPDHZJJRuX76jq0GRLe791psgqEqSvvlEXs8b1PvtnS24MCOXGNxB5jHMNxAdmKGf3ggxU1kcng8ZiosN1jpxSwEaoeeoaEwSxpj1NsoiZ8gnck1Uxgg3fGKmdAxNMHj5BxNGXOCM42SntvP1b8sXElvvSqEqgsp197eLRG0qj67XuRJJZHDPXgQDksbLSr
IdeynjBTwagiv0Hqc0OI4u14uQhpduOKxRDf2eXsE8zZzAJ01xDWl7uao0pqp51gP6kLcC5GBWaZXIUs9XjKv6lex0thxOmHMwsOOswMHmOxht0xel6vKjX9sUIXZaWBG5CcLk6Pg15pqp0oau7lWDx10JAzZz8EsXe2fDRxKOudphQu41u4IO0cqH0vigawTBjnyedI
OUYgTt55ip4AyhUvsYnmLte0aLGv5uMmJgR7Zp0B6wcv6Wlqpy51lAUkL2ajpmVzsiWLwRnTHoJgEvvTnRoYSCD85dhnp5hbE5n00n5Ebh5pnhd58DCSYoRnTvvEgJoHTnRwLWiszVmpja2LkUAl15ypqlW6vcw6B0pZ7RgJmMu5vGLa0etLmnYsvUhyA4pi55tTgYUO
HeTSCbZgem6VnyEzTZcLJM92fcIbZaMcEbugCOmF0k2iC9bwzcBDoAatCHu4ic7LcSRDb5J2GFEiEE87hbBvBAidi5ap77ZAqmDRRDmqAZ77pa5idiABvBbh78EEiEFG2J5bDRScL7ci4uHCtaAoDBczwb9Ci2k0FmOCgubEcMaZbIcf29MJLcZTzEynV6megZbCSTeH
nNPRrWwwwu4wVrWvzZ4VYMuWhuGSXy0FgJwxBNnWCkNx0emU5jlvU9M4TSOmLIQRSHjuvwKWAyNZ2ZpYeZOYz1UNndYYmkK7RSRhhRSR7KkmYYdnNU1zYOZeYpZ2ZNyAWKwvujHSRQILmOST4M9Uvlj5Ume0xNkCWnNBxwJgF0yXSGuhWuMYV4ZzvWrVw4uwwwWrRPNn
45iuKdqfrIiKwbEQUr7xJXdTcBFTtL4pjFeTHuyY5aESaiEuYdldZox1O3pBiMQqrUeYI2sf0VX182OX9YZyHRuvneVvPhFB1J0dd0J1BFhPvVenvuRHyZY9XO281XV0fs2IYeUrqQMiBp3O1xoZdldYuEiaSEa5YyuHTeFjp4LtTFBcTdXJx7rUQEbwKiIrfqdKui54
MhAc90b0IXZcSRIeG7QkuFZ0l3UTVXzc9zE7tEY23s6oEhrKECUyIptSKiHAAAC9Yg6nlVjHIgUmmGWrJljrZ2EeemEenGDGMASWWSAMGDGneEmeeE2ZrjlJrWGmmUgIHjVln6gY9CAAAHiKStpIyUCEKrhEo6s32YEt7Ez9czXVTU3l0ZFukQ7GeIRScZXI0b09cAhM
cAiI3i563ebJCbiurbgXQSor0gb82wJ7Vsgs0DPViP8Krg8dheZyWIjROKQkAZIvMOhGrW4zH1eYBd1jhvb58koMT9Wuy8jFNQl88lQNFj8yuW9TMok85bvhj1dBYe1Hz4WrGhOMvIZAkQKORjIWyZehd8grK8PiVPD0sgsV7Jw28bg0roSQXgbruibCJbe365i3IiAc
yjTYXZgxldvQcK7zP4ptQfehoS1xuMGmUzFnSKe8MYPOdoIskWgZ2JBk43brii65bCkunntYGCHjPp2ZhbtcKvlGRMXYUUwUwaJddJawUwUUYXMRGlvKctbhZ2pPjHCGYtnnukCb56iirb34kBJ2ZgWksIodOPYM8eKSnFzUmGMux1SohefQtp4Pz7KcQvdlxgZXYTjy
34t8E2NTwhZX11cQhjcTA1iUQ5KqGo5ckPANmocdV2ZrV4B5fDqE6yyOve71s254m6KyML0dGvt5rUzvxKZvCsDXwBtj5qfIoOA11AOoIfq5jtBwXDsCvZKxvzUr5tvGd0LMyK6m452s17evOyy6EqDf5B4VrZ2VdcomNAPkc5oGqK5QUi1ATcjhQc11XZhwTN2E8t43
SBNxK3fRodKrdenbYrA0QCZTYqdx6vMqV1haxmsGo3XRAfRywsshum1M27EzSRjjnqJe41JKxB2xGNp39CDSN9AJ4fDqWmyD4CiYYiC4DymWqDf4JA9NSDC93pNGx2BxKJ14eJqnjjRSzE72M1muhsswyRfARX3oGsmxah1VqMv6xdqYTZCQ0ArYbnedrKdoRf3KxNBS
S8DwEKkuwUE0XCVjMrPjWqCvz2UyrHQEFu1j7E7TycNrEEzqUJYLY2BtwvmI43nCQiloLICfKQvpup9JzyvRuVFllRSiobJ7jUMUUMUj7JboiSRllFVuRvyzJ9pupvQKfCILoliQCn34ImvwtB2YLYJUqzEErNcyT7E7j1uFEQHryU2zvCqWjPrMjVCX0EUwukKEwD8S
ZnkI5WKJJIuRpiIpuxY8gY6m4AWnMQtg74p0SZD5cXpr9xbTozRUSOBOpx42Ipcglrb7LD2n0K8ZB9nPY7elnE023wxefZkqLkNWWNkLqkZfexw320Enle7YPn9BZ8K0n2DL7brlgcpI24xpOBOSURzoTbx9rpXc5DZS0p47gtQMnWA4m6Yg8YxupIipRuIJJKW5IknZ
jDISCcucpD1MhgZLavHvnL0HvkSaWjnAMVtpxhQgkltrrM3qCefqp8WfjjearqA5htm6z5eeIwvzesjFvOUfNLjwUMwg5VDDJOBeeBOJDDV5gwMUwjLNfUOvFjsezvwIee5z6mth5AqraejjfW8pqfeCq3MrrtlkgQhxptVMAnjWaSkvH0LnvHvaLZghM1DpcucCSIDj
uhRXkBddTLSqy7PZ3CVFiWmQSVMOfGoyN9QWbtYv9mfWJURGwil87xOQo2asBoLoN2FNp9DNLIFV4x4t8hr48ANm2N951kmigQVVVVQgimk159N2mNA84rh8t4x4VFILND9pNF2NoLoBsa2oQOx78liwGRUJWfm9vYtbWQ9NyoGfOMVSQmWiFVC3ZP7yqSLTddBkXRhu
xHDpZZq7M4qKMigPh3QXqoWJWvQ75M6TuBDo1uLhq3R3eWllT3CDlznBO58mK2A76DLXXx9HtQewipc3lDAv4MWLKvXurxRo17FssF71oRxruXvKLWM4vADl3cpiweQtH9xXXLD67A2Km85OBnzlDC3TllWe3R3qhLu1oDBuT6M57QvWJWoqXQ3hPgiMKq4M7qZZpDHx
FZHv576n9zyDYoAfElPZDDlZVzVt8IHECPYanVmmPePispNw04P5b1xVuMJtUrWwAqwoFC0UGJ5zXlpRH9pI1g6OsGBHXy7XiTFNNFTiX7yXHBGsO6g1Ip9HRplXz5JGU0CFowqAwWrUtJMuVx1b5P40wNpsiPePmmVnaYPCEHI8tVzVZlDDZPlEfAoYDyz9n675vHZF
