dYYlcmkpb2qfcFIQcBQkzlY7AGfKqw0Sqt5saHbaCqEEVnUWNgbGqZfPbkzQAUeQIACHiCGktlNJxdBFiCMX4Qi40CN1wRl9sNgZZgNs9lRw1NC04iQ4XMCiFBdxJNltkGCiHCAIQeUAQzkbPfZqGbgNWUnVEEqCabHas5tqS0wqKfGA7YlzkQBcQIFcfq2bpkmclYYd
njelTT9BVq89OdYEksC3rD35ASQK6DalmdVAWvcNfamucEYlV0Hi7dE6VUItyI6fLTFcjGOoFZci8ZtuU04s6AqtvYhObfSLyXoccoXyLSfbOhYvtqA6s40UutZ8icZFoOGjcFTLf6IytIUV6Ed7iH0VlYEcumafNcvWAVdmlaD6KQSA53Dr3CskEYdO98qVB9TTlejn
C6V7MiU5CfIFTGV72v8gt6RsVJlKZDG2A2ZnEPlgTSKHzbgVve1JCM1xvFCPJimkEFWjuCojuYQoYVDpZ9X4mttcywsC66LBCdJxxJdCBL66Cswycttm4X9ZpDVYoQYujoCujWFEkmiJPCFvx1MCJ1evVgbzHKSTglPEnZ2A2GDZKlJVsR6tg8v27VGTFIfC5UiM7V6C
XbYrQilhL0BlR6xErY5hKaEIlgkoqctIcMzSUfZA81LQYduJ1sqgrUN41XLK09S4lMpbQJBPema5ouGJgWPXm4TGv8Rp7flkQ0kcck0Qklf7pR8vGT4mXPWgJGuo5amePBJQbpMl4S90KLX14NUrgqs1JudYQL18AZfUSzMcItcqokglIEaKh5YrEx6RlB0LhliQrYbX
CNhZ2kBx4jhOREK8povrJ3J3NLb9WjezwkTsUujQ4QaOuJodXetCa58Mjal9Ipz9ZNQoc098K8o7I2bB8ud6rclzBwzjFtH8AynBBnyA8HtFjzwBzlcr6du8Bb2I7o8K890coQNZ9zpI9lajM85aCteXdoJuOaQ4QjuUsTkwzejW9bLN3J3Jrvop8KEROhj4xBk2ZhNC
AsYpupssdJMU0rBXUkrA34bOXNTNESjfEBuYqgltPXIKjjC7TT8pP97insURF5Vj8kdoqnCbElKNUmLi9JxoiVwVHKhmi6vGhyUxxUyhGv6imhKHVwVioxJ9iLmUNKlEbCnqodk8jV5FRUsni79Pp8TT7CjjKIXPtlgqYuBEfjSENTNXOb43ArkUXBr0UMJdsspupYsA
DdQ3YcjpFFNbn4LOKgiPAGbspDPmq0Jt4zPw1Yfb6RbKOnyysaIShjfwMUC4OlpmE7cawhauXb7hoWaaxHs6Qxt5LVY1bIGFhHF44FHhFGIb1YVL5txQ6sHxaaWoh7bXuahwac7EmplO4CUMwfjhSIasyynOKbR6bfY1wPz4tJ0qmPDpsbGAPigKOL4nbNFFpjcY3QdD
FrgFpntGmt5SgZE6objDZEEckjiQOf8tvfzfrnl4bHPGCtDPuMtNqxO0bWLp1JdrN2v9ia1IiLpJ9Syt9mBPdPlEhVSc9UtnrimyymirntU9cSVhElPdPBm9tyS9JpLiI1ai9v2NrdJ1pLWb0OxqNtMuPDtCGPHb4lnrfzfvt8fOQijkcEEZDjbo6EZgS5tmGtnpFgrF
HBPtPysCrfc4FRAv3e3RW7qmR64YkUbswQfgIwHZ2Iwc0VxwZSHqrX2CVY3ao5seNxjwNQqJzgKT3cJvUrghIcJ6Zf6HdqlQHuGvvGuHQlqdH6fZ6JcIhgrUvJc3TKgzJqQNwjxNes5oa3YVC2XrqHSZwxV0cwI2ZHwIgfQwsbUkY46Rmq7WR3e3vARF4cfrCsyPtPBH
Kgg5thjybJQ4LIF77x7z8v6DUBRD9OyJu7giFPahzQdfyHCw9bp7vNbJotnNBfwVD55In6OhNRlhzN4XNmVCZWmIJyVL7Mbbk8JxxJ8kbbM7LVyJImWZCVmNX4NzhlRNhO6nI55DVwfBNntoJbNv7pb9wCHyfdQzhaPFig7uJyO9DRBUD6v8z7x77FIL4QJbyjht5ggK
JO8lrnaeCKNJjd45HcvLS4r5LmZEUVc9eaKunJXOTgy3ivzOwo1JlLgwWb1MV3lY3UnI9FxtKqPRFIb3x1FcHLy8LTLcqW2LMiulluiML2WqcLTL8yLHcF1x3bIFRPqKtxF9InU3Yl3VM1bWwgLlJ1owOzvi3ygTOXJnuKae9cVUEZmL5r4SLvcH54djJNKCeanrl8OJ
l6x1NJbvJ3mFcOnnHlY1w2KMwWy6KeLwcDROmRfVoq2P9i5GSwcJrMwhdPfoSPfusVD8hHuuypEWWb6kW8SImJppyt4lebavWDT55TDWvabel4typpJmIS8Wk6bWWEpyuuHh8DVsufPSofPdhwMrJcwSG5i9P2qoVfRmORDcwLeK6yWwMK2w1YlHnnOcFm3JvbJN1x6l
IsCXWzpyWyPVLxBUgrNZoX5OXSg1hdfOvHHLAVDxosoZJPpPA4joUF5MXCi9FnNZTuGuJjMX3ZSgkBUk56yRDU82xg04sIWG54ZhhZ45GWIs40gx28UDRy65kUBkgSZ3XMjJuGuTZNnF9iCXM5FUoj4APpPJZosoxDVALHHvOfdh1gSXO5XoZNrgUBxLVPyWypzWXCsI
gacARhks3uqZmC7AAYXGTTX4K8YHXan88o9PvICs3SLIujjUdb0VTSt8QLgJKsIJBhzWq4IMOUUd55XA5sWRFJPWuVaajIJJOdb99bdOJJIjaaVuWPJFRWs5AX55dUUOMI4qWzhBJIsKJgLQ8tSTV0bdUjjuILS3sCIvP9o88naXHY8K4XTTGXYAA7CmZqu3skhRAcag
PUlzbgvJxB68fQpYxZOn10WRL8unNWP4l0wlbluxLrvqCfJY9xhzs7m55bKkWZGcT5mTibLTSADugNoFFvaxSmTPm7YexagL4s8ff8s4LgaxeY7mPTmSxavFFoNguDASTLbiTm5TcGZWkKb55m7szhx9YJfCqvrLxulblw0l4PWNnu8LRW01nOZxYpQf86BxJvgbzlUP
JXgk3zqkivO4vFpbZ9nxyrpYwZVJYZ4csclO23XDQGAGmPGFoT5HfLa2gVE7pA9cClq6HIBxpb71reaaX6G3IGxp23Ml3MM6X528825X6MM3lM32pxGI3G6Xaaer17bpxBIH6qlCc9Ap7EVg2aLfH5ToFGPmGAGQDX32Olcsc4ZYJVZwYpryxn9ZbpFv4Ovikqz3kgXJ
qOJTuFecCcUqauSImDc2W7wSAI53FTHVcqjVwMXYNMIoB3WM8XIUW7IxhgSMY0C0LLQBxi0fUCtV6Jd4clsXJ1PqAC5y3athlDIccIDlhta3y5CAqP1JXslc4dJ6VtCUf0ixBQLL0C0YMSghxI7WUIX8MW3BoIMNYXMwVjqcVHTF35IASw7W2cDmISuaqUcCceFuTJOq
d8n5jI9FMwynWy9jFcc5HYyiTnEDhIQjH7hPgFVS3N9TG93lA8HIXbPmoUqu6A7f8FTeljVhWvZ6TwiUvq4orMz8bjT9JsDHWxLCCLxWHDsJ9Tjb8zMro4qvUiwT6ZvWhVjleTF8f7A6uqUomPbXIH8Al39GT9N3SVFgPh7HjQIhDEnTiyYH5ccFj9yWnywMF9Ij5n8d
cIyWdVlZ79PN359Iw8JaRikDKR0c55D7F1vIqAdoas32O1DFZmglTpO8AJb6gD4L7rUNRW3rIYmXuP6N1dYpshNtQOqVRnBp9w5qq5w9pBnRVqOQtNhspYd1N6PuXmYIr3WRNUr7L4Dg6bJA8OpTlgmZFD1O23saodAqIv1F7D55c0RKDkiRaJ8wI953NP97ZlVdWyIc
ZcVsonh5kTYNmH9tvRDedzUp1ENQc851bsNOaTlkiDWuKVhAiKDley175jP8hmZH8Hw82biDe8XOUap3JtiNlCMjK2hsiBZhiPfEEfPihZBish2KjMClNitJ3paUOX8eDib28wH8HZmh8Pj571yelDKiAhVKuWDiklTaONsb158cQNE1pUzdeDRvt9HmNYTk5hnosVcZ
mhTk9d77R1HECvPfBXO39BEA0KIJOmY0tnfsPdPb7xFbMufnnTkMUOmOYvYibrdT8HGNKvNjNtjzHohUCrbxaMgYB9ACQewOK33uu33KOweQCA9BYgMaxbrCUhoHzjtNjNvKNGH8TdrbiYvYOmOUMkTnnfuMbFx7bPdPsfnt0YmOJIK0AEB93OXBfPvCEH1R77d9kThm
sG6K9CD78MxUj6eDHeGhEYi8Fi76EGbxM8BmBfk9QcUz9X5h3dob2vAB789dfAzR825AaH9qjukILHOil5jgsIHPhgRmhl5gh0FggF0hg5lhmRghPHIsgj5liOHLIkujq9HaA528RzAfd987BAv2bod3h5X9zUcQ9kfBmB8MxbGE67iF8iYEhGeHDe6jUxM87DC9K6Gs
7TZGClvuxfOEmkbU3U1nxqJzBPFQlOikccPEmEzdJIHURHjn4E1TufNUUSFbbNkdOYiZ6b5hJe11mfIiIe15IIS42y42Fg8T9ho44oh9T8gF24y24SII51eIiIfm11eJh5b6ZiYOdkNbbFSUUNfuT1E4njHRUHIJdzEmEPcckiOlQFPBzJqxn1U3UbkmEOfxuvlCGZT7
4ypTCAAlNmKSkpUGUSt0lzUQG6rsyndugsHisit9T7S7nheCZx4ERRVxOGjGTm1z7CbPJtp6sB18IaBcw5gHp178ciFvuAoRcpcLLcpcRoAuvFic871pHg5wcBaI81Bs6ptJPbC7z1mTGjGOxVRRE4xZCehn7S7T9tisiHsgudnysr6GQUzl0tSUGUpkSKmNlAACTpy4
5K6WYhd83rpwcZ2jgsy76eqSXjrOLRbI37auFdtbtdWU4S7dEVACzPURYFbExbnS9nifP0FC54xZOv3tK3VEmlwgPwJiWWZwDB1ss1BDwZWWiJwPgwlmEV3Kt3vOZx45CF0Pfin9SnbxEbFYRUPzCAVEd7S4UWdtbtdFua73IbRLOrjXSqe67ysgj2Zcwpr38dhYW6K5
R5ibqDOWUByAqRvI53Pb10Nc0JrACVwus9UccezxfrXvDN5bjncEIphCYxc2MYpaxDczi0rmmIcPw7r9LsetckvZbxUoPfnHIocPPcoIHnfPoUxbZvkctesL9r7wPcImmr0izcDxapYM2cxYChpIEcnjb5NDvXrfxzeccU9suwVCArJ0cN01bP35IvRqAyBUWODqbi5R
t3U45Fs2VRhHv0japDBGYOw738gJavstRipOMBKcsQJilSH0WiBpWyMswS3wIpjZwXiCzSElEnSPb0JWdKGYCtLYFhONvXhlqpNjjNpqlhXvNOhFYLtCYGKdWJ0bPSnElESzCiXwZjpIw3SwsMyWpBiW0HSliJQscKBMOpiRtsvaJg837wOYGBDpaj0vHhRV2sF54U3t
sTgAhUAb7wdj53LPhfunTCDlJO3Y3E1OyAo8UOatFd4c7HQEMgsaHUlRdGk9KEODF3czKcmqEjRcPch2iz2qOgBRmLQVP8zu10oggo01uz8PVQLmRBgOq2zi2hcPcRjEqmcKzc3FDOEK9kGdRlUHasgMEQH7c4dFtaOU8oAyO1E3Y3OJlDCTnufhPL35jdw7bAUhAgTs
0VbdhdSjkORdJBROdDZNuq4tJrNEaubzJc4QFOZO4lsGMDUOgp3zAYmkl0NkopEXrAiVPCELoVSZzhJ9wgXV9f9J8Num5YENyMDHHDMyNEY5muN8J9f9VXgw9JhzZSVoLECPViArXEpokN0lkmYAz3pgOUDMGsl4OZOFQ4cJzbuaENrJt4quNZDdORBJdROkjSdhdbV0
uHeoyNIptdKSlioAexCMdN18LoxP2fvpnz6figT0j8nth2uktVwwdRUpAL91qTk4NhcUnVpVT4JZy5fls0CVMwEmBdGRWQOeyqzffzqyeOQWRGdBmEwMVC0slf5yZJ4TVpVnUchN4kTq19LApURdwwVtku2htn8j0Tgif6znpvf2PxoL81NdMCxeAoilSKdtpINyoeHu
iZYfEt4byiSsJi9AMKBPRthdck0sdAWl0qq7Em83URp8ZN8gYAVlS3nUGHGki7ucOEatQ8pgP6FjLDpfeEpVb3LGesQlQgm9KmR00RmK9mgQlQseGL3bVpEefpDLjF6Pgp8QtaEOcu7ikGHGUn3SlVAYg8NZ8pRU38mE7qq0lWAds0kcdhtRPBKMA9iJsSiyb4tEfYZi
gnak4xYPhvANxXsHtrxiZr4KwqfpdvOICoR7gLonBNZzgnAy6WBWj5c8MHOp36X6mj3rTJ8VXzO7goxdFX0Nu4mcD1r9XI5eRYvGGvYRe5IX9r1Dcm4uN0XFdxog7OzXV8JTr3jm6X63pOHM8c5jWBW6yAngzZNBnoLg7RoCIOvdpfqwK4rZixrtHsXxNAvhPYx4kang
7TpcFRkOq2Sta04cuLbv85owqjcQdUcbJqdoBn4QiOEhkcj8MjtlGbbwjdGLxHMAXOOy3KJeZolDpTB25ThDviY6kaJbHwB8FPwBBwPF8BwHbJak6YivDhT52BTpDloZeJK3yOOXAMHxLGdjwbbGltjM8jckhEOiQ4nBodqJbcUdQcjqwo58vbLuc40atS2qOkRFcpT7
PZ8rfqXC1AH9WkFSAoCzjGbov6AFxlyiEXzIIrldRRCi3h12v4U8dUmytm7lwWs1pMey5o2pA6w2fQx1NMYQBfIUrh9i8sDo7Gg22gG7oDs8i9hrUIfBQYMN1xQf2w6Ap2o5yeMp1sWwl7mtymUd8U4v21h3iCRRdlrIIzXEiylxFA6vobGjzCoASFkW9HA1CXqfr8ZP
Cku9bqEQha6tyoU6Wkp8Jw61YlzaQvTsaHRaXwP7VoRO4hLSqZRzQOUkzpjKf35EepD1fTy1Clj7sUrDpd59QrJKbRuFnRjqAMKggKMAqjRnFuRbKJrQ95dpDrUs7jlC1yTf1DpeE53fKjpzkUOQzRZqSLh4ORoV7PwXaRHasTvQazlY16wJ8pkW6Uoyt6ahQEqb9ukC
Lm76raz8JfQgbtc4GF5gLSZVdQDr4YPIFOGVN9UxfF4fY7c8e7ePQ5FTOjELCUTHd06QzsI6WEcpddohAsxrO3f6FJkH65pbWmRQQRmWbp56HkJF6f3OrxsAhoddpcEW6IszQ60dHTUCLEjOTF5QPe7e8c7Yf4FfxU9NVGOFIPY4rDQdVZSLg5FG4ctbgQfJ8zar67mL
AREtCwHTN9Qa7QwH1pSeW9K9Xc7NkbpJRS5ukEHXeYWcjNJD43HT2RsSSPb5PqGcdeWnI8EmW3objWDftKyo4lBO0BMKssmuwDc88cDwumssKMB0OBl4oyKtfDWjbo3WmE8InWedcGqP5bPSSsR2TH34DJNjcWYeXHEku5SRJpbkN7cX9K9WeSp1HwQ7aQ9NTHwCtERA
FlXbyXKP2OeGHrCssRmT6WFqDZgg1fhBp9Cixnys22zCm1U8nAtlXX00SBBoFIPvhR689vqZqk55gr3ssO5JGXEzyfh8NwtUIqShhSqIUtwN8hfyzEXGJ5Oss3rg55kqZqv986RhvPIFoBBS00XXltAn8U1mCz22synxiC9pBhf1ggZDqFW6TmRssCrHGeO2PKXybXlF
ecWn7tsOqFB7dlfZp6suEqc1eVduJkZMlQYIEmXTQzSSEWmSv8HZpJusAxHjbbUMRouWzMlKg56JUK4JJEeyNxlnpRwqtK3FYr4tt4rYF3KtqwRpnlxNyeEJJ4KUJ65gKlMzWuoRMUbbjHxAsuJpZH8vSmWESSzQTXmEIYQlMZkJudVe1cqEus6pZfld7BFqOst7nWce
H5Df2nZFkeoohh38RIne75wjy4BkyUhARKfNx7sbcbpjHKHytU2QrSZKP3THq1HCFMp5lc7nCnVjW6ckR61dQVNarchc6OeD0taffat0DeO6chcraNVQd16Rkc6WjVnCn7cl5pMFCH1qHT3PKZSrQ2UtyHKHjpbcbs7xNfKRAhUykB4yjw57enIR83hhooekFZn2fD5H
5SwKiaBfbLV8hYp3hoNJvqGDtj7hje1GVRQ7QrCR5yqDs8AznnCC4jfqseX0hsb3fQzVC3H8UXCHWcbDPDfMnK68NUZUH1rLlkBNNBklLr1HUZUN86KnMfDPDbcWHCXU8H3CVzQf3bsh0Xesqfj4CCnnzA8sDqy5RCrQ7QRVG1ejh7jtDGqvJNoh3pYh8VLbfBaiKwS5
jM2AoewQeZaH8MTJJtx6MLgh3RsGtAn2mi30lSKpNKxLWKvb7m9kWErsweYJDFFPNCkyuUiBA8nxkdxHoWsF2eXRHq0lU90Cbf1VV1fbC09Ul0qHRXe2FsWoHxdkxn8ABiUuykCNPFFDJYewsrEWk9m7bvKWLxKNpKSl03im2nAtGsR3hgLM6xtJJTM8HaZeQweoA2Mj
CxycFqlHHSv8EZZiRlPCfZWEUzgYT1SvRLxw2c8DutBYN0AagqckkYp7RuXfOk0bURXPTVsHJuAxobWURY71rNzCBRGq1BRPskaggaksPRB1qGRBCzNr17YRUWboxAuJHsVTPXRUb0kOfXuR7pYkkcqgaA0NYBtuD8c2wxLRvS1TYgzUEWZfCPlRiZZE8vSHHlqFcyxC
SNkGobUPXjbqi3bUUDWHjGclyR4crdCDqLj8m5NDgNuojuC8xyFbaHlyYIZJK4n1ivztSHWYUKG7aJ5wBdxBkDzClTmVPyRXoLKBBKLoXRyPVmTlCzDkBxdBw5Ja7GKUYWHStzvi1n4KJZIYylHabFyx8CujouNgDN5m8jLqDCdrc4RylcGjHWDUUb3iqbjXPUboGkNS
TdEMFcLWiBH8XJN8nlQeI4Ee5hWXimm1oQISStk0TrzLZhKHr0KZxo6vUTM59YXNkbB3tKVH3ptvw55ixHCpV9ektQhSj9AsAbpTTpbAsA9jShQtke9VpCHxi55wvtp3HVKt3BbkNXY95MTUv6oxZK0rHKhZLzrT0ktSSIQo1mmiXWh5eE4IeQln8NJX8HBiWLcFMEdT
E0HTN5KkZRcbTRWtUbHGi0OHZci1q1GUUnIdJtMdfOeYa0Mv2t1eNkLilSd2nJqCVYfaLRDQaHjACwU7jqCWzn8FAcBNKRPbkUbwwbUkbPRKNBcAF8nzWCqj7UwCAjHaQDRLafYVCqJn2dSliLkNe1t2vM0aYeOfdMtJdInUUG1q1icZHO0iGHbUtWRTbcRZkK5NTH0E
