I6t80LL4cES6yjzEumTF9O83p7UyZEWdCkb6Vm0XQMVJvqnk4BO1pMx8lmwEQoityiqOukhFx5onM2wI3EeLr1J3HbbypilhQ3VFFV3QhlipybbH3J1rLeE3Iw2Mno5xFhkuOqiytioQEwml8xMp1OB4knqvJVMQX0mV6bkCdWEZyU7p38O9FTmuEzjy6SEc4LL08t6I
3L5yZJgv9NQer5UMgruhrmvZw4lSRQYo2vHv8Mk7z1clxVX7HLFYX0sox6AkoyxjO98NljlFemQ2CIZjuAcm1u0RS11AutJCRip66piRCJtuA11SR0u1mcAujZIC2QmeFljlN89OjxyokA6xos0XYFLH7XVxlc1z7kM8vHv2oYQRSl4wZvmrhurgMU5reQN9vgJZy5L3
1oE2otxtemUXZuW9H13fkvKrn4UolyPFhTAvHyJle6C7sy4ZSy86oIo0FDJP3yudMvyToB7sabqsynmLglJtTWOyzxivp4y4srPaaPrs4y4pvixzyOWTtJlgLmnysqbas7BoTyvMduy3PJDF0oIo68ySZ4ys7C6elJyHvAThFPyloU4nrKvkf31H9WuZXUmetxto2Eo1
xlSo0YEXldVqSJrH0hv2q4PM6tRff5D3ivKdOoZYqQJdzZKTB9Pr3a7Ztq9XnCuvX7xGMRa4dja3DKqEjAVFau8se6Jr95gw265ii562wg59rJ6es8uaFVAjEqKD3ajd4aRMGx7XvuCnX9qtZ7a3rP9BTKZzdJQqYZoOdKvi3D5ffRt6MP4q2vh0HrJSqVdlXEY0oSlx
sbaXm02oWgbxRr8Hk8GsiDGDRdYmxiFjiFcUa6CWdeNUuL48KdrsGXUxZnervJ04O2ROzTf3XsrL7OKIQ3ZwtpOo2R8r1znjUaXNNXaUjnz1r8R2oOptwZ3QIKO7LrsX3fTzOR2O40JvrenZxUXGsrdK84LuUNedWC6aUcFijFixmYdRDGDisG8kH8rRxbgWo20mXabs
3klO3WNkbv15PQP787Zr3KLwXUKWmykIDvXaLfjM0DjJuziTWCETmqJEEu3QnGzQ2QPHUYTP45zQVbfNCJbOYKT69pOLUH3QYmXooXmYQ3HULOp96TKYObJCNfbVQz54PTYUHPQ2QzGnQ3uEEJqmTECWTizuJjD0MjfLaXvDIkymWKUXwLK3rZ787PQP51vbkNW3Olk3
Vq0ygsPyryjKz7FwKqA60kTHEzZzmD7CSXZyKjq1cyg1WlQC0r9u0s39mWyyzW0LPUEz8Tvan01DfMf85EtyxqWeGP3AHWlwlppkkpplwlWHA3PGeWqxytE58fMfD10navT8zEUPL0WzyyWm93s0u9r0CQlW1gyc1qjKyZXSC7DmzZzEHTk06AqKwF7zKjyryPsgy0qV
eJQ9eTDPYdN7wFUg4YMnunTLXJxHYbl6J23oP87iclGXQ07nuLzjXNuqwlXOldMv8idNHAUIm3b3V8JKKDtdqhSgrlv4oBsmjuYQQYujmsBo4vlrgShqdtDKKJ8V3b3mIUAHNdi8vMdlOXlwquNXjzLun70QXGlci78Po32J6lbYHxJXLTnunMY4gUFw7NdYPDTe9QJe
TKZmE96p1ohNcSdN6u9m9p8krTiUGYdze3fI2CWVQ5etPgBNzaYYpWCaKJUrdWlhtPppsFEDDHVtNxAHwyAgPdG0m0lpsVWggGUxxUGggWVspl0m0GdPgAywHAxNtVHDDEFsppPthlWdrUJKaCWpYYazNBgPte5QVWC2If3ezdYGUiTrk8p9m9u6NdScNho1p69EmZKT
qkoUrheWs17rlHoEJhvykThbm8nfS8EDJRy1X3rJxO2cWjFap1xyo8y14g9OEesoUKINgYx6isa72E7kAVdOT1jQAIafLRtB23pccp32BtRLfaIAQj1TOdVAk7E27asi6xYgNIKUoseEO9g41y8oyx1paFjWc2OxJr3X1yRJDE8Sfn8mbhTkyvhJEoHlr71sWehrUokq
U3E8hypOQ3HxPpLE6XZNq19JGf41dt2XPaWwyFEIclAr1MVXeqftKe6QjzmmNHD4Gzt79XhbeGs7sHvWX0KD8HtIbaTNGWJnQ6LPPL6QnJWGNTabItH8DK0XWvHs7sGebhX97tzG4DHNmmzjQ6eKtfqeXVM1rAlcIEFywWaPX2td14fGJ91qNZX6ELpPxH3QOpyh8E3U
RPXYCvKklcBGmeESxmTWbb6WlKiivW5hhU9JKkSwLT3XXakpM6GM8DejnlrDdoJjDjsnsFd7y9vr8AaK7Gw3kzgXfx0hfEQIMCw99wCMIQEfh0xfXgzk3wG7KaA8rv9y7dFsnsjDjJodDrlnjeD8MG6MpkaXX3TLwSkKJ9Uhh5WviiKlW6bbWTmxSEemGBclkKvCYXPR
iqI152IN33UHaKfdKr59XeGNl9DmLKaS2INYDvgaR1iQFmTq7rOvuuD8TgL8QLrMt9fVULwgh6WMkk4H0K5paaoTgZtwffDxDjoyyojDxDffwtZgToaap5K0H4kkMW6hgwLUVf9tMrLQ8LgT8DuuvOr7qTmFQi1RagvDYNI2SaKLmD9lNGeX95rKdfKaHU33NI251Iqi
e61cTHl7DtXoPHopUcuOvlSzol5wyUK4Rf6gLiDp025lDKzxMoGBZZZIEw75LjY6oVdz7GizCFefP652md4F5WncoL7YTxwcNy2LL2yNcwxTY7LocnW5F4dm256PfeFCziG7zdVo6YjL57wEIZZZBGoMxzKDl520pDiLg6fR4KUyw5lozSlvOucUpoHPoXtD7lHTc16e
E5TqMOAzXAKwUVQfshrmSc9j1OwF6h3dEqsq7RJWSuMhK6l5f5IW9HbZwx8U61WBKIrJ01aMPMTzJaVo58F2FGV26vP2Ph4ZOoeJJeoOZ4hP2Pv62VGF2F85oVaJzTMPMa10JrIKBW16U8xwZbH9WI5f5l6KhMuSWJR7qsqEd3h6FwO1j9cSmrhsfQVUwKAXzAOMqT5E
dWyOkrykHhGFndLSXHQMxm56ixMw0v94LWLwIEaqlgVxjbKAI3N9Hk5PbjF29exl1DbehBtrGIjPkupRP5RwHpGIYlDxpZcJ4DNDDND4JcZpxDlYIGpHwR5PRpukPjIGrtBhebD1lxe92FjbP5kH9N3IAKbjxVglqaEIwLWL49v0wMxi65mxMQHXSLdnFGhHkyrkOyWd
AvgAPGFiYlCK1YulbJDUCHebjVPuVuowjtVzZ1bsGD5C4QN61rS6XW7cmovdcdylwoePJfdqj9RgQaDlqvijmGkyUa0VDScYAfIkkIfAYcSDV0aUykGmjivqlDaQgR9jqdfJPeowlydcdvomc7WX6Sr16NQ4C5DGsb1ZzVtjwouVuPVjbeHCUDJbluY1KClYiFGPAgvA
KzSkmXZl2F3QnE5TOVIOq8rCakdFSnp6gChs0c5VGzhT7EHnzp1jomLNvOsI1cFcDLu7NRtTK0hi7Nux5qbl2mYr1LYWM8YqKMNXXNMKqY8MWYL1rYm2lbq5xuN7ih0KTtRN7uLDcFc1IsOvNLmoj1pznHE7ThzGV5c0shCg6pnSFdkaCr8qOIVOT5EnQ3F2lZXmkSzK
cli2sQzbFr5UrIQ6bBzM0PyyijdTx1szF1uWloWQ8UGQ4wN7yGkswDL8MOtEjf5O9rfK8417RboOx3mpDWCY0oxH3kLFpitozyXYYXyzotipFLk3Hxo0YCWDpm3xOobR7148Kfr9O5fjEtOM8LDwskGy7Nw4QGU8QWolWu1Fzs1xTdjiyyP0MzBb6QIrU5rFbzQs2ilc
6k4XMA3lKISo3BRiJWztIrfQd9qRbTj85gwkgRUQ0i8wIQ8riYFPJKAMjQ6keHJBMALSraDmhBdPsCcZ0HjErJQ0zOf6vN9dnKU88UKnd9Nv6fOz0QJrEjH0ZcCsPdBhmDarSLAMBJHek6QjMAKJPFYir8QIw8i0QURgkwg58jTbRq9dQfrItzWJiRB3oSIKl3AMX4k6
yLrZNBmpCFkkOo0Y9uSnZqDiPFUz0TeS8unnVy4X7GBNU4hurYbKIEsXkHRE2UxZJeH95Dx2jXJ7UPRgItQrWCIbk1FFp3ayAGX66XGAya3pFF1kbICWrQtIgRPU7JXj2xD59HeJZxU2ERHkXsEIKbYruh4UNBG7X4yVnnu8SeT0zUFPiDqZnSu9Y0oOkkFCpmBNZrLy
8rEGaWWB5byUSu45PImTg6PRk5IXclda4HF262604vPpJmLzUXMZU5La0uW28Z00b9w81tzxIjhsvSmJkyE7Uq5OeuKcOE4Peso77oseP4EOcKueO5qU7EykJmSvshjIxzt18w9b00Z82Wu0aL5UZMXUzLmJpPv406262FH4adlcXI5kRP6gTmIP54uSUyb5BWWaGEr8
iVoq5bgpmqyfTwYDTiHiRIWvFGyWUx43NlnKlsYXcs3ViUz35AEOj1ENc6FVvBrCm8nxQhOSyLJbaC35CAmK2qX4o6Rd9DFLctdSSdtcLFD9dR6o4Xq2KmAC53CabJLySOhQxn8mCrBvVF6cNE1jOEA53zUiV3scXYslKnlN34xUWyGFvWIRiHiTDYwTfyqmpgb5qoVi
NNFNUOCMDu2DtxQ9mihw7wgQo280BF5osc3Gq9tTTPxGGIFSqMJOdO8rl6LMCi1TKw1ZVNoJ4gpDoUw8CaNEOLUZjbhKIB9tyzMNNMzyt9BIKhbjZULOENaC8wUoDpg4JoNVZ1wKT1iCML6lr8OdOJMqSFIGGxPTTt9qG3cso5FB082oQgw7whim9QxtD2uDMCOUNFNN
1xfAGIO28M58zcNgxIpxOZAPySHsav0ZM81tHkoFxmEroSwf0f3I84xxp9JpvEkBCFUkOCqFOTw4gmcaR7jP0bGkaqyvTdVwHlAVVAlHwVdTvyqakGb0Pj7Racmg4wTOFqCOkUFCBkEvpJ9pxx48I3f0fwSorEmxFokHt18MZ0vasHSyPAZOxpIxgNcz85M82OIGAfx1
P03eqYJ5ZJoXR7Sse3sUUhjx5A7HatuPOQS7k42ehj3YGoLlJ5A6EJvcjtJjh8XUPLTzIO4OyXH9GtKprlnUuCx4VAF396ROIgHQQHgIOR693FAV4xCuUnlrpKtG9HXyO4OIzTLPUX8hjJtjcvJE6A5JlLoGY3jhe24k7SQOPutaH7A5xjhUUs3esS7RXoJZ5JYqe30P
EaM4HMC0xQlC7AWbWSVXySwVfF8knO9QpMMVypPqAZR7Zi9r2VItiaJnEixrWVCFcP107lK7f449F1PAqYTyX7f4G4o6trduA7P88P7Audrt6o4G4f7XyTYqAP1F944f7Kl701PcFCVWrxiEnJaitIV2r9iZ7RZAqPpyVMMpQ9Onk8FfVwSyXVSWbWA7ClQx0CMH4MaE
z3NwYn1T62DVq4oNckt7YqQJtFjRuh1oejE3WapT1tjKqxyrbmPY4bdQgld0S7JWhos7nCrIV0tFslWsxHmTHpeN1gineQDl9VJLLJV9lDQenig1NepHTmHxsWlsFt0VIrCn7sohWJ7S0dlgQdb4YPmbryxqKjt1TpaW3Ejeo1huRjFtJQqY7tkcNo4qVD26T1nYwN3z
fbOx0KBBw90T595XesYN7Bm8PcAcYpB7qQVK0wlRwgfTEcmIuEWRFCQvEqW7ay4PIszeifV8LZtq38yQdODIrt5vEuTDMPsvBmykkymBvsPMDTuEv5trIDOdQy83qtZL8VfiezsIP4ya7WqEvQCFRWEuImcETfgwRlw0KVQq7BpYcAcP8mB7NYseX595T09wBBK0xObf
Oj4J2mfZew5SYgfLC0qxNtD4fX8Rrjd9r8iMkNhODDb4IfIl8ycMlFkq5iBNqDncBUOldUYFyZBBakn8cplmuu3R44anbmoBB6MDDM6BBombna44R3uumlpc8nkaBBZyFYUdlOUBcnDqNBi5qkFlMcy8lIfI4bDDOhNkMi8r9djrR8Xf4DtNxq0CLfgYS5weZfm2J4jO
fjlaKL8uY6viiC446Ny0Mf0YT41QI6doGnnrzmfSjZ1R2WNzfguQlPK9LfqtdTcJBp0Z08NEYivU8DNdJduuR9T6DfrGXSPyBJt44tJByPSXGrfD6T9RuudJdND8UviYEN80Z0pBJcTdtqfL9KPlQugfzNW2R1ZjSfmzrnnGod6IQ14TY0fM0yN644Ciiv6Yu8LKaljf
ABBHVvGyekch6wX3KUaOFFgyu907RwGrWiYn4AgbJihG89dkudXzI8s65m1pccaYjYGGymGCuoiSMl3bou0xtmuPXP7Zr7T0XzAQQAzX0T7rZ7PXPumtx0uob3lMSiouCGmyGGYjYaccp1m56s8IzXdukd98GhiJbgA4nYiWrGwR709uygFFOaUK3Xw6hckeyGvVHBBA
DehAa5molS1z3S7tLqvqZDdjf7PgAecehjDHFOUrBqk6CHroyh8RJB2p8Kv9NwDUag2gUQwvBateierbKPRurMdpwXOEOrZpwUuLLuUwpZrOEOXwpdMruRPKbreietaBvwQUg2gaUDwN9vK8p2BJR8hyorHC6kqBrUOFHDjheceAgP7fjdDZqvqLt7S3z1Slom5aAheD
lbhluKsY3tdlfx2R1ljtYNCKhQB4FMDPNJ0BunzrA42FUXxpDbd5oEhuVir0UTkc7fDSr6DR0awOWO70OBW3F8r0gcv1v85SeafUUfaeS58v1vcg0r8F3WBO07OWOwa0RD6rSDf7ckTU0riVuhEo5dbDpxXUF24ArznuB0JNPDMF4BQhKCNYtjl1R2xfldt3YsKulhbl
YsbFyrY6ueH2NFWP1kNRVhQ2yxJqSNHlAjqyzJvon6j1C9k7kypAab3xyfhKspvRygKrOb836IWAiB8sYORXOnpGSwQFgGw6Lco00ocL6wGgFQwSGpnOXROYs8BiAWI638bOrKgyRvpsKhfyx3baApyk7k9C1j6novJzyqjAlHNSqJxy2QhVRNk1PWFN2Heu6YryFbsY
xl9jTAE9jN4qGqdUMUTYKg8UBBxfqekipIqeiUCrd7CkOF72zrTDXRYytP4DShLcO2fxQHitfK4uP1pImdMEUf5iTYLhbwjOsoFeeFosOjwbhLYTi5fUEMdmIp1Pu4KftiHQxf2OcLhSD4PtyYRXDTrz27FOkC7drCUieqIpikeqfxBBU8gKYTUMUdqGq4Nj9EATj9lx
ow0XtpiO6qZb38wB18uUJ2UAEetSjwHxnCObQwOOhJpDHgeDexxNtMnXPbKYwsPdT9efUsS31C8dHcGKz5ymkFfzGOR4BCavbDzVVzDbvaCB4ROGzfFkmy5zKGcHd8C13SsUfe9TdPswYKbPXnMtNxxeDegHDpJhOOwQbOCnxHwjSteEAU2JUu81Bw83bZq6OiptX0wo
LrrNquvr0blXyxc722EKNBlpAapezEZfVKSFaHVzIBRbyS7tNd81DjKEJzIC7CHTn0ymdpgKPxKIKJ4XM0tPe5tMW3PU6xiLRbXTTXbRLix6UP3WMt5ePt0MX4JKIKxPKgpdmy0nTHC7CIzJEKjD18dNt7SybRBIzVHaFSKVfZEzepaAplBNKE227cxyXlb0rvuqNrrL
C6NC06p6LJhedbtTvtwT0xJ4989m9ohbmUdhSse63kC8LVRAkHUe76A74aJ3nQ4yGa8yrdWnnzmXO5YXfn4Dl3bI3leI3bBcaA1RR1AacBb3Iel3Ib3lD4nfXY5OXmznnWdry8aGy4Qn3Ja47A67eUHkARVL8Ck36esShdUmbho9m9894Jx0TwtvTtbdehJL6p60CN6C
s9OlKHYiaRmnNOxjqAF0enVfOyEpTvRFTbP8HjgHZrUiAnrPMVKQDBvrYYbnORRdscbZlhCgxwnXd7IqttAwTUinoJz50LAnMAhxxhAMnAL05zJoniUTwAttqI7dXnwxgChlZbcsdRROnbYYrvBDQKVMPrnAiUrZHgjH8PbTFRvTpEyOfVne0FAqjxONnmRaiYHKlO9s
J699kWdHas2sSsgH0tVDMS8xslfts4Z1zZ1dq5lqPhccyiJt1AwisuafaeyRatmyMG35eGMTMOwFxAXRaOZsDYWd4OT4C9UoGrKKKKrGoU9C4TO4dWYDsZOaRXAxFwOMTMGe53GMymtaRyeafausiwA1tJiycchPql5qd1Zz1Z4stflsx8SMDVt0HgsSs2saHdWk996J
x9egVJ6vbOUqjGSB6U7nj0OjP4PAHzx8Y2foEcDFQyUY7I046zjGuWPDS8e1y2Yrw78ZAC8q1uJZ5EVZ57bQuPuiNyCgt2xjZwCzzCwZjx2tgCyNiuPuQb75ZVE5ZJu1q8CAZ87wrY2y1e8SDPWuGjz640I7YUyQFDcEof2Y8xzHAP4PjO0jn7U6BSGjqUObv6JVge9x
5UVf1wZaJjyp58wFfUuQQbgGGe9NL3siqiMK6hlHpdwncmRGAhwri5WNBW3msNuDVBotjy1x2Qf75xe76zOfWGSx4pep4XRRzbFccFbzRRX4pep4xSGWfOz67ex57fQ2x1yjtoBVDuNsm3WBNW5irwhAGRmcnwdpHlh6KMiqis3LN9eGGgbQQuUfFw85pyjJaZw1fVU5
ADxw3pDDZURmFhmZ9alx11Nm0DzlApKaRBwNPzqkOCVUkCoJBYA4tnIoQCyRQCRdEiPtcA5PDteMUSvwlvs8d1nu4fFNGxql8A7aa7A8lqxGNFf4un1d8svlwvSUMetDP5ActPiEdRCQRyCQoInt4AYBJoCkUVCOkqzPNwBRaKpAlzD0mN11xla9ZmhFmRUZDDp3wxDA
2qdpuPEGEZRZLQ4G5rDBWQINBSnbrmBm4E2Qt9wxyiQfXNLU9ovv97eaQqAB4coYgjjyjaqchcgaPQTOaJD9HH8yW9YtAGLGqU8yy8UqGLGAtY9Wy8HH9DJaOTQPagchcqajyjjgYoc4BAqQae79vvo9ULNXfQiyxw9tQ2E4mBmrbnSBNIQWBDr5G4QLZRZEGEPupdq2
p00qAzbrNOqxsq9zoWPNQDnxothCsaWcZQS0KSlyc3ptLpnZF4hv9uMoiTQzuh3OXoIdAT0BqKU1Ycv884T7QbLXU5sIDNw3197227913wNDIs5UXLbQ7T488vcY1UKqB0TAdIoXO3huzQTioMu9vh4FZnpLtp3cylSK0SQZcWasChtoxnDQNPWoz9qsxqONrbzAq00p
y5CCr72sTzrqNpAO1yDxkm2WDWscunUnJXP2wKoJf9YRNzAjRdA1o3SQtEtisHU38fXupg8uEWFsrf0Ci16WxQhkU0RHchebl2V00V2lbehcHR0UkhQxW61iC0frsFWEu8gpuXf83UHsitEtQS3o1AdRjAzNRY9fJoKw2PXJnUnucsWDW2mkxDy1OApNqrzTs27rCC5y
SS5PQvz1Q0bWu3FZDrZ2AEcEyVnIxtrJGNYwCSRsoRJcNO4qAVMa0NDSeq00emfkZ7a4rrP8DyAqG5BhtngnZkA701Y6H5hb2H5MM5H2bh5H6Y107AkZngnthB5GqAyD8Prr4a7Zkfme00qeSDN0aMVAq4ONcJRosRSCwYNGJrtxInVyEcEA2ZrDZF3uWb0Q1zvQP5SS
mK2elMlHnr1zXjTBJr1EJXmHaMCGjo8vz0yeGemSVHLnPaNYrj60BjCAVeh7SgSMAmQgq3yFDERteaMuiKpkuQJJvrIIw2vViF2XX2FiVv2wIIrvJJQukpKiuMaetREDFy3qgQmAMSgS7heVACjB06jrYNaPnLHVSmeGey0zv8ojGCMaHmXJE1rJBTjXz1rnHlMle2Km
u6fXpy3pgrXPaBErlOh2wPRsEiZjesKxpOq8iMNn5f56FCpPqvmhE7yjFRrjE2buKrsS6A91F5Xl8H0o3hvbEnjja1sDVTWbEktBBtkEbWTVDs1ajjnEbvh3o0H8lX5F19A6SsrKub2EjrRFjy7EhmvqPpCF65f5nNMi8qOpxKsejZiEsRPw2hOlrEBaPXrgp3ypXf6u
S5OpuYo2T4X1rz87dI75ZctoyTsdHTMzq0JFuXBIuzDgsBEUkcseDGs30e7Byk1iFeNZ4ocrHEwZG2pP4BTAhg2bkZCcf4KKBxe77exBKK4fcCZkb2ghATB4Pp2GZwEHrco4ZNeFi1kyB7e03sGDesckUEBsgDzuIBXuFJ0qzMTHdsTyotcZ57Id78zr1X4T2oYupO5S
gOokEHQ9wb4Xv592z9fScHX8sc9jg4PLL5VPEhp1hms4jQxcq5UrfNpwPp8vmpBxLwHq6WKfd3BmnYo4vDozq7pbNOwY7WQjNxYKKYxNjQW7YwONbp7qzoDv4oYnmB3dfKW6qHwLxBpmv8pPwpNfrU5qcxQj4smh1phEPV5LLP4gj9cs8XHcSf9z295vX4bw9QHEkoOg
lWTiSdg8sEWuaUjq4JTXFYAlQPgzWJFCaYJS3OrNtIBt6lD1UwszPtfbCkzyTaZuYeGuSXchBDz7O3ydSL5d7CDan5yA3STuV1JiiJ1VuTS3Ay5naDC7d5LSdy3O7zDBhcXSuGeYuZaTyzkCbftPzswU1Dl6tBItNrO3SJYaCFJWzgPQlAYFXTJ4qjUauWEs8gdSiTWl
8eE93IUmagnYcL3Zd6CD56IDlPfFughtjLSETIPSN6mPJHjLglOCiwGtGKz1QaOYlB69josWl6GTgO9lZoNBfuvK8oFOotIyUFX55XFUyItoOFo8KvufBNoZl9OgTG6lWsoj96BlYOaQ1zKGtGwiCOlgLjHJPm6NSPITESLjthguFfPlDI65DC6dZ3LcYngamUI39Ee8
JU7i0SoJsyDaGfe0zOzhtIVHrN2wGzJqNIyI2grn8Unfzras9zZtCpZt5VkePTT62LFwrxepLquFbuyaoStqCMdadmDs9xp2CvrTTrvC2px9sDmdadMCqtSoayubFuqLpexrwFL26TTPekV5tZpCtZz9sarzfnU8nrg2IyINqJzGw2NrHVIthzOz0efGaDysJoS0i7UJ
XbTkUD20RHiGJQgZx7vNp3lIpS8mjgLcham2ChvuO6ZxNbrF9gTNB7WrqU4Z1I1cIG4lNs82qzS6zEDYKwHmT64fRz9MB0OkBLuoouLBkO0BM9zRf46TmHwKYDEz6Szq28sNl4GIc1I1Z4UqrW7BNTg9FrbNxZ6OuvhC2mahcLgjm8SpIl3pNv7xZgQJGiHR02DUkTbX
